/mnt/vault0/rsunketa/vitis-hls-blackbox/c-designs/int8_8x8/run_hls.tcl:36:9: warning: HLS pragma dump _XLX_SEP_ PragmaIsValid=1_XLX_SEP_ PragmaType=top_XLX_SEP_ PragmaContext=directive_XLX_SEP_ PragmaFunction=matrix_multiply_8x8_XLX_SEP_ PragmaOptions=name=matrix_multiply_8x8_XLX_SEP_ [-Wdump-hls-pragmas]
#pragma HLSDIRECTIVE TOP name=matrix_multiply_8x8
        ^
matrix_multiply_8x8.cpp:26:9: warning: HLS pragma dump _XLX_SEP_ PragmaIsValid=1_XLX_SEP_ PragmaType=interface_XLX_SEP_ PragmaContext=_XLX_SEP_ PragmaFunction=matrix_multiply_8x8_XLX_SEP_ PragmaOptions=mode=m_axi port=A offset=slave bundle=gmem_a_XLX_SEP_ [-Wdump-hls-pragmas]
#pragma HLS interface mode=m_axi port=A offset=slave bundle=gmem_a
        ^
matrix_multiply_8x8.cpp:27:9: warning: HLS pragma dump _XLX_SEP_ PragmaIsValid=1_XLX_SEP_ PragmaType=interface_XLX_SEP_ PragmaContext=_XLX_SEP_ PragmaFunction=matrix_multiply_8x8_XLX_SEP_ PragmaOptions=mode=m_axi port=B offset=slave bundle=gmem_b_XLX_SEP_ [-Wdump-hls-pragmas]
#pragma HLS interface mode=m_axi port=B offset=slave bundle=gmem_b
        ^
matrix_multiply_8x8.cpp:28:9: warning: HLS pragma dump _XLX_SEP_ PragmaIsValid=1_XLX_SEP_ PragmaType=interface_XLX_SEP_ PragmaContext=_XLX_SEP_ PragmaFunction=matrix_multiply_8x8_XLX_SEP_ PragmaOptions=mode=m_axi port=C offset=slave bundle=gmem_c_XLX_SEP_ [-Wdump-hls-pragmas]
#pragma HLS interface mode=m_axi port=C offset=slave bundle=gmem_c
        ^
matrix_multiply_8x8.cpp:29:9: warning: HLS pragma dump _XLX_SEP_ PragmaIsValid=1_XLX_SEP_ PragmaType=interface_XLX_SEP_ PragmaContext=_XLX_SEP_ PragmaFunction=matrix_multiply_8x8_XLX_SEP_ PragmaOptions=s_axilite port=return_XLX_SEP_ [-Wdump-hls-pragmas]
#pragma HLS interface s_axilite port=return
        ^
matrix_multiply_8x8.cpp:36:9: warning: HLS pragma dump _XLX_SEP_ PragmaIsValid=1_XLX_SEP_ PragmaType=stream_XLX_SEP_ PragmaContext=_XLX_SEP_ PragmaFunction=matrix_multiply_8x8_XLX_SEP_ PragmaOptions=variable=a_stream depth=2_XLX_SEP_ [-Wdump-hls-pragmas]
#pragma HLS stream variable=a_stream depth=2
        ^
matrix_multiply_8x8.cpp:37:9: warning: HLS pragma dump _XLX_SEP_ PragmaIsValid=1_XLX_SEP_ PragmaType=stream_XLX_SEP_ PragmaContext=_XLX_SEP_ PragmaFunction=matrix_multiply_8x8_XLX_SEP_ PragmaOptions=variable=b_stream depth=2_XLX_SEP_ [-Wdump-hls-pragmas]
#pragma HLS stream variable=b_stream depth=2
        ^
matrix_multiply_8x8.cpp:38:9: warning: HLS pragma dump _XLX_SEP_ PragmaIsValid=1_XLX_SEP_ PragmaType=stream_XLX_SEP_ PragmaContext=_XLX_SEP_ PragmaFunction=matrix_multiply_8x8_XLX_SEP_ PragmaOptions=variable=c_stream depth=2_XLX_SEP_ [-Wdump-hls-pragmas]
#pragma HLS stream variable=c_stream depth=2
        ^
matrix_multiply_8x8.cpp:41:9: warning: HLS pragma dump _XLX_SEP_ PragmaIsValid=1_XLX_SEP_ PragmaType=dataflow_XLX_SEP_ PragmaContext=_XLX_SEP_ PragmaFunction=matrix_multiply_8x8_XLX_SEP_ PragmaOptions=_XLX_SEP_ [-Wdump-hls-pragmas]
#pragma HLS dataflow
        ^
9 warnings generated.
