/mnt/vault0/rsunketa/vitis-hls-blackbox/c-designs/int8_8x8/matrix_multiply_8x8_proj/int8_8x8_solution/.autopilot/db/matrix_multiply_8x8.pp.0.cpp:1325:7: warning: Added loop label VITIS_LOOP_1223_1:   [xilinx-label-all-loops]
      for (i = 0; i < __N - 1; ++i) {
      ^~~
      VITIS_LOOP_1223_1: 
/mnt/vault0/rsunketa/vitis-hls-blackbox/c-designs/int8_8x8/matrix_multiply_8x8_proj/int8_8x8_solution/.autopilot/db/matrix_multiply_8x8.pp.0.cpp:1325:7: note: FIX-IT applied suggested code changes
/mnt/vault0/rsunketa/vitis-hls-blackbox/c-designs/int8_8x8/matrix_multiply_8x8_proj/int8_8x8_solution/.autopilot/db/matrix_multiply_8x8.pp.0.cpp:2299:5: warning: Added loop label VITIS_LOOP_676_1:   [xilinx-label-all-loops]
    for (unsigned i = low; i != high; ++i) {
    ^~~
    VITIS_LOOP_676_1: 
/mnt/vault0/rsunketa/vitis-hls-blackbox/c-designs/int8_8x8/matrix_multiply_8x8_proj/int8_8x8_solution/.autopilot/db/matrix_multiply_8x8.pp.0.cpp:2299:5: note: FIX-IT applied suggested code changes
/mnt/vault0/rsunketa/vitis-hls-blackbox/c-designs/int8_8x8/matrix_multiply_8x8_proj/int8_8x8_solution/.autopilot/db/matrix_multiply_8x8.pp.0.cpp:2313:5: warning: Added loop label VITIS_LOOP_690_1:   [xilinx-label-all-loops]
    for (unsigned i = low; i != high; ++i) {
    ^~~
    VITIS_LOOP_690_1: 
/mnt/vault0/rsunketa/vitis-hls-blackbox/c-designs/int8_8x8/matrix_multiply_8x8_proj/int8_8x8_solution/.autopilot/db/matrix_multiply_8x8.pp.0.cpp:2313:5: note: FIX-IT applied suggested code changes
/mnt/vault0/rsunketa/vitis-hls-blackbox/c-designs/int8_8x8/matrix_multiply_8x8_proj/int8_8x8_solution/.autopilot/db/matrix_multiply_8x8.pp.0.cpp:2327:5: warning: Added loop label VITIS_LOOP_704_1:   [xilinx-label-all-loops]
    for (unsigned i = low; i != high; ++i) {
    ^~~
    VITIS_LOOP_704_1: 
/mnt/vault0/rsunketa/vitis-hls-blackbox/c-designs/int8_8x8/matrix_multiply_8x8_proj/int8_8x8_solution/.autopilot/db/matrix_multiply_8x8.pp.0.cpp:2327:5: note: FIX-IT applied suggested code changes
/mnt/vault0/rsunketa/vitis-hls-blackbox/c-designs/int8_8x8/matrix_multiply_8x8_proj/int8_8x8_solution/.autopilot/db/matrix_multiply_8x8.pp.0.cpp:3956:7: warning: Added loop label VITIS_LOOP_1247_1:   [xilinx-label-all-loops]
      for (i = 0; i < __N - 1; ++i) {
      ^~~
      VITIS_LOOP_1247_1: 
/mnt/vault0/rsunketa/vitis-hls-blackbox/c-designs/int8_8x8/matrix_multiply_8x8_proj/int8_8x8_solution/.autopilot/db/matrix_multiply_8x8.pp.0.cpp:3956:7: note: FIX-IT applied suggested code changes
/mnt/vault0/rsunketa/vitis-hls-blackbox/c-designs/int8_8x8/matrix_multiply_8x8_proj/int8_8x8_solution/.autopilot/db/matrix_multiply_8x8.pp.0.cpp:5919:9: warning: Added loop label VITIS_LOOP_45_1:   [xilinx-label-all-loops]
        for (int i = 0; i < 8; i++) {
        ^~~
        VITIS_LOOP_45_1: 
/mnt/vault0/rsunketa/vitis-hls-blackbox/c-designs/int8_8x8/matrix_multiply_8x8_proj/int8_8x8_solution/.autopilot/db/matrix_multiply_8x8.pp.0.cpp:5919:9: note: FIX-IT applied suggested code changes
/mnt/vault0/rsunketa/vitis-hls-blackbox/c-designs/int8_8x8/matrix_multiply_8x8_proj/int8_8x8_solution/.autopilot/db/matrix_multiply_8x8.pp.0.cpp:5921:13: warning: Added loop label VITIS_LOOP_47_2:   [xilinx-label-all-loops]
            for (int j = 0; j < 8; j++) {
            ^~~
            VITIS_LOOP_47_2: 
/mnt/vault0/rsunketa/vitis-hls-blackbox/c-designs/int8_8x8/matrix_multiply_8x8_proj/int8_8x8_solution/.autopilot/db/matrix_multiply_8x8.pp.0.cpp:5921:13: note: FIX-IT applied suggested code changes
/mnt/vault0/rsunketa/vitis-hls-blackbox/c-designs/int8_8x8/matrix_multiply_8x8_proj/int8_8x8_solution/.autopilot/db/matrix_multiply_8x8.pp.0.cpp:5929:9: warning: Added loop label VITIS_LOOP_55_3:   [xilinx-label-all-loops]
        for (int j = 0; j < 8; j++) {
        ^~~
        VITIS_LOOP_55_3: 
/mnt/vault0/rsunketa/vitis-hls-blackbox/c-designs/int8_8x8/matrix_multiply_8x8_proj/int8_8x8_solution/.autopilot/db/matrix_multiply_8x8.pp.0.cpp:5929:9: note: FIX-IT applied suggested code changes
/mnt/vault0/rsunketa/vitis-hls-blackbox/c-designs/int8_8x8/matrix_multiply_8x8_proj/int8_8x8_solution/.autopilot/db/matrix_multiply_8x8.pp.0.cpp:5931:13: warning: Added loop label VITIS_LOOP_57_4:   [xilinx-label-all-loops]
            for (int i = 0; i < 8; i++) {
            ^~~
            VITIS_LOOP_57_4: 
/mnt/vault0/rsunketa/vitis-hls-blackbox/c-designs/int8_8x8/matrix_multiply_8x8_proj/int8_8x8_solution/.autopilot/db/matrix_multiply_8x8.pp.0.cpp:5931:13: note: FIX-IT applied suggested code changes
/mnt/vault0/rsunketa/vitis-hls-blackbox/c-designs/int8_8x8/matrix_multiply_8x8_proj/int8_8x8_solution/.autopilot/db/matrix_multiply_8x8.pp.0.cpp:5942:9: warning: Added loop label VITIS_LOOP_68_5:   [xilinx-label-all-loops]
        for (int i = 0; i < 8; i++) {
        ^~~
        VITIS_LOOP_68_5: 
/mnt/vault0/rsunketa/vitis-hls-blackbox/c-designs/int8_8x8/matrix_multiply_8x8_proj/int8_8x8_solution/.autopilot/db/matrix_multiply_8x8.pp.0.cpp:5942:9: note: FIX-IT applied suggested code changes
/mnt/vault0/rsunketa/vitis-hls-blackbox/c-designs/int8_8x8/matrix_multiply_8x8_proj/int8_8x8_solution/.autopilot/db/matrix_multiply_8x8.pp.0.cpp:5944:13: warning: Added loop label VITIS_LOOP_70_6:   [xilinx-label-all-loops]
            for (int j = 0; j < 8; j++) {
            ^~~
            VITIS_LOOP_70_6: 
/mnt/vault0/rsunketa/vitis-hls-blackbox/c-designs/int8_8x8/matrix_multiply_8x8_proj/int8_8x8_solution/.autopilot/db/matrix_multiply_8x8.pp.0.cpp:5944:13: note: FIX-IT applied suggested code changes
