INFO: [SIM 2] *************** CSIM start ***************
INFO: [SIM 4] CSIM will launch CLANG as the compiler.
   Compiling ../../../../matrix_multiply_16x16_tb.cpp in debug mode
   Compiling ../../../../../../library/int8_16x16/int8_16x16_wrapper.cpp in debug mode
   Compiling ../../../../matrix_multiply_16x16.cpp in debug mode
   Generating csim.exe
Starting full 16x16 matrix multiplication tests...
Test 1: 16x16 matrix multiplication with all ones result:
Row 0: 0x0010 0x0010 0x0010 0x0010 0x0010 0x0010 0x0010 0x0010 0x0010 0x0010 0x0010 0x0010 0x0010 0x0010 0x0010 0x0010
Row 1: 0x0010 0x0010 0x0010 0x0010 0x0010 0x0010 0x0010 0x0010 0x0010 0x0010 0x0010 0x0010 0x0010 0x0010 0x0010 0x0010
Row 2: 0x0010 0x0010 0x0010 0x0010 0x0010 0x0010 0x0010 0x0010 0x0010 0x0010 0x0010 0x0010 0x0010 0x0010 0x0010 0x0010
Row 3: 0x0010 0x0010 0x0010 0x0010 0x0010 0x0010 0x0010 0x0010 0x0010 0x0010 0x0010 0x0010 0x0010 0x0010 0x0010 0x0010
Row 4: 0x0010 0x0010 0x0010 0x0010 0x0010 0x0010 0x0010 0x0010 0x0010 0x0010 0x0010 0x0010 0x0010 0x0010 0x0010 0x0010
Row 5: 0x0010 0x0010 0x0010 0x0010 0x0010 0x0010 0x0010 0x0010 0x0010 0x0010 0x0010 0x0010 0x0010 0x0010 0x0010 0x0010
Row 6: 0x0010 0x0010 0x0010 0x0010 0x0010 0x0010 0x0010 0x0010 0x0010 0x0010 0x0010 0x0010 0x0010 0x0010 0x0010 0x0010
Row 7: 0x0010 0x0010 0x0010 0x0010 0x0010 0x0010 0x0010 0x0010 0x0010 0x0010 0x0010 0x0010 0x0010 0x0010 0x0010 0x0010
Row 8: 0x0010 0x0010 0x0010 0x0010 0x0010 0x0010 0x0010 0x0010 0x0010 0x0010 0x0010 0x0010 0x0010 0x0010 0x0010 0x0010
Row 9: 0x0010 0x0010 0x0010 0x0010 0x0010 0x0010 0x0010 0x0010 0x0010 0x0010 0x0010 0x0010 0x0010 0x0010 0x0010 0x0010
Row 10: 0x0010 0x0010 0x0010 0x0010 0x0010 0x0010 0x0010 0x0010 0x0010 0x0010 0x0010 0x0010 0x0010 0x0010 0x0010 0x0010
Row 11: 0x0010 0x0010 0x0010 0x0010 0x0010 0x0010 0x0010 0x0010 0x0010 0x0010 0x0010 0x0010 0x0010 0x0010 0x0010 0x0010
Row 12: 0x0010 0x0010 0x0010 0x0010 0x0010 0x0010 0x0010 0x0010 0x0010 0x0010 0x0010 0x0010 0x0010 0x0010 0x0010 0x0010
Row 13: 0x0010 0x0010 0x0010 0x0010 0x0010 0x0010 0x0010 0x0010 0x0010 0x0010 0x0010 0x0010 0x0010 0x0010 0x0010 0x0010
Row 14: 0x0010 0x0010 0x0010 0x0010 0x0010 0x0010 0x0010 0x0010 0x0010 0x0010 0x0010 0x0010 0x0010 0x0010 0x0010 0x0010
Row 15: 0x0010 0x0010 0x0010 0x0010 0x0010 0x0010 0x0010 0x0010 0x0010 0x0010 0x0010 0x0010 0x0010 0x0010 0x0010 0x0010

Test 2: Zero matrix multiplication result:
Row 0: 0x0000 0x0000 0x0000 0x0000 0x0000 0x0000 0x0000 0x0000 0x0000 0x0000 0x0000 0x0000 0x0000 0x0000 0x0000 0x0000
Row 1: 0x0000 0x0000 0x0000 0x0000 0x0000 0x0000 0x0000 0x0000 0x0000 0x0000 0x0000 0x0000 0x0000 0x0000 0x0000 0x0000
Row 2: 0x0000 0x0000 0x0000 0x0000 0x0000 0x0000 0x0000 0x0000 0x0000 0x0000 0x0000 0x0000 0x0000 0x0000 0x0000 0x0000
Row 3: 0x0000 0x0000 0x0000 0x0000 0x0000 0x0000 0x0000 0x0000 0x0000 0x0000 0x0000 0x0000 0x0000 0x0000 0x0000 0x0000
Row 4: 0x0000 0x0000 0x0000 0x0000 0x0000 0x0000 0x0000 0x0000 0x0000 0x0000 0x0000 0x0000 0x0000 0x0000 0x0000 0x0000
Row 5: 0x0000 0x0000 0x0000 0x0000 0x0000 0x0000 0x0000 0x0000 0x0000 0x0000 0x0000 0x0000 0x0000 0x0000 0x0000 0x0000
Row 6: 0x0000 0x0000 0x0000 0x0000 0x0000 0x0000 0x0000 0x0000 0x0000 0x0000 0x0000 0x0000 0x0000 0x0000 0x0000 0x0000
Row 7: 0x0000 0x0000 0x0000 0x0000 0x0000 0x0000 0x0000 0x0000 0x0000 0x0000 0x0000 0x0000 0x0000 0x0000 0x0000 0x0000
Row 8: 0x0000 0x0000 0x0000 0x0000 0x0000 0x0000 0x0000 0x0000 0x0000 0x0000 0x0000 0x0000 0x0000 0x0000 0x0000 0x0000
Row 9: 0x0000 0x0000 0x0000 0x0000 0x0000 0x0000 0x0000 0x0000 0x0000 0x0000 0x0000 0x0000 0x0000 0x0000 0x0000 0x0000
Row 10: 0x0000 0x0000 0x0000 0x0000 0x0000 0x0000 0x0000 0x0000 0x0000 0x0000 0x0000 0x0000 0x0000 0x0000 0x0000 0x0000
Row 11: 0x0000 0x0000 0x0000 0x0000 0x0000 0x0000 0x0000 0x0000 0x0000 0x0000 0x0000 0x0000 0x0000 0x0000 0x0000 0x0000
Row 12: 0x0000 0x0000 0x0000 0x0000 0x0000 0x0000 0x0000 0x0000 0x0000 0x0000 0x0000 0x0000 0x0000 0x0000 0x0000 0x0000
Row 13: 0x0000 0x0000 0x0000 0x0000 0x0000 0x0000 0x0000 0x0000 0x0000 0x0000 0x0000 0x0000 0x0000 0x0000 0x0000 0x0000
Row 14: 0x0000 0x0000 0x0000 0x0000 0x0000 0x0000 0x0000 0x0000 0x0000 0x0000 0x0000 0x0000 0x0000 0x0000 0x0000 0x0000
Row 15: 0x0000 0x0000 0x0000 0x0000 0x0000 0x0000 0x0000 0x0000 0x0000 0x0000 0x0000 0x0000 0x0000 0x0000 0x0000 0x0000

Test passed !
INFO [HLS SIM]: The maximum depth reached by any hls::stream() instance in the design is 16
INFO: [SIM 1] CSim done with 0 errors.
INFO: [SIM 3] *************** CSIM finish ***************
