INFO: [SIM 2] *************** CSIM start ***************
INFO: [SIM 4] CSIM will launch CLANG as the compiler.
   Compiling ../../../../matrix_multiply_8x8_tb.cpp in debug mode
   Compiling ../../../../../../library/int8_8x8/int8_8x8_wrapper.cpp in debug mode
   Compiling ../../../../matrix_multiply_8x8.cpp in debug mode
   Generating csim.exe
Starting full 8x8 matrix multiplication tests...
Test 1: 8x8 matrix multiplication with all ones result:
Row 0: 0x0008 0x0008 0x0008 0x0008 0x0008 0x0008 0x0008 0x0008
Row 1: 0x0008 0x0008 0x0008 0x0008 0x0008 0x0008 0x0008 0x0008
Row 2: 0x0008 0x0008 0x0008 0x0008 0x0008 0x0008 0x0008 0x0008
Row 3: 0x0008 0x0008 0x0008 0x0008 0x0008 0x0008 0x0008 0x0008
Row 4: 0x0008 0x0008 0x0008 0x0008 0x0008 0x0008 0x0008 0x0008
Row 5: 0x0008 0x0008 0x0008 0x0008 0x0008 0x0008 0x0008 0x0008
Row 6: 0x0008 0x0008 0x0008 0x0008 0x0008 0x0008 0x0008 0x0008
Row 7: 0x0008 0x0008 0x0008 0x0008 0x0008 0x0008 0x0008 0x0008

Test 2: Zero matrix multiplication result:
Row 0: 0x0000 0x0000 0x0000 0x0000 0x0000 0x0000 0x0000 0x0000
Row 1: 0x0000 0x0000 0x0000 0x0000 0x0000 0x0000 0x0000 0x0000
Row 2: 0x0000 0x0000 0x0000 0x0000 0x0000 0x0000 0x0000 0x0000
Row 3: 0x0000 0x0000 0x0000 0x0000 0x0000 0x0000 0x0000 0x0000
Row 4: 0x0000 0x0000 0x0000 0x0000 0x0000 0x0000 0x0000 0x0000
Row 5: 0x0000 0x0000 0x0000 0x0000 0x0000 0x0000 0x0000 0x0000
Row 6: 0x0000 0x0000 0x0000 0x0000 0x0000 0x0000 0x0000 0x0000
Row 7: 0x0000 0x0000 0x0000 0x0000 0x0000 0x0000 0x0000 0x0000

Test passed !
INFO [HLS SIM]: The maximum depth reached by any hls::stream() instance in the design is 8
INFO: [SIM 1] CSim done with 0 errors.
INFO: [SIM 3] *************** CSIM finish ***************
