

================================================================
== Vitis HLS Report for 'Loop_VITIS_LOOP_47_1_proc2'
================================================================
* Date:           Wed Jan 28 08:26:31 2026

* Version:        2024.1 (Build 5069499 on May 21 2024)
* Project:        matrix_multiply_32x32_proj
* Solution:       int8_32x32_solution (Vivado IP Flow Target)
* Product family: virtexuplus
* Target device:  xcvu9p-flga2104-2-i


================================================================
== Performance Estimates
================================================================
+ Timing: 
    * Summary: 
    +--------+---------+----------+------------+
    |  Clock |  Target | Estimated| Uncertainty|
    +--------+---------+----------+------------+
    |ap_clk  |  5.00 ns|  3.650 ns|     1.35 ns|
    +--------+---------+----------+------------+

+ Latency: 
    * Summary: 
    +---------+---------+----------+----------+------+------+-----------------------------------------------+
    |  Latency (cycles) |  Latency (absolute) |   Interval  |                    Pipeline                   |
    |   min   |   max   |    min   |    max   |  min |  max |                      Type                     |
    +---------+---------+----------+----------+------+------+-----------------------------------------------+
    |     1035|     1035|  5.175 us|  5.175 us|  1024|  1024|  loop auto-rewind stp(delay=0 clock cycles(s))|
    +---------+---------+----------+----------+------+------+-----------------------------------------------+

    + Detail: 
        * Instance: 
        N/A

        * Loop: 
        +-------------------+---------+---------+----------+-----------+-----------+------+----------+
        |                   |  Latency (cycles) | Iteration|  Initiation Interval  | Trip |          |
        |     Loop Name     |   min   |   max   |  Latency |  achieved |   target  | Count| Pipelined|
        +-------------------+---------+---------+----------+-----------+-----------+------+----------+
        |- VITIS_LOOP_47_1  |     1033|     1033|        42|         32|          1|    32|       yes|
        +-------------------+---------+---------+----------+-----------+-----------+------+----------+

============================================================
+ Verbose Summary: Synthesis Manager
============================================================
InlineROM: 1
ExposeGlobal: 0
============================================================
+ Verbose Summary: CDFG Model
============================================================
IsTopModel: 0
ResetActiveHigh: 1
IsCombinational: 2
IsDatapathOnly: 0
HasWiredReturn: 1
HasMFsm: 2
HasVarLatency: 1
IsPipeline: 0
IsRtlPipelined: 0
IsInstanceOverlapped: 0
IsDontTouch: 0
HasImplIP: 0
IsGatedGlobalClock: 0

+ Individual pipeline summary: 
  * Pipeline-0: initiation interval (II) = 32, depth = 42


============================================================
+ Verbose Summary: Schedule
============================================================
* Number of FSM states : 42
* Pipeline : 1
  Pipeline-0 : II = 32, D = 42, States = { 1 2 3 4 5 6 7 8 9 10 11 12 13 14 15 16 17 18 19 20 21 22 23 24 25 26 27 28 29 30 31 32 33 34 35 36 37 38 39 40 41 42 }
* Dataflow Pipeline: 0

* FSM state transitions: 
1 --> 2 
2 --> 3 
3 --> 4 
4 --> 5 
5 --> 6 
6 --> 7 
7 --> 8 
8 --> 9 
9 --> 10 
10 --> 11 
11 --> 12 
12 --> 13 
13 --> 14 
14 --> 15 
15 --> 16 
16 --> 17 
17 --> 18 
18 --> 19 
19 --> 20 
20 --> 21 
21 --> 22 
22 --> 23 
23 --> 24 
24 --> 25 
25 --> 26 
26 --> 27 
27 --> 28 
28 --> 29 
29 --> 30 
30 --> 31 
31 --> 32 
32 --> 33 
33 --> 34 
34 --> 35 
35 --> 36 
36 --> 37 
37 --> 38 
38 --> 39 
39 --> 40 
40 --> 41 
41 --> 42 
42 --> 

* FSM state operations: 

State 1 <SV = 0> <Delay = 0.38>
ST_1 : Operation 45 [1/1] (0.00ns)   --->   "%i1 = alloca i32 1"   --->   Operation 45 'alloca' 'i1' <Predicate = true> <Delay = 0.00>
ST_1 : Operation 46 [1/1] (0.00ns)   --->   "%specinterface_ln0 = specinterface void @_ssdm_op_SpecInterface, i256 %a_stream, void @empty_9, i32 0, i32 0, void @empty_12, i32 0, i32 0, void @empty_12, void @empty_12, void @empty_12, i32 0, i32 0, i32 0, i32 0, void @empty_12, void @empty_12, i32 4294967295, i32 0, i32 0"   --->   Operation 46 'specinterface' 'specinterface_ln0' <Predicate = true> <Delay = 0.00>
ST_1 : Operation 47 [1/1] (0.00ns)   --->   "%specinterface_ln0 = specinterface void @_ssdm_op_SpecInterface, i8 %gmem_a, void @empty_14, i32 0, i32 0, void @empty_12, i32 0, i32 0, void @empty_1, void @empty_15, void @empty_12, i32 16, i32 16, i32 16, i32 16, void @empty_12, void @empty_12, i32 4294967295, i32 0, i32 0"   --->   Operation 47 'specinterface' 'specinterface_ln0' <Predicate = true> <Delay = 0.00>
ST_1 : Operation 48 [1/1] (0.00ns)   --->   "%A_read = read i64 @_ssdm_op_Read.ap_auto.i64, i64 %A" [matrix_multiply_32x32.cpp:34]   --->   Operation 48 'read' 'A_read' <Predicate = true> <Delay = 0.00>
ST_1 : Operation 49 [1/1] (0.38ns)   --->   "%store_ln0 = store i5 0, i5 %i1"   --->   Operation 49 'store' 'store_ln0' <Predicate = true> <Delay = 0.38>
ST_1 : Operation 50 [1/1] (0.38ns)   --->   "%br_ln47 = br void %new.header" [matrix_multiply_32x32.cpp:47]   --->   Operation 50 'br' 'br_ln47' <Predicate = true> <Delay = 0.38>
ST_1 : Operation 51 [1/1] (0.00ns)   --->   "%first_iter_0 = phi i1 1, void %newFuncRoot, i1 0, void %for.inc"   --->   Operation 51 'phi' 'first_iter_0' <Predicate = true> <Delay = 0.00>
ST_1 : Operation 52 [1/1] (0.00ns)   --->   "%gmem_a_addr = getelementptr i8 %gmem_a, i64 %A_read" [matrix_multiply_32x32.cpp:47]   --->   Operation 52 'getelementptr' 'gmem_a_addr' <Predicate = true> <Delay = 0.00>
ST_1 : Operation 53 [1/1] (0.00ns)   --->   "%br_ln47 = br i1 %first_iter_0, void %for.inc, void %for.first.iter.for.inc" [matrix_multiply_32x32.cpp:47]   --->   Operation 53 'br' 'br_ln47' <Predicate = true> <Delay = 0.00>

State 2 <SV = 1> <Delay = 3.65>
ST_2 : Operation 54 [8/8] (3.65ns)   --->   "%empty = readreq i1 @_ssdm_op_ReadReq.m_axi.p1i8, i8 %gmem_a_addr, i64 1024" [matrix_multiply_32x32.cpp:47]   --->   Operation 54 'readreq' 'empty' <Predicate = (first_iter_0)> <Delay = 3.65> <CoreInst = "m_axi">   --->   Core 119 'm_axi' <Latency = 0> <II = 1> <Delay = 1.00> <Adapter> <Opcode : 'read' 'write' 'readreq' 'writereq' 'writeresp'>

State 3 <SV = 2> <Delay = 3.65>
ST_3 : Operation 55 [7/8] (3.65ns)   --->   "%empty = readreq i1 @_ssdm_op_ReadReq.m_axi.p1i8, i8 %gmem_a_addr, i64 1024" [matrix_multiply_32x32.cpp:47]   --->   Operation 55 'readreq' 'empty' <Predicate = (first_iter_0)> <Delay = 3.65> <CoreInst = "m_axi">   --->   Core 119 'm_axi' <Latency = 0> <II = 1> <Delay = 1.00> <Adapter> <Opcode : 'read' 'write' 'readreq' 'writereq' 'writeresp'>

State 4 <SV = 3> <Delay = 3.65>
ST_4 : Operation 56 [6/8] (3.65ns)   --->   "%empty = readreq i1 @_ssdm_op_ReadReq.m_axi.p1i8, i8 %gmem_a_addr, i64 1024" [matrix_multiply_32x32.cpp:47]   --->   Operation 56 'readreq' 'empty' <Predicate = (first_iter_0)> <Delay = 3.65> <CoreInst = "m_axi">   --->   Core 119 'm_axi' <Latency = 0> <II = 1> <Delay = 1.00> <Adapter> <Opcode : 'read' 'write' 'readreq' 'writereq' 'writeresp'>

State 5 <SV = 4> <Delay = 3.65>
ST_5 : Operation 57 [5/8] (3.65ns)   --->   "%empty = readreq i1 @_ssdm_op_ReadReq.m_axi.p1i8, i8 %gmem_a_addr, i64 1024" [matrix_multiply_32x32.cpp:47]   --->   Operation 57 'readreq' 'empty' <Predicate = (first_iter_0)> <Delay = 3.65> <CoreInst = "m_axi">   --->   Core 119 'm_axi' <Latency = 0> <II = 1> <Delay = 1.00> <Adapter> <Opcode : 'read' 'write' 'readreq' 'writereq' 'writeresp'>

State 6 <SV = 5> <Delay = 3.65>
ST_6 : Operation 58 [4/8] (3.65ns)   --->   "%empty = readreq i1 @_ssdm_op_ReadReq.m_axi.p1i8, i8 %gmem_a_addr, i64 1024" [matrix_multiply_32x32.cpp:47]   --->   Operation 58 'readreq' 'empty' <Predicate = (first_iter_0)> <Delay = 3.65> <CoreInst = "m_axi">   --->   Core 119 'm_axi' <Latency = 0> <II = 1> <Delay = 1.00> <Adapter> <Opcode : 'read' 'write' 'readreq' 'writereq' 'writeresp'>

State 7 <SV = 6> <Delay = 3.65>
ST_7 : Operation 59 [3/8] (3.65ns)   --->   "%empty = readreq i1 @_ssdm_op_ReadReq.m_axi.p1i8, i8 %gmem_a_addr, i64 1024" [matrix_multiply_32x32.cpp:47]   --->   Operation 59 'readreq' 'empty' <Predicate = (first_iter_0)> <Delay = 3.65> <CoreInst = "m_axi">   --->   Core 119 'm_axi' <Latency = 0> <II = 1> <Delay = 1.00> <Adapter> <Opcode : 'read' 'write' 'readreq' 'writereq' 'writeresp'>

State 8 <SV = 7> <Delay = 3.65>
ST_8 : Operation 60 [2/8] (3.65ns)   --->   "%empty = readreq i1 @_ssdm_op_ReadReq.m_axi.p1i8, i8 %gmem_a_addr, i64 1024" [matrix_multiply_32x32.cpp:47]   --->   Operation 60 'readreq' 'empty' <Predicate = (first_iter_0)> <Delay = 3.65> <CoreInst = "m_axi">   --->   Core 119 'm_axi' <Latency = 0> <II = 1> <Delay = 1.00> <Adapter> <Opcode : 'read' 'write' 'readreq' 'writereq' 'writeresp'>

State 9 <SV = 8> <Delay = 3.65>
ST_9 : Operation 61 [1/8] (3.65ns)   --->   "%empty = readreq i1 @_ssdm_op_ReadReq.m_axi.p1i8, i8 %gmem_a_addr, i64 1024" [matrix_multiply_32x32.cpp:47]   --->   Operation 61 'readreq' 'empty' <Predicate = (first_iter_0)> <Delay = 3.65> <CoreInst = "m_axi">   --->   Core 119 'm_axi' <Latency = 0> <II = 1> <Delay = 1.00> <Adapter> <Opcode : 'read' 'write' 'readreq' 'writereq' 'writeresp'>
ST_9 : Operation 62 [1/1] (0.00ns)   --->   "%br_ln47 = br void %for.inc" [matrix_multiply_32x32.cpp:47]   --->   Operation 62 'br' 'br_ln47' <Predicate = (first_iter_0)> <Delay = 0.00>

State 10 <SV = 9> <Delay = 3.65>
ST_10 : Operation 63 [1/1] (3.65ns)   --->   "%gmem_a_addr_read = read i8 @_ssdm_op_Read.m_axi.p1i8, i8 %gmem_a_addr" [matrix_multiply_32x32.cpp:50]   --->   Operation 63 'read' 'gmem_a_addr_read' <Predicate = true> <Delay = 3.65> <CoreInst = "m_axi">   --->   Core 119 'm_axi' <Latency = 0> <II = 1> <Delay = 1.00> <Adapter> <Opcode : 'read' 'write' 'readreq' 'writereq' 'writeresp'>

State 11 <SV = 10> <Delay = 3.65>
ST_11 : Operation 64 [1/1] (3.65ns)   --->   "%gmem_a_addr_read_1 = read i8 @_ssdm_op_Read.m_axi.p1i8, i8 %gmem_a_addr" [matrix_multiply_32x32.cpp:50]   --->   Operation 64 'read' 'gmem_a_addr_read_1' <Predicate = true> <Delay = 3.65> <CoreInst = "m_axi">   --->   Core 119 'm_axi' <Latency = 0> <II = 1> <Delay = 1.00> <Adapter> <Opcode : 'read' 'write' 'readreq' 'writereq' 'writeresp'>

State 12 <SV = 11> <Delay = 3.65>
ST_12 : Operation 65 [1/1] (3.65ns)   --->   "%gmem_a_addr_read_2 = read i8 @_ssdm_op_Read.m_axi.p1i8, i8 %gmem_a_addr" [matrix_multiply_32x32.cpp:50]   --->   Operation 65 'read' 'gmem_a_addr_read_2' <Predicate = true> <Delay = 3.65> <CoreInst = "m_axi">   --->   Core 119 'm_axi' <Latency = 0> <II = 1> <Delay = 1.00> <Adapter> <Opcode : 'read' 'write' 'readreq' 'writereq' 'writeresp'>

State 13 <SV = 12> <Delay = 3.65>
ST_13 : Operation 66 [1/1] (3.65ns)   --->   "%gmem_a_addr_read_3 = read i8 @_ssdm_op_Read.m_axi.p1i8, i8 %gmem_a_addr" [matrix_multiply_32x32.cpp:50]   --->   Operation 66 'read' 'gmem_a_addr_read_3' <Predicate = true> <Delay = 3.65> <CoreInst = "m_axi">   --->   Core 119 'm_axi' <Latency = 0> <II = 1> <Delay = 1.00> <Adapter> <Opcode : 'read' 'write' 'readreq' 'writereq' 'writeresp'>

State 14 <SV = 13> <Delay = 3.65>
ST_14 : Operation 67 [1/1] (3.65ns)   --->   "%gmem_a_addr_read_4 = read i8 @_ssdm_op_Read.m_axi.p1i8, i8 %gmem_a_addr" [matrix_multiply_32x32.cpp:50]   --->   Operation 67 'read' 'gmem_a_addr_read_4' <Predicate = true> <Delay = 3.65> <CoreInst = "m_axi">   --->   Core 119 'm_axi' <Latency = 0> <II = 1> <Delay = 1.00> <Adapter> <Opcode : 'read' 'write' 'readreq' 'writereq' 'writeresp'>

State 15 <SV = 14> <Delay = 3.65>
ST_15 : Operation 68 [1/1] (3.65ns)   --->   "%gmem_a_addr_read_5 = read i8 @_ssdm_op_Read.m_axi.p1i8, i8 %gmem_a_addr" [matrix_multiply_32x32.cpp:50]   --->   Operation 68 'read' 'gmem_a_addr_read_5' <Predicate = true> <Delay = 3.65> <CoreInst = "m_axi">   --->   Core 119 'm_axi' <Latency = 0> <II = 1> <Delay = 1.00> <Adapter> <Opcode : 'read' 'write' 'readreq' 'writereq' 'writeresp'>

State 16 <SV = 15> <Delay = 3.65>
ST_16 : Operation 69 [1/1] (3.65ns)   --->   "%gmem_a_addr_read_6 = read i8 @_ssdm_op_Read.m_axi.p1i8, i8 %gmem_a_addr" [matrix_multiply_32x32.cpp:50]   --->   Operation 69 'read' 'gmem_a_addr_read_6' <Predicate = true> <Delay = 3.65> <CoreInst = "m_axi">   --->   Core 119 'm_axi' <Latency = 0> <II = 1> <Delay = 1.00> <Adapter> <Opcode : 'read' 'write' 'readreq' 'writereq' 'writeresp'>

State 17 <SV = 16> <Delay = 3.65>
ST_17 : Operation 70 [1/1] (3.65ns)   --->   "%gmem_a_addr_read_7 = read i8 @_ssdm_op_Read.m_axi.p1i8, i8 %gmem_a_addr" [matrix_multiply_32x32.cpp:50]   --->   Operation 70 'read' 'gmem_a_addr_read_7' <Predicate = true> <Delay = 3.65> <CoreInst = "m_axi">   --->   Core 119 'm_axi' <Latency = 0> <II = 1> <Delay = 1.00> <Adapter> <Opcode : 'read' 'write' 'readreq' 'writereq' 'writeresp'>

State 18 <SV = 17> <Delay = 3.65>
ST_18 : Operation 71 [1/1] (3.65ns)   --->   "%gmem_a_addr_read_8 = read i8 @_ssdm_op_Read.m_axi.p1i8, i8 %gmem_a_addr" [matrix_multiply_32x32.cpp:50]   --->   Operation 71 'read' 'gmem_a_addr_read_8' <Predicate = true> <Delay = 3.65> <CoreInst = "m_axi">   --->   Core 119 'm_axi' <Latency = 0> <II = 1> <Delay = 1.00> <Adapter> <Opcode : 'read' 'write' 'readreq' 'writereq' 'writeresp'>

State 19 <SV = 18> <Delay = 3.65>
ST_19 : Operation 72 [1/1] (3.65ns)   --->   "%gmem_a_addr_read_9 = read i8 @_ssdm_op_Read.m_axi.p1i8, i8 %gmem_a_addr" [matrix_multiply_32x32.cpp:50]   --->   Operation 72 'read' 'gmem_a_addr_read_9' <Predicate = true> <Delay = 3.65> <CoreInst = "m_axi">   --->   Core 119 'm_axi' <Latency = 0> <II = 1> <Delay = 1.00> <Adapter> <Opcode : 'read' 'write' 'readreq' 'writereq' 'writeresp'>

State 20 <SV = 19> <Delay = 3.65>
ST_20 : Operation 73 [1/1] (3.65ns)   --->   "%gmem_a_addr_read_10 = read i8 @_ssdm_op_Read.m_axi.p1i8, i8 %gmem_a_addr" [matrix_multiply_32x32.cpp:50]   --->   Operation 73 'read' 'gmem_a_addr_read_10' <Predicate = true> <Delay = 3.65> <CoreInst = "m_axi">   --->   Core 119 'm_axi' <Latency = 0> <II = 1> <Delay = 1.00> <Adapter> <Opcode : 'read' 'write' 'readreq' 'writereq' 'writeresp'>

State 21 <SV = 20> <Delay = 3.65>
ST_21 : Operation 74 [1/1] (3.65ns)   --->   "%gmem_a_addr_read_11 = read i8 @_ssdm_op_Read.m_axi.p1i8, i8 %gmem_a_addr" [matrix_multiply_32x32.cpp:50]   --->   Operation 74 'read' 'gmem_a_addr_read_11' <Predicate = true> <Delay = 3.65> <CoreInst = "m_axi">   --->   Core 119 'm_axi' <Latency = 0> <II = 1> <Delay = 1.00> <Adapter> <Opcode : 'read' 'write' 'readreq' 'writereq' 'writeresp'>

State 22 <SV = 21> <Delay = 3.65>
ST_22 : Operation 75 [1/1] (3.65ns)   --->   "%gmem_a_addr_read_12 = read i8 @_ssdm_op_Read.m_axi.p1i8, i8 %gmem_a_addr" [matrix_multiply_32x32.cpp:50]   --->   Operation 75 'read' 'gmem_a_addr_read_12' <Predicate = true> <Delay = 3.65> <CoreInst = "m_axi">   --->   Core 119 'm_axi' <Latency = 0> <II = 1> <Delay = 1.00> <Adapter> <Opcode : 'read' 'write' 'readreq' 'writereq' 'writeresp'>

State 23 <SV = 22> <Delay = 3.65>
ST_23 : Operation 76 [1/1] (3.65ns)   --->   "%gmem_a_addr_read_13 = read i8 @_ssdm_op_Read.m_axi.p1i8, i8 %gmem_a_addr" [matrix_multiply_32x32.cpp:50]   --->   Operation 76 'read' 'gmem_a_addr_read_13' <Predicate = true> <Delay = 3.65> <CoreInst = "m_axi">   --->   Core 119 'm_axi' <Latency = 0> <II = 1> <Delay = 1.00> <Adapter> <Opcode : 'read' 'write' 'readreq' 'writereq' 'writeresp'>

State 24 <SV = 23> <Delay = 3.65>
ST_24 : Operation 77 [1/1] (3.65ns)   --->   "%gmem_a_addr_read_14 = read i8 @_ssdm_op_Read.m_axi.p1i8, i8 %gmem_a_addr" [matrix_multiply_32x32.cpp:50]   --->   Operation 77 'read' 'gmem_a_addr_read_14' <Predicate = true> <Delay = 3.65> <CoreInst = "m_axi">   --->   Core 119 'm_axi' <Latency = 0> <II = 1> <Delay = 1.00> <Adapter> <Opcode : 'read' 'write' 'readreq' 'writereq' 'writeresp'>

State 25 <SV = 24> <Delay = 3.65>
ST_25 : Operation 78 [1/1] (3.65ns)   --->   "%gmem_a_addr_read_15 = read i8 @_ssdm_op_Read.m_axi.p1i8, i8 %gmem_a_addr" [matrix_multiply_32x32.cpp:50]   --->   Operation 78 'read' 'gmem_a_addr_read_15' <Predicate = true> <Delay = 3.65> <CoreInst = "m_axi">   --->   Core 119 'm_axi' <Latency = 0> <II = 1> <Delay = 1.00> <Adapter> <Opcode : 'read' 'write' 'readreq' 'writereq' 'writeresp'>

State 26 <SV = 25> <Delay = 3.65>
ST_26 : Operation 79 [1/1] (3.65ns)   --->   "%gmem_a_addr_read_16 = read i8 @_ssdm_op_Read.m_axi.p1i8, i8 %gmem_a_addr" [matrix_multiply_32x32.cpp:50]   --->   Operation 79 'read' 'gmem_a_addr_read_16' <Predicate = true> <Delay = 3.65> <CoreInst = "m_axi">   --->   Core 119 'm_axi' <Latency = 0> <II = 1> <Delay = 1.00> <Adapter> <Opcode : 'read' 'write' 'readreq' 'writereq' 'writeresp'>

State 27 <SV = 26> <Delay = 3.65>
ST_27 : Operation 80 [1/1] (3.65ns)   --->   "%gmem_a_addr_read_17 = read i8 @_ssdm_op_Read.m_axi.p1i8, i8 %gmem_a_addr" [matrix_multiply_32x32.cpp:50]   --->   Operation 80 'read' 'gmem_a_addr_read_17' <Predicate = true> <Delay = 3.65> <CoreInst = "m_axi">   --->   Core 119 'm_axi' <Latency = 0> <II = 1> <Delay = 1.00> <Adapter> <Opcode : 'read' 'write' 'readreq' 'writereq' 'writeresp'>

State 28 <SV = 27> <Delay = 3.65>
ST_28 : Operation 81 [1/1] (3.65ns)   --->   "%gmem_a_addr_read_18 = read i8 @_ssdm_op_Read.m_axi.p1i8, i8 %gmem_a_addr" [matrix_multiply_32x32.cpp:50]   --->   Operation 81 'read' 'gmem_a_addr_read_18' <Predicate = true> <Delay = 3.65> <CoreInst = "m_axi">   --->   Core 119 'm_axi' <Latency = 0> <II = 1> <Delay = 1.00> <Adapter> <Opcode : 'read' 'write' 'readreq' 'writereq' 'writeresp'>

State 29 <SV = 28> <Delay = 3.65>
ST_29 : Operation 82 [1/1] (3.65ns)   --->   "%gmem_a_addr_read_19 = read i8 @_ssdm_op_Read.m_axi.p1i8, i8 %gmem_a_addr" [matrix_multiply_32x32.cpp:50]   --->   Operation 82 'read' 'gmem_a_addr_read_19' <Predicate = true> <Delay = 3.65> <CoreInst = "m_axi">   --->   Core 119 'm_axi' <Latency = 0> <II = 1> <Delay = 1.00> <Adapter> <Opcode : 'read' 'write' 'readreq' 'writereq' 'writeresp'>

State 30 <SV = 29> <Delay = 3.65>
ST_30 : Operation 83 [1/1] (3.65ns)   --->   "%gmem_a_addr_read_20 = read i8 @_ssdm_op_Read.m_axi.p1i8, i8 %gmem_a_addr" [matrix_multiply_32x32.cpp:50]   --->   Operation 83 'read' 'gmem_a_addr_read_20' <Predicate = true> <Delay = 3.65> <CoreInst = "m_axi">   --->   Core 119 'm_axi' <Latency = 0> <II = 1> <Delay = 1.00> <Adapter> <Opcode : 'read' 'write' 'readreq' 'writereq' 'writeresp'>

State 31 <SV = 30> <Delay = 3.65>
ST_31 : Operation 84 [1/1] (3.65ns)   --->   "%gmem_a_addr_read_21 = read i8 @_ssdm_op_Read.m_axi.p1i8, i8 %gmem_a_addr" [matrix_multiply_32x32.cpp:50]   --->   Operation 84 'read' 'gmem_a_addr_read_21' <Predicate = true> <Delay = 3.65> <CoreInst = "m_axi">   --->   Core 119 'm_axi' <Latency = 0> <II = 1> <Delay = 1.00> <Adapter> <Opcode : 'read' 'write' 'readreq' 'writereq' 'writeresp'>

State 32 <SV = 31> <Delay = 3.65>
ST_32 : Operation 85 [1/1] (0.00ns)   --->   "%i1_load = load i5 %i1" [matrix_multiply_32x32.cpp:47]   --->   Operation 85 'load' 'i1_load' <Predicate = true> <Delay = 0.00>
ST_32 : Operation 86 [1/1] (3.65ns)   --->   "%gmem_a_addr_read_22 = read i8 @_ssdm_op_Read.m_axi.p1i8, i8 %gmem_a_addr" [matrix_multiply_32x32.cpp:50]   --->   Operation 86 'read' 'gmem_a_addr_read_22' <Predicate = true> <Delay = 3.65> <CoreInst = "m_axi">   --->   Core 119 'm_axi' <Latency = 0> <II = 1> <Delay = 1.00> <Adapter> <Opcode : 'read' 'write' 'readreq' 'writereq' 'writeresp'>
ST_32 : Operation 87 [1/1] (0.70ns)   --->   "%i = add i5 %i1_load, i5 1" [matrix_multiply_32x32.cpp:47]   --->   Operation 87 'add' 'i' <Predicate = true> <Delay = 0.70> <CoreInst = "Adder">   --->   Core 1 'Adder' <Latency = 0> <II = 1> <Delay = 0.70> <FuncUnit> <Opcode : 'add' 'sub'> <InPorts = 2> <OutPorts = 1>
ST_32 : Operation 88 [1/1] (0.70ns)   --->   "%icmp_ln47 = icmp_eq  i5 %i1_load, i5 31" [matrix_multiply_32x32.cpp:47]   --->   Operation 88 'icmp' 'icmp_ln47' <Predicate = true> <Delay = 0.70> <CoreInst = "Cmp">   --->   Core 9 'Cmp' <Latency = 0> <II = 1> <Delay = 0.70> <FuncUnit> <Opcode : 'seteq' 'setne' 'setle' 'setge' 'setlt' 'setgt'> <InPorts = 2> <OutPorts = 1>
ST_32 : Operation 89 [1/1] (0.38ns)   --->   "%store_ln47 = store i5 %i, i5 %i1" [matrix_multiply_32x32.cpp:47]   --->   Operation 89 'store' 'store_ln47' <Predicate = true> <Delay = 0.38>
ST_32 : Operation 90 [1/1] (0.00ns)   --->   "%br_ln47 = br i1 %icmp_ln47, void %new.header, void %VITIS_LOOP_57_3.exitStub" [matrix_multiply_32x32.cpp:47]   --->   Operation 90 'br' 'br_ln47' <Predicate = true> <Delay = 0.00>

State 33 <SV = 32> <Delay = 3.65>
ST_33 : Operation 91 [1/1] (3.65ns)   --->   "%gmem_a_addr_read_23 = read i8 @_ssdm_op_Read.m_axi.p1i8, i8 %gmem_a_addr" [matrix_multiply_32x32.cpp:50]   --->   Operation 91 'read' 'gmem_a_addr_read_23' <Predicate = true> <Delay = 3.65> <CoreInst = "m_axi">   --->   Core 119 'm_axi' <Latency = 0> <II = 1> <Delay = 1.00> <Adapter> <Opcode : 'read' 'write' 'readreq' 'writereq' 'writeresp'>

State 34 <SV = 33> <Delay = 3.65>
ST_34 : Operation 92 [1/1] (3.65ns)   --->   "%gmem_a_addr_read_24 = read i8 @_ssdm_op_Read.m_axi.p1i8, i8 %gmem_a_addr" [matrix_multiply_32x32.cpp:50]   --->   Operation 92 'read' 'gmem_a_addr_read_24' <Predicate = true> <Delay = 3.65> <CoreInst = "m_axi">   --->   Core 119 'm_axi' <Latency = 0> <II = 1> <Delay = 1.00> <Adapter> <Opcode : 'read' 'write' 'readreq' 'writereq' 'writeresp'>

State 35 <SV = 34> <Delay = 3.65>
ST_35 : Operation 93 [1/1] (3.65ns)   --->   "%gmem_a_addr_read_25 = read i8 @_ssdm_op_Read.m_axi.p1i8, i8 %gmem_a_addr" [matrix_multiply_32x32.cpp:50]   --->   Operation 93 'read' 'gmem_a_addr_read_25' <Predicate = true> <Delay = 3.65> <CoreInst = "m_axi">   --->   Core 119 'm_axi' <Latency = 0> <II = 1> <Delay = 1.00> <Adapter> <Opcode : 'read' 'write' 'readreq' 'writereq' 'writeresp'>

State 36 <SV = 35> <Delay = 3.65>
ST_36 : Operation 94 [1/1] (3.65ns)   --->   "%gmem_a_addr_read_26 = read i8 @_ssdm_op_Read.m_axi.p1i8, i8 %gmem_a_addr" [matrix_multiply_32x32.cpp:50]   --->   Operation 94 'read' 'gmem_a_addr_read_26' <Predicate = true> <Delay = 3.65> <CoreInst = "m_axi">   --->   Core 119 'm_axi' <Latency = 0> <II = 1> <Delay = 1.00> <Adapter> <Opcode : 'read' 'write' 'readreq' 'writereq' 'writeresp'>

State 37 <SV = 36> <Delay = 3.65>
ST_37 : Operation 95 [1/1] (3.65ns)   --->   "%gmem_a_addr_read_27 = read i8 @_ssdm_op_Read.m_axi.p1i8, i8 %gmem_a_addr" [matrix_multiply_32x32.cpp:50]   --->   Operation 95 'read' 'gmem_a_addr_read_27' <Predicate = true> <Delay = 3.65> <CoreInst = "m_axi">   --->   Core 119 'm_axi' <Latency = 0> <II = 1> <Delay = 1.00> <Adapter> <Opcode : 'read' 'write' 'readreq' 'writereq' 'writeresp'>

State 38 <SV = 37> <Delay = 3.65>
ST_38 : Operation 96 [1/1] (3.65ns)   --->   "%gmem_a_addr_read_28 = read i8 @_ssdm_op_Read.m_axi.p1i8, i8 %gmem_a_addr" [matrix_multiply_32x32.cpp:50]   --->   Operation 96 'read' 'gmem_a_addr_read_28' <Predicate = true> <Delay = 3.65> <CoreInst = "m_axi">   --->   Core 119 'm_axi' <Latency = 0> <II = 1> <Delay = 1.00> <Adapter> <Opcode : 'read' 'write' 'readreq' 'writereq' 'writeresp'>

State 39 <SV = 38> <Delay = 3.65>
ST_39 : Operation 97 [1/1] (3.65ns)   --->   "%gmem_a_addr_read_29 = read i8 @_ssdm_op_Read.m_axi.p1i8, i8 %gmem_a_addr" [matrix_multiply_32x32.cpp:50]   --->   Operation 97 'read' 'gmem_a_addr_read_29' <Predicate = true> <Delay = 3.65> <CoreInst = "m_axi">   --->   Core 119 'm_axi' <Latency = 0> <II = 1> <Delay = 1.00> <Adapter> <Opcode : 'read' 'write' 'readreq' 'writereq' 'writeresp'>

State 40 <SV = 39> <Delay = 3.65>
ST_40 : Operation 98 [1/1] (3.65ns)   --->   "%gmem_a_addr_read_30 = read i8 @_ssdm_op_Read.m_axi.p1i8, i8 %gmem_a_addr" [matrix_multiply_32x32.cpp:50]   --->   Operation 98 'read' 'gmem_a_addr_read_30' <Predicate = true> <Delay = 3.65> <CoreInst = "m_axi">   --->   Core 119 'm_axi' <Latency = 0> <II = 1> <Delay = 1.00> <Adapter> <Opcode : 'read' 'write' 'readreq' 'writereq' 'writeresp'>

State 41 <SV = 40> <Delay = 3.65>
ST_41 : Operation 99 [1/1] (3.65ns)   --->   "%gmem_a_addr_read_31 = read i8 @_ssdm_op_Read.m_axi.p1i8, i8 %gmem_a_addr" [matrix_multiply_32x32.cpp:50]   --->   Operation 99 'read' 'gmem_a_addr_read_31' <Predicate = true> <Delay = 3.65> <CoreInst = "m_axi">   --->   Core 119 'm_axi' <Latency = 0> <II = 1> <Delay = 1.00> <Adapter> <Opcode : 'read' 'write' 'readreq' 'writereq' 'writeresp'>

State 42 <SV = 41> <Delay = 1.42>
ST_42 : Operation 100 [1/1] (0.00ns)   --->   "%specpipeline_ln50 = specpipeline void @_ssdm_op_SpecPipeline, i32 4294967295, i32 0, i32 0, i32 0, void @empty_12" [matrix_multiply_32x32.cpp:50]   --->   Operation 100 'specpipeline' 'specpipeline_ln50' <Predicate = true> <Delay = 0.00>
ST_42 : Operation 101 [1/1] (0.00ns)   --->   "%speclooptripcount_ln50 = speclooptripcount void @_ssdm_op_SpecLoopTripCount, i64 32, i64 32, i64 32" [matrix_multiply_32x32.cpp:50]   --->   Operation 101 'speclooptripcount' 'speclooptripcount_ln50' <Predicate = true> <Delay = 0.00>
ST_42 : Operation 102 [1/1] (0.00ns)   --->   "%specloopname_ln47 = specloopname void @_ssdm_op_SpecLoopName, void @empty_4" [matrix_multiply_32x32.cpp:47]   --->   Operation 102 'specloopname' 'specloopname_ln47' <Predicate = true> <Delay = 0.00>
ST_42 : Operation 103 [1/1] (0.00ns)   --->   "%row_a = bitconcatenate i256 @_ssdm_op_BitConcatenate.i256.i8.i8.i8.i8.i8.i8.i8.i8.i8.i8.i8.i8.i8.i8.i8.i8.i8.i8.i8.i8.i8.i8.i8.i8.i8.i8.i8.i8.i8.i8.i8.i8, i8 %gmem_a_addr_read_31, i8 %gmem_a_addr_read_30, i8 %gmem_a_addr_read_29, i8 %gmem_a_addr_read_28, i8 %gmem_a_addr_read_27, i8 %gmem_a_addr_read_26, i8 %gmem_a_addr_read_25, i8 %gmem_a_addr_read_24, i8 %gmem_a_addr_read_23, i8 %gmem_a_addr_read_22, i8 %gmem_a_addr_read_21, i8 %gmem_a_addr_read_20, i8 %gmem_a_addr_read_19, i8 %gmem_a_addr_read_18, i8 %gmem_a_addr_read_17, i8 %gmem_a_addr_read_16, i8 %gmem_a_addr_read_15, i8 %gmem_a_addr_read_14, i8 %gmem_a_addr_read_13, i8 %gmem_a_addr_read_12, i8 %gmem_a_addr_read_11, i8 %gmem_a_addr_read_10, i8 %gmem_a_addr_read_9, i8 %gmem_a_addr_read_8, i8 %gmem_a_addr_read_7, i8 %gmem_a_addr_read_6, i8 %gmem_a_addr_read_5, i8 %gmem_a_addr_read_4, i8 %gmem_a_addr_read_3, i8 %gmem_a_addr_read_2, i8 %gmem_a_addr_read_1, i8 %gmem_a_addr_read" [matrix_multiply_32x32.cpp:50]   --->   Operation 103 'bitconcatenate' 'row_a' <Predicate = true> <Delay = 0.00>
ST_42 : Operation 104 [1/1] (1.42ns)   --->   "%write_ln52 = write void @_ssdm_op_Write.ap_fifo.volatile.i256P0A, i256 %a_stream, i256 %row_a" [matrix_multiply_32x32.cpp:52]   --->   Operation 104 'write' 'write_ln52' <Predicate = true> <Delay = 1.42> <CoreInst = "FIFO_SRL">   --->   Core 80 'FIFO_SRL' <Latency = 0> <II = 1> <Delay = 1.42> <Storage> <Opcode : 'read' 'write' 'nbread' 'nbwrite'> <Ports = 0> <Width = 256> <Depth = 2> <FIFO>
ST_42 : Operation 105 [1/1] (0.38ns)   --->   "%ret_ln0 = ret"   --->   Operation 105 'ret' 'ret_ln0' <Predicate = (icmp_ln47)> <Delay = 0.38>


============================================================
+ Verbose Summary: Binding
============================================================
STG Binding: 
---------------- STG Properties BEGIN ----------------
- Is combinational: 0
- Is one-state seq: 0
- Is datapath-only: 0
- Is pipelined: 0
- Is top level: 0
Port [ Return ] is wired: 1; IO mode=ap_ctrl_hs:ce=0
Port [ gmem_a]:  wired=1; compound=1; hidden=0; nouse=0; global=0; static=0; extern=0; dir=0; type=4; pingpong=0; private_global=0; IO mode=m_axi:ce=0
Port [ A]:  wired=1; compound=0; hidden=0; nouse=0; global=0; static=0; extern=0; dir=0; type=0; pingpong=0; private_global=0; IO mode=ap_none:ce=0
Port [ a_stream]:  wired=1; compound=1; hidden=0; nouse=0; global=0; static=0; extern=0; dir=1; type=3; pingpong=0; private_global=0; IO mode=ap_fifo:ce=0
---------------- STG Properties END ------------------

---------------- Datapath Model BEGIN ----------------

<LifeTime>
<method=bitvector/>
i1                     (alloca           ) [ 0111111111111111111111111111111110000000000]
specinterface_ln0      (specinterface    ) [ 0000000000000000000000000000000000000000000]
specinterface_ln0      (specinterface    ) [ 0000000000000000000000000000000000000000000]
A_read                 (read             ) [ 0000000000000000000000000000000000000000000]
store_ln0              (store            ) [ 0000000000000000000000000000000000000000000]
br_ln47                (br               ) [ 0000000000000000000000000000000000000000000]
first_iter_0           (phi              ) [ 0111111111000000000000000000000000000000000]
gmem_a_addr            (getelementptr    ) [ 0111111111111111111111111111111111111111110]
br_ln47                (br               ) [ 0000000000000000000000000000000000000000000]
empty                  (readreq          ) [ 0000000000000000000000000000000000000000000]
br_ln47                (br               ) [ 0000000000000000000000000000000000000000000]
gmem_a_addr_read       (read             ) [ 0111111111111111111111111111111111111111111]
gmem_a_addr_read_1     (read             ) [ 0111111111101111111111111111111111111111111]
gmem_a_addr_read_2     (read             ) [ 0111111111100111111111111111111111111111111]
gmem_a_addr_read_3     (read             ) [ 0111111111100011111111111111111111111111111]
gmem_a_addr_read_4     (read             ) [ 0111111111100001111111111111111111111111111]
gmem_a_addr_read_5     (read             ) [ 0111111111100000111111111111111111111111111]
gmem_a_addr_read_6     (read             ) [ 0111111111100000011111111111111111111111111]
gmem_a_addr_read_7     (read             ) [ 0111111111100000001111111111111111111111111]
gmem_a_addr_read_8     (read             ) [ 0111111111100000000111111111111111111111111]
gmem_a_addr_read_9     (read             ) [ 0111111111100000000011111111111111111111111]
gmem_a_addr_read_10    (read             ) [ 0111111111100000000001111111111111111111111]
gmem_a_addr_read_11    (read             ) [ 0111111111100000000000111111111111111111111]
gmem_a_addr_read_12    (read             ) [ 0111111111100000000000011111111111111111111]
gmem_a_addr_read_13    (read             ) [ 0111111111100000000000001111111111111111111]
gmem_a_addr_read_14    (read             ) [ 0111111111100000000000000111111111111111111]
gmem_a_addr_read_15    (read             ) [ 0111111111100000000000000011111111111111111]
gmem_a_addr_read_16    (read             ) [ 0111111111100000000000000001111111111111111]
gmem_a_addr_read_17    (read             ) [ 0111111111100000000000000000111111111111111]
gmem_a_addr_read_18    (read             ) [ 0111111111100000000000000000011111111111111]
gmem_a_addr_read_19    (read             ) [ 0111111111100000000000000000001111111111111]
gmem_a_addr_read_20    (read             ) [ 0111111111100000000000000000000111111111111]
gmem_a_addr_read_21    (read             ) [ 0111111111100000000000000000000011111111111]
i1_load                (load             ) [ 0000000000000000000000000000000000000000000]
gmem_a_addr_read_22    (read             ) [ 0111111111100000000000000000000001111111111]
i                      (add              ) [ 0000000000000000000000000000000000000000000]
icmp_ln47              (icmp             ) [ 0111111111100000000000000000000011111111111]
store_ln47             (store            ) [ 0000000000000000000000000000000000000000000]
br_ln47                (br               ) [ 0100000000000000000000000000000010000000000]
gmem_a_addr_read_23    (read             ) [ 0011111111100000000000000000000000111111111]
gmem_a_addr_read_24    (read             ) [ 0001111111100000000000000000000000011111111]
gmem_a_addr_read_25    (read             ) [ 0000111111100000000000000000000000001111111]
gmem_a_addr_read_26    (read             ) [ 0000011111100000000000000000000000000111111]
gmem_a_addr_read_27    (read             ) [ 0000001111100000000000000000000000000011111]
gmem_a_addr_read_28    (read             ) [ 0000000111100000000000000000000000000001111]
gmem_a_addr_read_29    (read             ) [ 0000000011100000000000000000000000000000111]
gmem_a_addr_read_30    (read             ) [ 0000000001100000000000000000000000000000011]
gmem_a_addr_read_31    (read             ) [ 0000000000100000000000000000000000000000001]
specpipeline_ln50      (specpipeline     ) [ 0000000000000000000000000000000000000000000]
speclooptripcount_ln50 (speclooptripcount) [ 0000000000000000000000000000000000000000000]
specloopname_ln47      (specloopname     ) [ 0000000000000000000000000000000000000000000]
row_a                  (bitconcatenate   ) [ 0000000000000000000000000000000000000000000]
write_ln52             (write            ) [ 0000000000000000000000000000000000000000000]
ret_ln0                (ret              ) [ 0000000000000000000000000000000000000000000]
</LifeTime>

<model>

<comp_list>
<comp id="0" class="1000" name="gmem_a">
<pin_list>
<pin id="1" dir="1" index="0" bw="1" slack="0"/>
</pin_list>
<bind>
<StgValue><ssdm name="gmem_a"/></StgValue>
</bind>
</comp>

<comp id="2" class="1000" name="A">
<pin_list>
<pin id="3" dir="1" index="0" bw="1" slack="0"/>
</pin_list>
<bind>
<StgValue><ssdm name="A"/></StgValue>
</bind>
</comp>

<comp id="4" class="1000" name="a_stream">
<pin_list>
<pin id="5" dir="1" index="0" bw="1" slack="0"/>
</pin_list>
<bind>
<StgValue><ssdm name="a_stream"/></StgValue>
</bind>
</comp>

<comp id="6" class="1001" name="const_6">
<pin_list>
<pin id="7" dir="1" index="0" bw="1" slack="0"/>
</pin_list>
<bind>
<StgValue><ssdm name=""/></StgValue>
</bind>
</comp>

<comp id="8" class="1001" name="const_8">
<pin_list>
<pin id="9" dir="1" index="0" bw="1" slack="2147483647"/>
</pin_list>
<bind>
<StgValue><ssdm name="_ssdm_op_SpecInterface"/></StgValue>
</bind>
</comp>

<comp id="10" class="1001" name="const_10">
<pin_list>
<pin id="11" dir="1" index="0" bw="1" slack="2147483647"/>
</pin_list>
<bind>
<StgValue><ssdm name="empty_9"/></StgValue>
</bind>
</comp>

<comp id="12" class="1001" name="const_12">
<pin_list>
<pin id="13" dir="1" index="0" bw="1" slack="2147483647"/>
</pin_list>
<bind>
<StgValue><ssdm name=""/></StgValue>
</bind>
</comp>

<comp id="14" class="1001" name="const_14">
<pin_list>
<pin id="15" dir="1" index="0" bw="1" slack="2147483647"/>
</pin_list>
<bind>
<StgValue><ssdm name="empty_12"/></StgValue>
</bind>
</comp>

<comp id="16" class="1001" name="const_16">
<pin_list>
<pin id="17" dir="1" index="0" bw="1" slack="2147483647"/>
</pin_list>
<bind>
<StgValue><ssdm name=""/></StgValue>
</bind>
</comp>

<comp id="18" class="1001" name="const_18">
<pin_list>
<pin id="19" dir="1" index="0" bw="1" slack="2147483647"/>
</pin_list>
<bind>
<StgValue><ssdm name="empty_14"/></StgValue>
</bind>
</comp>

<comp id="20" class="1001" name="const_20">
<pin_list>
<pin id="21" dir="1" index="0" bw="1" slack="2147483647"/>
</pin_list>
<bind>
<StgValue><ssdm name="empty_1"/></StgValue>
</bind>
</comp>

<comp id="22" class="1001" name="const_22">
<pin_list>
<pin id="23" dir="1" index="0" bw="1" slack="2147483647"/>
</pin_list>
<bind>
<StgValue><ssdm name="empty_15"/></StgValue>
</bind>
</comp>

<comp id="24" class="1001" name="const_24">
<pin_list>
<pin id="25" dir="1" index="0" bw="1" slack="2147483647"/>
</pin_list>
<bind>
<StgValue><ssdm name=""/></StgValue>
</bind>
</comp>

<comp id="26" class="1001" name="const_26">
<pin_list>
<pin id="27" dir="1" index="0" bw="1" slack="0"/>
</pin_list>
<bind>
<StgValue><ssdm name="_ssdm_op_Read.ap_auto.i64"/></StgValue>
</bind>
</comp>

<comp id="28" class="1001" name="const_28">
<pin_list>
<pin id="29" dir="1" index="0" bw="1" slack="0"/>
</pin_list>
<bind>
<StgValue><ssdm name=""/></StgValue>
</bind>
</comp>

<comp id="30" class="1001" name="const_30">
<pin_list>
<pin id="31" dir="1" index="0" bw="1" slack="0"/>
</pin_list>
<bind>
<StgValue><ssdm name=""/></StgValue>
</bind>
</comp>

<comp id="32" class="1001" name="const_32">
<pin_list>
<pin id="33" dir="1" index="0" bw="1" slack="1"/>
</pin_list>
<bind>
<StgValue><ssdm name=""/></StgValue>
</bind>
</comp>

<comp id="34" class="1001" name="const_34">
<pin_list>
<pin id="35" dir="1" index="0" bw="1" slack="0"/>
</pin_list>
<bind>
<StgValue><ssdm name="_ssdm_op_ReadReq.m_axi.p1i8"/></StgValue>
</bind>
</comp>

<comp id="36" class="1001" name="const_36">
<pin_list>
<pin id="37" dir="1" index="0" bw="1" slack="0"/>
</pin_list>
<bind>
<StgValue><ssdm name=""/></StgValue>
</bind>
</comp>

<comp id="38" class="1001" name="const_38">
<pin_list>
<pin id="39" dir="1" index="0" bw="1" slack="0"/>
</pin_list>
<bind>
<StgValue><ssdm name="_ssdm_op_Read.m_axi.p1i8"/></StgValue>
</bind>
</comp>

<comp id="40" class="1001" name="const_40">
<pin_list>
<pin id="41" dir="1" index="0" bw="1" slack="0"/>
</pin_list>
<bind>
<StgValue><ssdm name=""/></StgValue>
</bind>
</comp>

<comp id="42" class="1001" name="const_42">
<pin_list>
<pin id="43" dir="1" index="0" bw="1" slack="0"/>
</pin_list>
<bind>
<StgValue><ssdm name=""/></StgValue>
</bind>
</comp>

<comp id="44" class="1001" name="const_44">
<pin_list>
<pin id="45" dir="1" index="0" bw="1" slack="2147483647"/>
</pin_list>
<bind>
<StgValue><ssdm name="_ssdm_op_SpecPipeline"/></StgValue>
</bind>
</comp>

<comp id="46" class="1001" name="const_46">
<pin_list>
<pin id="47" dir="1" index="0" bw="1" slack="2147483647"/>
</pin_list>
<bind>
<StgValue><ssdm name="_ssdm_op_SpecLoopTripCount"/></StgValue>
</bind>
</comp>

<comp id="48" class="1001" name="const_48">
<pin_list>
<pin id="49" dir="1" index="0" bw="1" slack="2147483647"/>
</pin_list>
<bind>
<StgValue><ssdm name=""/></StgValue>
</bind>
</comp>

<comp id="50" class="1001" name="const_50">
<pin_list>
<pin id="51" dir="1" index="0" bw="1" slack="2147483647"/>
</pin_list>
<bind>
<StgValue><ssdm name="_ssdm_op_SpecLoopName"/></StgValue>
</bind>
</comp>

<comp id="52" class="1001" name="const_52">
<pin_list>
<pin id="53" dir="1" index="0" bw="1" slack="2147483647"/>
</pin_list>
<bind>
<StgValue><ssdm name="empty_4"/></StgValue>
</bind>
</comp>

<comp id="54" class="1001" name="const_54">
<pin_list>
<pin id="55" dir="1" index="0" bw="1" slack="0"/>
</pin_list>
<bind>
<StgValue><ssdm name="_ssdm_op_BitConcatenate.i256.i8.i8.i8.i8.i8.i8.i8.i8.i8.i8.i8.i8.i8.i8.i8.i8.i8.i8.i8.i8.i8.i8.i8.i8.i8.i8.i8.i8.i8.i8.i8.i8"/></StgValue>
</bind>
</comp>

<comp id="56" class="1001" name="const_56">
<pin_list>
<pin id="57" dir="1" index="0" bw="1" slack="0"/>
</pin_list>
<bind>
<StgValue><ssdm name="_ssdm_op_Write.ap_fifo.volatile.i256P0A"/></StgValue>
</bind>
</comp>

<comp id="58" class="1004" name="i1_fu_58">
<pin_list>
<pin id="59" dir="0" index="0" bw="1" slack="0"/>
<pin id="60" dir="1" index="1" bw="5" slack="0"/>
</pin_list>
<bind>
<opcode="alloca(26) " fcode="alloca"/>
<opset="i1/1 "/>
</bind>
</comp>

<comp id="62" class="1004" name="A_read_read_fu_62">
<pin_list>
<pin id="63" dir="0" index="0" bw="64" slack="0"/>
<pin id="64" dir="0" index="1" bw="64" slack="0"/>
<pin id="65" dir="1" index="2" bw="64" slack="0"/>
</pin_list>
<bind>
<opcode="read(1150) " fcode="read"/>
<opset="A_read/1 "/>
</bind>
</comp>

<comp id="68" class="1004" name="grp_readreq_fu_68">
<pin_list>
<pin id="69" dir="0" index="0" bw="1" slack="0"/>
<pin id="70" dir="0" index="1" bw="8" slack="1"/>
<pin id="71" dir="0" index="2" bw="12" slack="0"/>
<pin id="72" dir="1" index="3" bw="1" slack="2147483647"/>
</pin_list>
<bind>
<opcode="readreq(1154) " fcode="readreq"/>
<opset="empty/2 "/>
</bind>
</comp>

<comp id="75" class="1004" name="grp_read_fu_75">
<pin_list>
<pin id="76" dir="0" index="0" bw="8" slack="0"/>
<pin id="77" dir="0" index="1" bw="8" slack="9"/>
<pin id="78" dir="1" index="2" bw="8" slack="1"/>
</pin_list>
<bind>
<opcode="read(1150) " fcode="read"/>
<opset="gmem_a_addr_read/10 gmem_a_addr_read_1/11 gmem_a_addr_read_2/12 gmem_a_addr_read_3/13 gmem_a_addr_read_4/14 gmem_a_addr_read_5/15 gmem_a_addr_read_6/16 gmem_a_addr_read_7/17 gmem_a_addr_read_8/18 gmem_a_addr_read_9/19 gmem_a_addr_read_10/20 gmem_a_addr_read_11/21 gmem_a_addr_read_12/22 gmem_a_addr_read_13/23 gmem_a_addr_read_14/24 gmem_a_addr_read_15/25 gmem_a_addr_read_16/26 gmem_a_addr_read_17/27 gmem_a_addr_read_18/28 gmem_a_addr_read_19/29 gmem_a_addr_read_20/30 gmem_a_addr_read_21/31 gmem_a_addr_read_22/32 gmem_a_addr_read_23/33 gmem_a_addr_read_24/34 gmem_a_addr_read_25/35 gmem_a_addr_read_26/36 gmem_a_addr_read_27/37 gmem_a_addr_read_28/38 gmem_a_addr_read_29/39 gmem_a_addr_read_30/40 gmem_a_addr_read_31/41 "/>
</bind>
</comp>

<comp id="80" class="1004" name="write_ln52_write_fu_80">
<pin_list>
<pin id="81" dir="0" index="0" bw="0" slack="0"/>
<pin id="82" dir="0" index="1" bw="256" slack="0"/>
<pin id="83" dir="0" index="2" bw="256" slack="0"/>
<pin id="84" dir="1" index="3" bw="0" slack="2147483647"/>
</pin_list>
<bind>
<opcode="write(1151) " fcode="write"/>
<opset="write_ln52/42 "/>
</bind>
</comp>

<comp id="87" class="1005" name="first_iter_0_reg_87">
<pin_list>
<pin id="88" dir="0" index="0" bw="1" slack="1"/>
<pin id="89" dir="1" index="1" bw="1" slack="1"/>
</pin_list>
<bind>
<opset="first_iter_0 (phireg) "/>
</bind>
</comp>

<comp id="91" class="1004" name="first_iter_0_phi_fu_91">
<pin_list>
<pin id="92" dir="0" index="0" bw="1" slack="0"/>
<pin id="93" dir="0" index="1" bw="0" slack="2147483647"/>
<pin id="94" dir="0" index="2" bw="1" slack="1"/>
<pin id="95" dir="0" index="3" bw="0" slack="2147483647"/>
<pin id="96" dir="1" index="4" bw="1" slack="1"/>
</pin_list>
<bind>
<opcode="phi(47) " fcode="phi"/>
<opset="first_iter_0/1 "/>
</bind>
</comp>

<comp id="100" class="1004" name="store_ln0_store_fu_100">
<pin_list>
<pin id="101" dir="0" index="0" bw="1" slack="0"/>
<pin id="102" dir="0" index="1" bw="5" slack="0"/>
<pin id="103" dir="1" index="2" bw="0" slack="2147483647"/>
</pin_list>
<bind>
<opcode="store(28) " fcode="store"/>
<opset="store_ln0/1 "/>
</bind>
</comp>

<comp id="105" class="1004" name="gmem_a_addr_fu_105">
<pin_list>
<pin id="106" dir="0" index="0" bw="8" slack="0"/>
<pin id="107" dir="0" index="1" bw="64" slack="0"/>
<pin id="108" dir="1" index="2" bw="8" slack="1"/>
</pin_list>
<bind>
<opcode="getelementptr(29) " fcode="getelementptr"/>
<opset="gmem_a_addr/1 "/>
</bind>
</comp>

<comp id="111" class="1004" name="i1_load_load_fu_111">
<pin_list>
<pin id="112" dir="0" index="0" bw="5" slack="31"/>
<pin id="113" dir="1" index="1" bw="5" slack="0"/>
</pin_list>
<bind>
<opcode="load(27) " fcode="load"/>
<opset="i1_load/32 "/>
</bind>
</comp>

<comp id="114" class="1004" name="i_fu_114">
<pin_list>
<pin id="115" dir="0" index="0" bw="5" slack="0"/>
<pin id="116" dir="0" index="1" bw="1" slack="0"/>
<pin id="117" dir="1" index="2" bw="5" slack="0"/>
</pin_list>
<bind>
<opcode="add(8) " fcode="add"/>
<opset="i/32 "/>
</bind>
</comp>

<comp id="120" class="1004" name="icmp_ln47_fu_120">
<pin_list>
<pin id="121" dir="0" index="0" bw="5" slack="0"/>
<pin id="122" dir="0" index="1" bw="1" slack="0"/>
<pin id="123" dir="1" index="2" bw="1" slack="1"/>
</pin_list>
<bind>
<opcode="icmp(45) " fcode="icmp"/>
<opset="icmp_ln47/32 "/>
</bind>
</comp>

<comp id="126" class="1004" name="store_ln47_store_fu_126">
<pin_list>
<pin id="127" dir="0" index="0" bw="5" slack="0"/>
<pin id="128" dir="0" index="1" bw="5" slack="31"/>
<pin id="129" dir="1" index="2" bw="0" slack="2147483647"/>
</pin_list>
<bind>
<opcode="store(28) " fcode="store"/>
<opset="store_ln47/32 "/>
</bind>
</comp>

<comp id="131" class="1004" name="row_a_fu_131">
<pin_list>
<pin id="132" dir="0" index="0" bw="256" slack="0"/>
<pin id="133" dir="0" index="1" bw="8" slack="1"/>
<pin id="134" dir="0" index="2" bw="8" slack="2"/>
<pin id="135" dir="0" index="3" bw="8" slack="3"/>
<pin id="136" dir="0" index="4" bw="8" slack="4"/>
<pin id="137" dir="0" index="5" bw="8" slack="5"/>
<pin id="138" dir="0" index="6" bw="8" slack="6"/>
<pin id="139" dir="0" index="7" bw="8" slack="7"/>
<pin id="140" dir="0" index="8" bw="8" slack="8"/>
<pin id="141" dir="0" index="9" bw="8" slack="9"/>
<pin id="142" dir="0" index="10" bw="8" slack="10"/>
<pin id="143" dir="0" index="11" bw="8" slack="11"/>
<pin id="144" dir="0" index="12" bw="8" slack="12"/>
<pin id="145" dir="0" index="13" bw="8" slack="13"/>
<pin id="146" dir="0" index="14" bw="8" slack="14"/>
<pin id="147" dir="0" index="15" bw="8" slack="15"/>
<pin id="148" dir="0" index="16" bw="8" slack="16"/>
<pin id="149" dir="0" index="17" bw="8" slack="17"/>
<pin id="150" dir="0" index="18" bw="8" slack="18"/>
<pin id="151" dir="0" index="19" bw="8" slack="19"/>
<pin id="152" dir="0" index="20" bw="8" slack="20"/>
<pin id="153" dir="0" index="21" bw="8" slack="21"/>
<pin id="154" dir="0" index="22" bw="8" slack="22"/>
<pin id="155" dir="0" index="23" bw="8" slack="23"/>
<pin id="156" dir="0" index="24" bw="8" slack="24"/>
<pin id="157" dir="0" index="25" bw="8" slack="25"/>
<pin id="158" dir="0" index="26" bw="8" slack="26"/>
<pin id="159" dir="0" index="27" bw="8" slack="27"/>
<pin id="160" dir="0" index="28" bw="8" slack="28"/>
<pin id="161" dir="0" index="29" bw="8" slack="29"/>
<pin id="162" dir="0" index="30" bw="8" slack="30"/>
<pin id="163" dir="0" index="31" bw="8" slack="31"/>
<pin id="164" dir="0" index="32" bw="8" slack="32"/>
<pin id="165" dir="1" index="33" bw="256" slack="0"/>
</pin_list>
<bind>
<opcode="bitconcatenate(1004) " fcode="bitconcatenate"/>
<opset="row_a/42 "/>
</bind>
</comp>

<comp id="168" class="1005" name="i1_reg_168">
<pin_list>
<pin id="169" dir="0" index="0" bw="5" slack="0"/>
<pin id="170" dir="1" index="1" bw="5" slack="0"/>
</pin_list>
<bind>
<opset="i1 "/>
</bind>
</comp>

<comp id="175" class="1005" name="gmem_a_addr_reg_175">
<pin_list>
<pin id="176" dir="0" index="0" bw="8" slack="1"/>
<pin id="177" dir="1" index="1" bw="8" slack="1"/>
</pin_list>
<bind>
<opset="gmem_a_addr "/>
</bind>
</comp>

<comp id="181" class="1005" name="gmem_a_addr_read_reg_181">
<pin_list>
<pin id="182" dir="0" index="0" bw="8" slack="32"/>
<pin id="183" dir="1" index="1" bw="8" slack="32"/>
</pin_list>
<bind>
<opset="gmem_a_addr_read "/>
</bind>
</comp>

<comp id="186" class="1005" name="gmem_a_addr_read_1_reg_186">
<pin_list>
<pin id="187" dir="0" index="0" bw="8" slack="31"/>
<pin id="188" dir="1" index="1" bw="8" slack="31"/>
</pin_list>
<bind>
<opset="gmem_a_addr_read_1 "/>
</bind>
</comp>

<comp id="191" class="1005" name="gmem_a_addr_read_2_reg_191">
<pin_list>
<pin id="192" dir="0" index="0" bw="8" slack="30"/>
<pin id="193" dir="1" index="1" bw="8" slack="30"/>
</pin_list>
<bind>
<opset="gmem_a_addr_read_2 "/>
</bind>
</comp>

<comp id="196" class="1005" name="gmem_a_addr_read_3_reg_196">
<pin_list>
<pin id="197" dir="0" index="0" bw="8" slack="29"/>
<pin id="198" dir="1" index="1" bw="8" slack="29"/>
</pin_list>
<bind>
<opset="gmem_a_addr_read_3 "/>
</bind>
</comp>

<comp id="201" class="1005" name="gmem_a_addr_read_4_reg_201">
<pin_list>
<pin id="202" dir="0" index="0" bw="8" slack="28"/>
<pin id="203" dir="1" index="1" bw="8" slack="28"/>
</pin_list>
<bind>
<opset="gmem_a_addr_read_4 "/>
</bind>
</comp>

<comp id="206" class="1005" name="gmem_a_addr_read_5_reg_206">
<pin_list>
<pin id="207" dir="0" index="0" bw="8" slack="27"/>
<pin id="208" dir="1" index="1" bw="8" slack="27"/>
</pin_list>
<bind>
<opset="gmem_a_addr_read_5 "/>
</bind>
</comp>

<comp id="211" class="1005" name="gmem_a_addr_read_6_reg_211">
<pin_list>
<pin id="212" dir="0" index="0" bw="8" slack="26"/>
<pin id="213" dir="1" index="1" bw="8" slack="26"/>
</pin_list>
<bind>
<opset="gmem_a_addr_read_6 "/>
</bind>
</comp>

<comp id="216" class="1005" name="gmem_a_addr_read_7_reg_216">
<pin_list>
<pin id="217" dir="0" index="0" bw="8" slack="25"/>
<pin id="218" dir="1" index="1" bw="8" slack="25"/>
</pin_list>
<bind>
<opset="gmem_a_addr_read_7 "/>
</bind>
</comp>

<comp id="221" class="1005" name="gmem_a_addr_read_8_reg_221">
<pin_list>
<pin id="222" dir="0" index="0" bw="8" slack="24"/>
<pin id="223" dir="1" index="1" bw="8" slack="24"/>
</pin_list>
<bind>
<opset="gmem_a_addr_read_8 "/>
</bind>
</comp>

<comp id="226" class="1005" name="gmem_a_addr_read_9_reg_226">
<pin_list>
<pin id="227" dir="0" index="0" bw="8" slack="23"/>
<pin id="228" dir="1" index="1" bw="8" slack="23"/>
</pin_list>
<bind>
<opset="gmem_a_addr_read_9 "/>
</bind>
</comp>

<comp id="231" class="1005" name="gmem_a_addr_read_10_reg_231">
<pin_list>
<pin id="232" dir="0" index="0" bw="8" slack="22"/>
<pin id="233" dir="1" index="1" bw="8" slack="22"/>
</pin_list>
<bind>
<opset="gmem_a_addr_read_10 "/>
</bind>
</comp>

<comp id="236" class="1005" name="gmem_a_addr_read_11_reg_236">
<pin_list>
<pin id="237" dir="0" index="0" bw="8" slack="21"/>
<pin id="238" dir="1" index="1" bw="8" slack="21"/>
</pin_list>
<bind>
<opset="gmem_a_addr_read_11 "/>
</bind>
</comp>

<comp id="241" class="1005" name="gmem_a_addr_read_12_reg_241">
<pin_list>
<pin id="242" dir="0" index="0" bw="8" slack="20"/>
<pin id="243" dir="1" index="1" bw="8" slack="20"/>
</pin_list>
<bind>
<opset="gmem_a_addr_read_12 "/>
</bind>
</comp>

<comp id="246" class="1005" name="gmem_a_addr_read_13_reg_246">
<pin_list>
<pin id="247" dir="0" index="0" bw="8" slack="19"/>
<pin id="248" dir="1" index="1" bw="8" slack="19"/>
</pin_list>
<bind>
<opset="gmem_a_addr_read_13 "/>
</bind>
</comp>

<comp id="251" class="1005" name="gmem_a_addr_read_14_reg_251">
<pin_list>
<pin id="252" dir="0" index="0" bw="8" slack="18"/>
<pin id="253" dir="1" index="1" bw="8" slack="18"/>
</pin_list>
<bind>
<opset="gmem_a_addr_read_14 "/>
</bind>
</comp>

<comp id="256" class="1005" name="gmem_a_addr_read_15_reg_256">
<pin_list>
<pin id="257" dir="0" index="0" bw="8" slack="17"/>
<pin id="258" dir="1" index="1" bw="8" slack="17"/>
</pin_list>
<bind>
<opset="gmem_a_addr_read_15 "/>
</bind>
</comp>

<comp id="261" class="1005" name="gmem_a_addr_read_16_reg_261">
<pin_list>
<pin id="262" dir="0" index="0" bw="8" slack="16"/>
<pin id="263" dir="1" index="1" bw="8" slack="16"/>
</pin_list>
<bind>
<opset="gmem_a_addr_read_16 "/>
</bind>
</comp>

<comp id="266" class="1005" name="gmem_a_addr_read_17_reg_266">
<pin_list>
<pin id="267" dir="0" index="0" bw="8" slack="15"/>
<pin id="268" dir="1" index="1" bw="8" slack="15"/>
</pin_list>
<bind>
<opset="gmem_a_addr_read_17 "/>
</bind>
</comp>

<comp id="271" class="1005" name="gmem_a_addr_read_18_reg_271">
<pin_list>
<pin id="272" dir="0" index="0" bw="8" slack="14"/>
<pin id="273" dir="1" index="1" bw="8" slack="14"/>
</pin_list>
<bind>
<opset="gmem_a_addr_read_18 "/>
</bind>
</comp>

<comp id="276" class="1005" name="gmem_a_addr_read_19_reg_276">
<pin_list>
<pin id="277" dir="0" index="0" bw="8" slack="13"/>
<pin id="278" dir="1" index="1" bw="8" slack="13"/>
</pin_list>
<bind>
<opset="gmem_a_addr_read_19 "/>
</bind>
</comp>

<comp id="281" class="1005" name="gmem_a_addr_read_20_reg_281">
<pin_list>
<pin id="282" dir="0" index="0" bw="8" slack="12"/>
<pin id="283" dir="1" index="1" bw="8" slack="12"/>
</pin_list>
<bind>
<opset="gmem_a_addr_read_20 "/>
</bind>
</comp>

<comp id="286" class="1005" name="gmem_a_addr_read_21_reg_286">
<pin_list>
<pin id="287" dir="0" index="0" bw="8" slack="11"/>
<pin id="288" dir="1" index="1" bw="8" slack="11"/>
</pin_list>
<bind>
<opset="gmem_a_addr_read_21 "/>
</bind>
</comp>

<comp id="291" class="1005" name="gmem_a_addr_read_22_reg_291">
<pin_list>
<pin id="292" dir="0" index="0" bw="8" slack="10"/>
<pin id="293" dir="1" index="1" bw="8" slack="10"/>
</pin_list>
<bind>
<opset="gmem_a_addr_read_22 "/>
</bind>
</comp>

<comp id="296" class="1005" name="icmp_ln47_reg_296">
<pin_list>
<pin id="297" dir="0" index="0" bw="1" slack="1"/>
<pin id="298" dir="1" index="1" bw="1" slack="2147483647"/>
</pin_list>
<bind>
<opset="icmp_ln47 "/>
</bind>
</comp>

<comp id="300" class="1005" name="gmem_a_addr_read_23_reg_300">
<pin_list>
<pin id="301" dir="0" index="0" bw="8" slack="9"/>
<pin id="302" dir="1" index="1" bw="8" slack="9"/>
</pin_list>
<bind>
<opset="gmem_a_addr_read_23 "/>
</bind>
</comp>

<comp id="305" class="1005" name="gmem_a_addr_read_24_reg_305">
<pin_list>
<pin id="306" dir="0" index="0" bw="8" slack="8"/>
<pin id="307" dir="1" index="1" bw="8" slack="8"/>
</pin_list>
<bind>
<opset="gmem_a_addr_read_24 "/>
</bind>
</comp>

<comp id="310" class="1005" name="gmem_a_addr_read_25_reg_310">
<pin_list>
<pin id="311" dir="0" index="0" bw="8" slack="7"/>
<pin id="312" dir="1" index="1" bw="8" slack="7"/>
</pin_list>
<bind>
<opset="gmem_a_addr_read_25 "/>
</bind>
</comp>

<comp id="315" class="1005" name="gmem_a_addr_read_26_reg_315">
<pin_list>
<pin id="316" dir="0" index="0" bw="8" slack="6"/>
<pin id="317" dir="1" index="1" bw="8" slack="6"/>
</pin_list>
<bind>
<opset="gmem_a_addr_read_26 "/>
</bind>
</comp>

<comp id="320" class="1005" name="gmem_a_addr_read_27_reg_320">
<pin_list>
<pin id="321" dir="0" index="0" bw="8" slack="5"/>
<pin id="322" dir="1" index="1" bw="8" slack="5"/>
</pin_list>
<bind>
<opset="gmem_a_addr_read_27 "/>
</bind>
</comp>

<comp id="325" class="1005" name="gmem_a_addr_read_28_reg_325">
<pin_list>
<pin id="326" dir="0" index="0" bw="8" slack="4"/>
<pin id="327" dir="1" index="1" bw="8" slack="4"/>
</pin_list>
<bind>
<opset="gmem_a_addr_read_28 "/>
</bind>
</comp>

<comp id="330" class="1005" name="gmem_a_addr_read_29_reg_330">
<pin_list>
<pin id="331" dir="0" index="0" bw="8" slack="3"/>
<pin id="332" dir="1" index="1" bw="8" slack="3"/>
</pin_list>
<bind>
<opset="gmem_a_addr_read_29 "/>
</bind>
</comp>

<comp id="335" class="1005" name="gmem_a_addr_read_30_reg_335">
<pin_list>
<pin id="336" dir="0" index="0" bw="8" slack="2"/>
<pin id="337" dir="1" index="1" bw="8" slack="2"/>
</pin_list>
<bind>
<opset="gmem_a_addr_read_30 "/>
</bind>
</comp>

<comp id="340" class="1005" name="gmem_a_addr_read_31_reg_340">
<pin_list>
<pin id="341" dir="0" index="0" bw="8" slack="1"/>
<pin id="342" dir="1" index="1" bw="8" slack="1"/>
</pin_list>
<bind>
<opset="gmem_a_addr_read_31 "/>
</bind>
</comp>

</comp_list>

<net_list>
<net id="61"><net_src comp="6" pin="0"/><net_sink comp="58" pin=0"/></net>

<net id="66"><net_src comp="26" pin="0"/><net_sink comp="62" pin=0"/></net>

<net id="67"><net_src comp="2" pin="0"/><net_sink comp="62" pin=1"/></net>

<net id="73"><net_src comp="34" pin="0"/><net_sink comp="68" pin=0"/></net>

<net id="74"><net_src comp="36" pin="0"/><net_sink comp="68" pin=2"/></net>

<net id="79"><net_src comp="38" pin="0"/><net_sink comp="75" pin=0"/></net>

<net id="85"><net_src comp="56" pin="0"/><net_sink comp="80" pin=0"/></net>

<net id="86"><net_src comp="4" pin="0"/><net_sink comp="80" pin=1"/></net>

<net id="90"><net_src comp="32" pin="0"/><net_sink comp="87" pin=0"/></net>

<net id="97"><net_src comp="30" pin="0"/><net_sink comp="91" pin=0"/></net>

<net id="98"><net_src comp="87" pin="1"/><net_sink comp="91" pin=2"/></net>

<net id="99"><net_src comp="91" pin="4"/><net_sink comp="87" pin=0"/></net>

<net id="104"><net_src comp="28" pin="0"/><net_sink comp="100" pin=0"/></net>

<net id="109"><net_src comp="0" pin="0"/><net_sink comp="105" pin=0"/></net>

<net id="110"><net_src comp="62" pin="2"/><net_sink comp="105" pin=1"/></net>

<net id="118"><net_src comp="111" pin="1"/><net_sink comp="114" pin=0"/></net>

<net id="119"><net_src comp="40" pin="0"/><net_sink comp="114" pin=1"/></net>

<net id="124"><net_src comp="111" pin="1"/><net_sink comp="120" pin=0"/></net>

<net id="125"><net_src comp="42" pin="0"/><net_sink comp="120" pin=1"/></net>

<net id="130"><net_src comp="114" pin="2"/><net_sink comp="126" pin=0"/></net>

<net id="166"><net_src comp="54" pin="0"/><net_sink comp="131" pin=0"/></net>

<net id="167"><net_src comp="131" pin="33"/><net_sink comp="80" pin=2"/></net>

<net id="171"><net_src comp="58" pin="1"/><net_sink comp="168" pin=0"/></net>

<net id="172"><net_src comp="168" pin="1"/><net_sink comp="100" pin=1"/></net>

<net id="173"><net_src comp="168" pin="1"/><net_sink comp="111" pin=0"/></net>

<net id="174"><net_src comp="168" pin="1"/><net_sink comp="126" pin=1"/></net>

<net id="178"><net_src comp="105" pin="2"/><net_sink comp="175" pin=0"/></net>

<net id="179"><net_src comp="175" pin="1"/><net_sink comp="68" pin=1"/></net>

<net id="180"><net_src comp="175" pin="1"/><net_sink comp="75" pin=1"/></net>

<net id="184"><net_src comp="75" pin="2"/><net_sink comp="181" pin=0"/></net>

<net id="185"><net_src comp="181" pin="1"/><net_sink comp="131" pin=32"/></net>

<net id="189"><net_src comp="75" pin="2"/><net_sink comp="186" pin=0"/></net>

<net id="190"><net_src comp="186" pin="1"/><net_sink comp="131" pin=31"/></net>

<net id="194"><net_src comp="75" pin="2"/><net_sink comp="191" pin=0"/></net>

<net id="195"><net_src comp="191" pin="1"/><net_sink comp="131" pin=30"/></net>

<net id="199"><net_src comp="75" pin="2"/><net_sink comp="196" pin=0"/></net>

<net id="200"><net_src comp="196" pin="1"/><net_sink comp="131" pin=29"/></net>

<net id="204"><net_src comp="75" pin="2"/><net_sink comp="201" pin=0"/></net>

<net id="205"><net_src comp="201" pin="1"/><net_sink comp="131" pin=28"/></net>

<net id="209"><net_src comp="75" pin="2"/><net_sink comp="206" pin=0"/></net>

<net id="210"><net_src comp="206" pin="1"/><net_sink comp="131" pin=27"/></net>

<net id="214"><net_src comp="75" pin="2"/><net_sink comp="211" pin=0"/></net>

<net id="215"><net_src comp="211" pin="1"/><net_sink comp="131" pin=26"/></net>

<net id="219"><net_src comp="75" pin="2"/><net_sink comp="216" pin=0"/></net>

<net id="220"><net_src comp="216" pin="1"/><net_sink comp="131" pin=25"/></net>

<net id="224"><net_src comp="75" pin="2"/><net_sink comp="221" pin=0"/></net>

<net id="225"><net_src comp="221" pin="1"/><net_sink comp="131" pin=24"/></net>

<net id="229"><net_src comp="75" pin="2"/><net_sink comp="226" pin=0"/></net>

<net id="230"><net_src comp="226" pin="1"/><net_sink comp="131" pin=23"/></net>

<net id="234"><net_src comp="75" pin="2"/><net_sink comp="231" pin=0"/></net>

<net id="235"><net_src comp="231" pin="1"/><net_sink comp="131" pin=22"/></net>

<net id="239"><net_src comp="75" pin="2"/><net_sink comp="236" pin=0"/></net>

<net id="240"><net_src comp="236" pin="1"/><net_sink comp="131" pin=21"/></net>

<net id="244"><net_src comp="75" pin="2"/><net_sink comp="241" pin=0"/></net>

<net id="245"><net_src comp="241" pin="1"/><net_sink comp="131" pin=20"/></net>

<net id="249"><net_src comp="75" pin="2"/><net_sink comp="246" pin=0"/></net>

<net id="250"><net_src comp="246" pin="1"/><net_sink comp="131" pin=19"/></net>

<net id="254"><net_src comp="75" pin="2"/><net_sink comp="251" pin=0"/></net>

<net id="255"><net_src comp="251" pin="1"/><net_sink comp="131" pin=18"/></net>

<net id="259"><net_src comp="75" pin="2"/><net_sink comp="256" pin=0"/></net>

<net id="260"><net_src comp="256" pin="1"/><net_sink comp="131" pin=17"/></net>

<net id="264"><net_src comp="75" pin="2"/><net_sink comp="261" pin=0"/></net>

<net id="265"><net_src comp="261" pin="1"/><net_sink comp="131" pin=16"/></net>

<net id="269"><net_src comp="75" pin="2"/><net_sink comp="266" pin=0"/></net>

<net id="270"><net_src comp="266" pin="1"/><net_sink comp="131" pin=15"/></net>

<net id="274"><net_src comp="75" pin="2"/><net_sink comp="271" pin=0"/></net>

<net id="275"><net_src comp="271" pin="1"/><net_sink comp="131" pin=14"/></net>

<net id="279"><net_src comp="75" pin="2"/><net_sink comp="276" pin=0"/></net>

<net id="280"><net_src comp="276" pin="1"/><net_sink comp="131" pin=13"/></net>

<net id="284"><net_src comp="75" pin="2"/><net_sink comp="281" pin=0"/></net>

<net id="285"><net_src comp="281" pin="1"/><net_sink comp="131" pin=12"/></net>

<net id="289"><net_src comp="75" pin="2"/><net_sink comp="286" pin=0"/></net>

<net id="290"><net_src comp="286" pin="1"/><net_sink comp="131" pin=11"/></net>

<net id="294"><net_src comp="75" pin="2"/><net_sink comp="291" pin=0"/></net>

<net id="295"><net_src comp="291" pin="1"/><net_sink comp="131" pin=10"/></net>

<net id="299"><net_src comp="120" pin="2"/><net_sink comp="296" pin=0"/></net>

<net id="303"><net_src comp="75" pin="2"/><net_sink comp="300" pin=0"/></net>

<net id="304"><net_src comp="300" pin="1"/><net_sink comp="131" pin=9"/></net>

<net id="308"><net_src comp="75" pin="2"/><net_sink comp="305" pin=0"/></net>

<net id="309"><net_src comp="305" pin="1"/><net_sink comp="131" pin=8"/></net>

<net id="313"><net_src comp="75" pin="2"/><net_sink comp="310" pin=0"/></net>

<net id="314"><net_src comp="310" pin="1"/><net_sink comp="131" pin=7"/></net>

<net id="318"><net_src comp="75" pin="2"/><net_sink comp="315" pin=0"/></net>

<net id="319"><net_src comp="315" pin="1"/><net_sink comp="131" pin=6"/></net>

<net id="323"><net_src comp="75" pin="2"/><net_sink comp="320" pin=0"/></net>

<net id="324"><net_src comp="320" pin="1"/><net_sink comp="131" pin=5"/></net>

<net id="328"><net_src comp="75" pin="2"/><net_sink comp="325" pin=0"/></net>

<net id="329"><net_src comp="325" pin="1"/><net_sink comp="131" pin=4"/></net>

<net id="333"><net_src comp="75" pin="2"/><net_sink comp="330" pin=0"/></net>

<net id="334"><net_src comp="330" pin="1"/><net_sink comp="131" pin=3"/></net>

<net id="338"><net_src comp="75" pin="2"/><net_sink comp="335" pin=0"/></net>

<net id="339"><net_src comp="335" pin="1"/><net_sink comp="131" pin=2"/></net>

<net id="343"><net_src comp="75" pin="2"/><net_sink comp="340" pin=0"/></net>

<net id="344"><net_src comp="340" pin="1"/><net_sink comp="131" pin=1"/></net>

</net_list>

</model> 
---------------- Datapath Model END ------------------

* FSMD analyzer results:
  - Output states:
	Port: a_stream | {42 }
 - Input state : 
	Port: Loop_VITIS_LOOP_47_1_proc2 : gmem_a | {2 3 4 5 6 7 8 9 10 11 12 13 14 15 16 17 18 19 20 21 22 23 24 25 26 27 28 29 30 31 32 33 34 35 36 37 38 39 40 41 }
	Port: Loop_VITIS_LOOP_47_1_proc2 : A | {1 }
  - Chain level:
	State 1
		store_ln0 : 1
		first_iter_0 : 1
		br_ln47 : 2
	State 2
	State 3
	State 4
	State 5
	State 6
	State 7
	State 8
	State 9
	State 10
	State 11
	State 12
	State 13
	State 14
	State 15
	State 16
	State 17
	State 18
	State 19
	State 20
	State 21
	State 22
	State 23
	State 24
	State 25
	State 26
	State 27
	State 28
	State 29
	State 30
	State 31
	State 32
		i : 1
		icmp_ln47 : 1
		store_ln47 : 2
		br_ln47 : 2
	State 33
	State 34
	State 35
	State 36
	State 37
	State 38
	State 39
	State 40
	State 41
	State 42
		write_ln52 : 1


============================================================
+ Verbose Summary: Datapath Resource usage 
============================================================

* Functional unit list:
|----------|------------------------|---------|---------|
| Operation|     Functional Unit    |    FF   |   LUT   |
|----------|------------------------|---------|---------|
|    add   |        i_fu_114        |    0    |    12   |
|----------|------------------------|---------|---------|
|   icmp   |    icmp_ln47_fu_120    |    0    |    12   |
|----------|------------------------|---------|---------|
|   read   |    A_read_read_fu_62   |    0    |    0    |
|          |     grp_read_fu_75     |    0    |    0    |
|----------|------------------------|---------|---------|
|  readreq |    grp_readreq_fu_68   |    0    |    0    |
|----------|------------------------|---------|---------|
|   write  | write_ln52_write_fu_80 |    0    |    0    |
|----------|------------------------|---------|---------|
|bitconcatenate|      row_a_fu_131      |    0    |    0    |
|----------|------------------------|---------|---------|
|   Total  |                        |    0    |    24   |
|----------|------------------------|---------|---------|

Memories:
N/A

* Register list:
+---------------------------+--------+
|                           |   FF   |
+---------------------------+--------+
|    first_iter_0_reg_87    |    1   |
|gmem_a_addr_read_10_reg_231|    8   |
|gmem_a_addr_read_11_reg_236|    8   |
|gmem_a_addr_read_12_reg_241|    8   |
|gmem_a_addr_read_13_reg_246|    8   |
|gmem_a_addr_read_14_reg_251|    8   |
|gmem_a_addr_read_15_reg_256|    8   |
|gmem_a_addr_read_16_reg_261|    8   |
|gmem_a_addr_read_17_reg_266|    8   |
|gmem_a_addr_read_18_reg_271|    8   |
|gmem_a_addr_read_19_reg_276|    8   |
| gmem_a_addr_read_1_reg_186|    8   |
|gmem_a_addr_read_20_reg_281|    8   |
|gmem_a_addr_read_21_reg_286|    8   |
|gmem_a_addr_read_22_reg_291|    8   |
|gmem_a_addr_read_23_reg_300|    8   |
|gmem_a_addr_read_24_reg_305|    8   |
|gmem_a_addr_read_25_reg_310|    8   |
|gmem_a_addr_read_26_reg_315|    8   |
|gmem_a_addr_read_27_reg_320|    8   |
|gmem_a_addr_read_28_reg_325|    8   |
|gmem_a_addr_read_29_reg_330|    8   |
| gmem_a_addr_read_2_reg_191|    8   |
|gmem_a_addr_read_30_reg_335|    8   |
|gmem_a_addr_read_31_reg_340|    8   |
| gmem_a_addr_read_3_reg_196|    8   |
| gmem_a_addr_read_4_reg_201|    8   |
| gmem_a_addr_read_5_reg_206|    8   |
| gmem_a_addr_read_6_reg_211|    8   |
| gmem_a_addr_read_7_reg_216|    8   |
| gmem_a_addr_read_8_reg_221|    8   |
| gmem_a_addr_read_9_reg_226|    8   |
|  gmem_a_addr_read_reg_181 |    8   |
|    gmem_a_addr_reg_175    |    8   |
|         i1_reg_168        |    5   |
|     icmp_ln47_reg_296     |    1   |
+---------------------------+--------+
|           Total           |   271  |
+---------------------------+--------+

* Multiplexer (MUX) list: 
|---------------------|------|------|------|--------||---------||---------||---------|
|         Comp        |  Pin | Size |  BW  | S x BW ||  Delay  ||    FF   ||   LUT   |
|---------------------|------|------|------|--------||---------||---------||---------|
| first_iter_0_reg_87 |  p0  |   2  |   1  |    2   ||    0    ||    9    |
|---------------------|------|------|------|--------||---------||---------||---------|
|        Total        |      |      |      |    2   ||  0.387  ||    0    ||    9    |
|---------------------|------|------|------|--------||---------||---------||---------|



* Summary:
+-----------+--------+--------+--------+
|           |  Delay |   FF   |   LUT  |
+-----------+--------+--------+--------+
|  Function |    -   |    0   |   24   |
|   Memory  |    -   |    -   |    -   |
|Multiplexer|    0   |    0   |    9   |
|  Register |    -   |   271  |    -   |
+-----------+--------+--------+--------+
|   Total   |    0   |   271  |   33   |
+-----------+--------+--------+--------+
