/mnt/vault0/rsunketa/vitis-hls-blackbox/c-designs/int8_32x32/run_hls.tcl:34:9: warning: HLS pragma dump _XLX_SEP_ PragmaIsValid=1_XLX_SEP_ PragmaType=top_XLX_SEP_ PragmaContext=directive_XLX_SEP_ PragmaFunction=matrix_multiply_32x32_XLX_SEP_ PragmaOptions=name=matrix_multiply_32x32_XLX_SEP_ [-Wdump-hls-pragmas]
#pragma HLSDIRECTIVE TOP name=matrix_multiply_32x32
        ^
matrix_multiply_32x32.cpp:28:9: warning: HLS pragma dump _XLX_SEP_ PragmaIsValid=1_XLX_SEP_ PragmaType=interface_XLX_SEP_ PragmaContext=_XLX_SEP_ PragmaFunction=matrix_multiply_32x32_XLX_SEP_ PragmaOptions=mode=m_axi port=A offset=slave bundle=gmem_a_XLX_SEP_ [-Wdump-hls-pragmas]
#pragma HLS interface mode=m_axi port=A offset=slave bundle=gmem_a
        ^
matrix_multiply_32x32.cpp:29:9: warning: HLS pragma dump _XLX_SEP_ PragmaIsValid=1_XLX_SEP_ PragmaType=interface_XLX_SEP_ PragmaContext=_XLX_SEP_ PragmaFunction=matrix_multiply_32x32_XLX_SEP_ PragmaOptions=mode=m_axi port=B offset=slave bundle=gmem_b_XLX_SEP_ [-Wdump-hls-pragmas]
#pragma HLS interface mode=m_axi port=B offset=slave bundle=gmem_b
        ^
matrix_multiply_32x32.cpp:30:9: warning: HLS pragma dump _XLX_SEP_ PragmaIsValid=1_XLX_SEP_ PragmaType=interface_XLX_SEP_ PragmaContext=_XLX_SEP_ PragmaFunction=matrix_multiply_32x32_XLX_SEP_ PragmaOptions=mode=m_axi port=C offset=slave bundle=gmem_c_XLX_SEP_ [-Wdump-hls-pragmas]
#pragma HLS interface mode=m_axi port=C offset=slave bundle=gmem_c
        ^
matrix_multiply_32x32.cpp:31:9: warning: HLS pragma dump _XLX_SEP_ PragmaIsValid=1_XLX_SEP_ PragmaType=interface_XLX_SEP_ PragmaContext=_XLX_SEP_ PragmaFunction=matrix_multiply_32x32_XLX_SEP_ PragmaOptions=s_axilite port=return_XLX_SEP_ [-Wdump-hls-pragmas]
#pragma HLS interface s_axilite port=return
        ^
matrix_multiply_32x32.cpp:38:9: warning: HLS pragma dump _XLX_SEP_ PragmaIsValid=1_XLX_SEP_ PragmaType=stream_XLX_SEP_ PragmaContext=_XLX_SEP_ PragmaFunction=matrix_multiply_32x32_XLX_SEP_ PragmaOptions=variable=a_stream depth=2_XLX_SEP_ [-Wdump-hls-pragmas]
#pragma HLS stream variable=a_stream depth=2
        ^
matrix_multiply_32x32.cpp:39:9: warning: HLS pragma dump _XLX_SEP_ PragmaIsValid=1_XLX_SEP_ PragmaType=stream_XLX_SEP_ PragmaContext=_XLX_SEP_ PragmaFunction=matrix_multiply_32x32_XLX_SEP_ PragmaOptions=variable=b_stream depth=2_XLX_SEP_ [-Wdump-hls-pragmas]
#pragma HLS stream variable=b_stream depth=2
        ^
matrix_multiply_32x32.cpp:40:9: warning: HLS pragma dump _XLX_SEP_ PragmaIsValid=1_XLX_SEP_ PragmaType=stream_XLX_SEP_ PragmaContext=_XLX_SEP_ PragmaFunction=matrix_multiply_32x32_XLX_SEP_ PragmaOptions=variable=c_stream depth=2_XLX_SEP_ [-Wdump-hls-pragmas]
#pragma HLS stream variable=c_stream depth=2
        ^
matrix_multiply_32x32.cpp:43:9: warning: HLS pragma dump _XLX_SEP_ PragmaIsValid=1_XLX_SEP_ PragmaType=dataflow_XLX_SEP_ PragmaContext=_XLX_SEP_ PragmaFunction=matrix_multiply_32x32_XLX_SEP_ PragmaOptions=_XLX_SEP_ [-Wdump-hls-pragmas]
#pragma HLS dataflow
        ^
9 warnings generated.
