

================================================================
== Vitis HLS Report for 'matrix_multiply_32x32'
================================================================
* Date:           Wed Jan 28 08:26:32 2026

* Version:        2024.1 (Build 5069499 on May 21 2024)
* Project:        matrix_multiply_32x32_proj
* Solution:       int8_32x32_solution (Vivado IP Flow Target)
* Product family: virtexuplus
* Target device:  xcvu9p-flga2104-2-i


================================================================
== Performance Estimates
================================================================
+ Timing: 
    * Summary: 
    +--------+---------+----------+------------+
    |  Clock |  Target | Estimated| Uncertainty|
    +--------+---------+----------+------------+
    |ap_clk  |  5.00 ns|  3.650 ns|     1.35 ns|
    +--------+---------+----------+------------+

+ Latency: 
    * Summary: 
    +---------+---------+----------+----------+------+------+----------+
    |  Latency (cycles) |  Latency (absolute) |   Interval  | Pipeline |
    |   min   |   max   |    min   |    max   |  min |  max |   Type   |
    +---------+---------+----------+----------+------+------+----------+
    |     1075|     1075|  5.375 us|  5.375 us|  1024|  1024|  dataflow|
    +---------+---------+----------+----------+------+------+----------+

    + Detail: 
        * Instance: 
        N/A

        * Loop: 
        N/A

============================================================
+ Verbose Summary: Synthesis Manager
============================================================
InlineROM: 1
ExposeGlobal: 0
============================================================
+ Verbose Summary: CDFG Model
============================================================
IsTopModel: 1
ResetActiveHigh: 1
IsCombinational: 2
IsDatapathOnly: 0
HasWiredReturn: 1
HasMFsm: 0
HasVarLatency: 1
IsPipeline: 0
IsRtlPipelined: 0
IsInstanceOverlapped: 0
IsDontTouch: 0
HasImplIP: 0
IsGatedGlobalClock: 0


============================================================
+ Verbose Summary: Schedule
============================================================
* Number of FSM states : 7
* Pipeline : 0
* Dataflow Pipeline: 1
  DF-Pipeline-0: Size = 7, States = { 1 2 3 4 5 6 7 }

* FSM state transitions: 
1 --> 2 
2 --> 3 
3 --> 4 
4 --> 5 
5 --> 6 
6 --> 7 
7 --> 

* FSM state operations: 

State 1 <SV = 0> <Delay = 2.40>
ST_1 : Operation 8 [1/1] (1.00ns)   --->   "%C_read = read i64 @_ssdm_op_Read.s_axilite.i64, i64 %C" [matrix_multiply_32x32.cpp:43]   --->   Operation 8 'read' 'C_read' <Predicate = true> <Delay = 1.00> <CoreInst = "s_axilite">   --->   Core 120 's_axilite' <Latency = 0> <II = 1> <Delay = 1.00> <Adapter> <Opcode : 'read' 'write'>
ST_1 : Operation 9 [1/1] (1.00ns)   --->   "%B_read = read i64 @_ssdm_op_Read.s_axilite.i64, i64 %B" [matrix_multiply_32x32.cpp:43]   --->   Operation 9 'read' 'B_read' <Predicate = true> <Delay = 1.00> <CoreInst = "s_axilite">   --->   Core 120 's_axilite' <Latency = 0> <II = 1> <Delay = 1.00> <Adapter> <Opcode : 'read' 'write'>
ST_1 : Operation 10 [1/1] (1.00ns)   --->   "%A_read = read i64 @_ssdm_op_Read.s_axilite.i64, i64 %A" [matrix_multiply_32x32.cpp:43]   --->   Operation 10 'read' 'A_read' <Predicate = true> <Delay = 1.00> <CoreInst = "s_axilite">   --->   Core 120 's_axilite' <Latency = 0> <II = 1> <Delay = 1.00> <Adapter> <Opcode : 'read' 'write'>
ST_1 : Operation 11 [1/1] (0.00ns)   --->   "%C_c = alloca i64 1" [matrix_multiply_32x32.cpp:43]   --->   Operation 11 'alloca' 'C_c' <Predicate = true> <Delay = 0.00> <CoreInst = "FIFO_SRL">   --->   Core 80 'FIFO_SRL' <Latency = 0> <II = 1> <Delay = 1.40> <Storage> <Opcode : 'read' 'write' 'nbread' 'nbwrite'> <Ports = 0> <Width = 64> <Depth = 5> <FIFO>
ST_1 : Operation 12 [1/1] (0.00ns)   --->   "%a_stream = alloca i64 1"   --->   Operation 12 'alloca' 'a_stream' <Predicate = true> <Delay = 0.00> <CoreInst = "FIFO_SRL">   --->   Core 80 'FIFO_SRL' <Latency = 0> <II = 1> <Delay = 1.42> <Storage> <Opcode : 'read' 'write' 'nbread' 'nbwrite'> <Ports = 0> <Width = 256> <Depth = 2> <FIFO>
ST_1 : Operation 13 [1/1] (0.00ns)   --->   "%b_stream = alloca i64 1" [matrix_multiply_32x32.cpp:35]   --->   Operation 13 'alloca' 'b_stream' <Predicate = true> <Delay = 0.00> <CoreInst = "FIFO_SRL">   --->   Core 80 'FIFO_SRL' <Latency = 0> <II = 1> <Delay = 1.42> <Storage> <Opcode : 'read' 'write' 'nbread' 'nbwrite'> <Ports = 0> <Width = 256> <Depth = 2> <FIFO>
ST_1 : Operation 14 [1/1] (0.00ns)   --->   "%c_stream = alloca i64 1" [matrix_multiply_32x32.cpp:36]   --->   Operation 14 'alloca' 'c_stream' <Predicate = true> <Delay = 0.00> <CoreInst = "FIFO_SRL">   --->   Core 80 'FIFO_SRL' <Latency = 0> <II = 1> <Delay = 1.41> <Storage> <Opcode : 'read' 'write' 'nbread' 'nbwrite'> <Ports = 0> <Width = 512> <Depth = 2> <FIFO>
ST_1 : Operation 15 [1/1] (1.40ns)   --->   "%call_ln43 = call void @entry_proc, i64 %C_read, i64 %C_c" [matrix_multiply_32x32.cpp:43]   --->   Operation 15 'call' 'call_ln43' <Predicate = true> <Delay = 1.40> <CoreType = "Generic">   --->   Core 0 '' <Latency = 0> <II = 1> <Delay = 1.00> <Generic> <Opcode : >
ST_1 : Operation 16 [1/1] (1.14ns)   --->   "%call_ret = call i1984 @Block_VITIS_LOOP_57_3_proc, i64 %B_read" [matrix_multiply_32x32.cpp:43]   --->   Operation 16 'call' 'call_ret' <Predicate = true> <Delay = 1.14> <CoreType = "Generic">   --->   Core 0 '' <Latency = 0> <II = 1> <Delay = 1.00> <Generic> <Opcode : >
ST_1 : Operation 17 [1/1] (0.00ns)   --->   "%p_loc_channel = extractvalue i1984 %call_ret" [matrix_multiply_32x32.cpp:43]   --->   Operation 17 'extractvalue' 'p_loc_channel' <Predicate = true> <Delay = 0.00> <CoreInst = "FIFO_SRL">   --->   Core 80 'FIFO_SRL' <Latency = 0> <II = 1> <Delay = 1.40> <Storage> <Opcode : 'read' 'write' 'nbread' 'nbwrite'> <Ports = 0> <Width = 64> <Depth = 2> <FIFO>
ST_1 : Operation 18 [1/1] (0.00ns)   --->   "%p_loc36_channel = extractvalue i1984 %call_ret" [matrix_multiply_32x32.cpp:43]   --->   Operation 18 'extractvalue' 'p_loc36_channel' <Predicate = true> <Delay = 0.00> <CoreInst = "FIFO_SRL">   --->   Core 80 'FIFO_SRL' <Latency = 0> <II = 1> <Delay = 1.40> <Storage> <Opcode : 'read' 'write' 'nbread' 'nbwrite'> <Ports = 0> <Width = 64> <Depth = 2> <FIFO>
ST_1 : Operation 19 [1/1] (0.00ns)   --->   "%p_loc37_channel = extractvalue i1984 %call_ret" [matrix_multiply_32x32.cpp:43]   --->   Operation 19 'extractvalue' 'p_loc37_channel' <Predicate = true> <Delay = 0.00> <CoreInst = "FIFO_SRL">   --->   Core 80 'FIFO_SRL' <Latency = 0> <II = 1> <Delay = 1.40> <Storage> <Opcode : 'read' 'write' 'nbread' 'nbwrite'> <Ports = 0> <Width = 64> <Depth = 2> <FIFO>
ST_1 : Operation 20 [1/1] (0.00ns)   --->   "%p_loc38_channel = extractvalue i1984 %call_ret" [matrix_multiply_32x32.cpp:43]   --->   Operation 20 'extractvalue' 'p_loc38_channel' <Predicate = true> <Delay = 0.00> <CoreInst = "FIFO_SRL">   --->   Core 80 'FIFO_SRL' <Latency = 0> <II = 1> <Delay = 1.40> <Storage> <Opcode : 'read' 'write' 'nbread' 'nbwrite'> <Ports = 0> <Width = 64> <Depth = 2> <FIFO>
ST_1 : Operation 21 [1/1] (0.00ns)   --->   "%p_loc39_channel = extractvalue i1984 %call_ret" [matrix_multiply_32x32.cpp:43]   --->   Operation 21 'extractvalue' 'p_loc39_channel' <Predicate = true> <Delay = 0.00> <CoreInst = "FIFO_SRL">   --->   Core 80 'FIFO_SRL' <Latency = 0> <II = 1> <Delay = 1.40> <Storage> <Opcode : 'read' 'write' 'nbread' 'nbwrite'> <Ports = 0> <Width = 64> <Depth = 2> <FIFO>
ST_1 : Operation 22 [1/1] (0.00ns)   --->   "%p_loc40_channel = extractvalue i1984 %call_ret" [matrix_multiply_32x32.cpp:43]   --->   Operation 22 'extractvalue' 'p_loc40_channel' <Predicate = true> <Delay = 0.00> <CoreInst = "FIFO_SRL">   --->   Core 80 'FIFO_SRL' <Latency = 0> <II = 1> <Delay = 1.40> <Storage> <Opcode : 'read' 'write' 'nbread' 'nbwrite'> <Ports = 0> <Width = 64> <Depth = 2> <FIFO>
ST_1 : Operation 23 [1/1] (0.00ns)   --->   "%p_loc41_channel = extractvalue i1984 %call_ret" [matrix_multiply_32x32.cpp:43]   --->   Operation 23 'extractvalue' 'p_loc41_channel' <Predicate = true> <Delay = 0.00> <CoreInst = "FIFO_SRL">   --->   Core 80 'FIFO_SRL' <Latency = 0> <II = 1> <Delay = 1.40> <Storage> <Opcode : 'read' 'write' 'nbread' 'nbwrite'> <Ports = 0> <Width = 64> <Depth = 2> <FIFO>
ST_1 : Operation 24 [1/1] (0.00ns)   --->   "%p_loc42_channel = extractvalue i1984 %call_ret" [matrix_multiply_32x32.cpp:43]   --->   Operation 24 'extractvalue' 'p_loc42_channel' <Predicate = true> <Delay = 0.00> <CoreInst = "FIFO_SRL">   --->   Core 80 'FIFO_SRL' <Latency = 0> <II = 1> <Delay = 1.40> <Storage> <Opcode : 'read' 'write' 'nbread' 'nbwrite'> <Ports = 0> <Width = 64> <Depth = 2> <FIFO>
ST_1 : Operation 25 [1/1] (0.00ns)   --->   "%p_loc43_channel = extractvalue i1984 %call_ret" [matrix_multiply_32x32.cpp:43]   --->   Operation 25 'extractvalue' 'p_loc43_channel' <Predicate = true> <Delay = 0.00> <CoreInst = "FIFO_SRL">   --->   Core 80 'FIFO_SRL' <Latency = 0> <II = 1> <Delay = 1.40> <Storage> <Opcode : 'read' 'write' 'nbread' 'nbwrite'> <Ports = 0> <Width = 64> <Depth = 2> <FIFO>
ST_1 : Operation 26 [1/1] (0.00ns)   --->   "%p_loc44_channel = extractvalue i1984 %call_ret" [matrix_multiply_32x32.cpp:43]   --->   Operation 26 'extractvalue' 'p_loc44_channel' <Predicate = true> <Delay = 0.00> <CoreInst = "FIFO_SRL">   --->   Core 80 'FIFO_SRL' <Latency = 0> <II = 1> <Delay = 1.40> <Storage> <Opcode : 'read' 'write' 'nbread' 'nbwrite'> <Ports = 0> <Width = 64> <Depth = 2> <FIFO>
ST_1 : Operation 27 [1/1] (0.00ns)   --->   "%p_loc45_channel = extractvalue i1984 %call_ret" [matrix_multiply_32x32.cpp:43]   --->   Operation 27 'extractvalue' 'p_loc45_channel' <Predicate = true> <Delay = 0.00> <CoreInst = "FIFO_SRL">   --->   Core 80 'FIFO_SRL' <Latency = 0> <II = 1> <Delay = 1.40> <Storage> <Opcode : 'read' 'write' 'nbread' 'nbwrite'> <Ports = 0> <Width = 64> <Depth = 2> <FIFO>
ST_1 : Operation 28 [1/1] (0.00ns)   --->   "%p_loc46_channel = extractvalue i1984 %call_ret" [matrix_multiply_32x32.cpp:43]   --->   Operation 28 'extractvalue' 'p_loc46_channel' <Predicate = true> <Delay = 0.00> <CoreInst = "FIFO_SRL">   --->   Core 80 'FIFO_SRL' <Latency = 0> <II = 1> <Delay = 1.40> <Storage> <Opcode : 'read' 'write' 'nbread' 'nbwrite'> <Ports = 0> <Width = 64> <Depth = 2> <FIFO>
ST_1 : Operation 29 [1/1] (0.00ns)   --->   "%p_loc47_channel = extractvalue i1984 %call_ret" [matrix_multiply_32x32.cpp:43]   --->   Operation 29 'extractvalue' 'p_loc47_channel' <Predicate = true> <Delay = 0.00> <CoreInst = "FIFO_SRL">   --->   Core 80 'FIFO_SRL' <Latency = 0> <II = 1> <Delay = 1.40> <Storage> <Opcode : 'read' 'write' 'nbread' 'nbwrite'> <Ports = 0> <Width = 64> <Depth = 2> <FIFO>
ST_1 : Operation 30 [1/1] (0.00ns)   --->   "%p_loc48_channel = extractvalue i1984 %call_ret" [matrix_multiply_32x32.cpp:43]   --->   Operation 30 'extractvalue' 'p_loc48_channel' <Predicate = true> <Delay = 0.00> <CoreInst = "FIFO_SRL">   --->   Core 80 'FIFO_SRL' <Latency = 0> <II = 1> <Delay = 1.40> <Storage> <Opcode : 'read' 'write' 'nbread' 'nbwrite'> <Ports = 0> <Width = 64> <Depth = 2> <FIFO>
ST_1 : Operation 31 [1/1] (0.00ns)   --->   "%p_loc49_channel = extractvalue i1984 %call_ret" [matrix_multiply_32x32.cpp:43]   --->   Operation 31 'extractvalue' 'p_loc49_channel' <Predicate = true> <Delay = 0.00> <CoreInst = "FIFO_SRL">   --->   Core 80 'FIFO_SRL' <Latency = 0> <II = 1> <Delay = 1.40> <Storage> <Opcode : 'read' 'write' 'nbread' 'nbwrite'> <Ports = 0> <Width = 64> <Depth = 2> <FIFO>
ST_1 : Operation 32 [1/1] (0.00ns)   --->   "%p_loc50_channel = extractvalue i1984 %call_ret" [matrix_multiply_32x32.cpp:43]   --->   Operation 32 'extractvalue' 'p_loc50_channel' <Predicate = true> <Delay = 0.00> <CoreInst = "FIFO_SRL">   --->   Core 80 'FIFO_SRL' <Latency = 0> <II = 1> <Delay = 1.40> <Storage> <Opcode : 'read' 'write' 'nbread' 'nbwrite'> <Ports = 0> <Width = 64> <Depth = 2> <FIFO>
ST_1 : Operation 33 [1/1] (0.00ns)   --->   "%p_loc51_channel = extractvalue i1984 %call_ret" [matrix_multiply_32x32.cpp:43]   --->   Operation 33 'extractvalue' 'p_loc51_channel' <Predicate = true> <Delay = 0.00> <CoreInst = "FIFO_SRL">   --->   Core 80 'FIFO_SRL' <Latency = 0> <II = 1> <Delay = 1.40> <Storage> <Opcode : 'read' 'write' 'nbread' 'nbwrite'> <Ports = 0> <Width = 64> <Depth = 2> <FIFO>
ST_1 : Operation 34 [1/1] (0.00ns)   --->   "%p_loc52_channel = extractvalue i1984 %call_ret" [matrix_multiply_32x32.cpp:43]   --->   Operation 34 'extractvalue' 'p_loc52_channel' <Predicate = true> <Delay = 0.00> <CoreInst = "FIFO_SRL">   --->   Core 80 'FIFO_SRL' <Latency = 0> <II = 1> <Delay = 1.40> <Storage> <Opcode : 'read' 'write' 'nbread' 'nbwrite'> <Ports = 0> <Width = 64> <Depth = 2> <FIFO>
ST_1 : Operation 35 [1/1] (0.00ns)   --->   "%p_loc53_channel = extractvalue i1984 %call_ret" [matrix_multiply_32x32.cpp:43]   --->   Operation 35 'extractvalue' 'p_loc53_channel' <Predicate = true> <Delay = 0.00> <CoreInst = "FIFO_SRL">   --->   Core 80 'FIFO_SRL' <Latency = 0> <II = 1> <Delay = 1.40> <Storage> <Opcode : 'read' 'write' 'nbread' 'nbwrite'> <Ports = 0> <Width = 64> <Depth = 2> <FIFO>
ST_1 : Operation 36 [1/1] (0.00ns)   --->   "%p_loc54_channel = extractvalue i1984 %call_ret" [matrix_multiply_32x32.cpp:43]   --->   Operation 36 'extractvalue' 'p_loc54_channel' <Predicate = true> <Delay = 0.00> <CoreInst = "FIFO_SRL">   --->   Core 80 'FIFO_SRL' <Latency = 0> <II = 1> <Delay = 1.40> <Storage> <Opcode : 'read' 'write' 'nbread' 'nbwrite'> <Ports = 0> <Width = 64> <Depth = 2> <FIFO>
ST_1 : Operation 37 [1/1] (0.00ns)   --->   "%p_loc55_channel = extractvalue i1984 %call_ret" [matrix_multiply_32x32.cpp:43]   --->   Operation 37 'extractvalue' 'p_loc55_channel' <Predicate = true> <Delay = 0.00> <CoreInst = "FIFO_SRL">   --->   Core 80 'FIFO_SRL' <Latency = 0> <II = 1> <Delay = 1.40> <Storage> <Opcode : 'read' 'write' 'nbread' 'nbwrite'> <Ports = 0> <Width = 64> <Depth = 2> <FIFO>
ST_1 : Operation 38 [1/1] (0.00ns)   --->   "%p_loc56_channel = extractvalue i1984 %call_ret" [matrix_multiply_32x32.cpp:43]   --->   Operation 38 'extractvalue' 'p_loc56_channel' <Predicate = true> <Delay = 0.00> <CoreInst = "FIFO_SRL">   --->   Core 80 'FIFO_SRL' <Latency = 0> <II = 1> <Delay = 1.40> <Storage> <Opcode : 'read' 'write' 'nbread' 'nbwrite'> <Ports = 0> <Width = 64> <Depth = 2> <FIFO>
ST_1 : Operation 39 [1/1] (0.00ns)   --->   "%p_loc57_channel = extractvalue i1984 %call_ret" [matrix_multiply_32x32.cpp:43]   --->   Operation 39 'extractvalue' 'p_loc57_channel' <Predicate = true> <Delay = 0.00> <CoreInst = "FIFO_SRL">   --->   Core 80 'FIFO_SRL' <Latency = 0> <II = 1> <Delay = 1.40> <Storage> <Opcode : 'read' 'write' 'nbread' 'nbwrite'> <Ports = 0> <Width = 64> <Depth = 2> <FIFO>
ST_1 : Operation 40 [1/1] (0.00ns)   --->   "%p_loc58_channel = extractvalue i1984 %call_ret" [matrix_multiply_32x32.cpp:43]   --->   Operation 40 'extractvalue' 'p_loc58_channel' <Predicate = true> <Delay = 0.00> <CoreInst = "FIFO_SRL">   --->   Core 80 'FIFO_SRL' <Latency = 0> <II = 1> <Delay = 1.40> <Storage> <Opcode : 'read' 'write' 'nbread' 'nbwrite'> <Ports = 0> <Width = 64> <Depth = 2> <FIFO>
ST_1 : Operation 41 [1/1] (0.00ns)   --->   "%p_loc59_channel = extractvalue i1984 %call_ret" [matrix_multiply_32x32.cpp:43]   --->   Operation 41 'extractvalue' 'p_loc59_channel' <Predicate = true> <Delay = 0.00> <CoreInst = "FIFO_SRL">   --->   Core 80 'FIFO_SRL' <Latency = 0> <II = 1> <Delay = 1.40> <Storage> <Opcode : 'read' 'write' 'nbread' 'nbwrite'> <Ports = 0> <Width = 64> <Depth = 2> <FIFO>
ST_1 : Operation 42 [1/1] (0.00ns)   --->   "%p_loc60_channel = extractvalue i1984 %call_ret" [matrix_multiply_32x32.cpp:43]   --->   Operation 42 'extractvalue' 'p_loc60_channel' <Predicate = true> <Delay = 0.00> <CoreInst = "FIFO_SRL">   --->   Core 80 'FIFO_SRL' <Latency = 0> <II = 1> <Delay = 1.40> <Storage> <Opcode : 'read' 'write' 'nbread' 'nbwrite'> <Ports = 0> <Width = 64> <Depth = 2> <FIFO>
ST_1 : Operation 43 [1/1] (0.00ns)   --->   "%p_loc61_channel = extractvalue i1984 %call_ret" [matrix_multiply_32x32.cpp:43]   --->   Operation 43 'extractvalue' 'p_loc61_channel' <Predicate = true> <Delay = 0.00> <CoreInst = "FIFO_SRL">   --->   Core 80 'FIFO_SRL' <Latency = 0> <II = 1> <Delay = 1.40> <Storage> <Opcode : 'read' 'write' 'nbread' 'nbwrite'> <Ports = 0> <Width = 64> <Depth = 2> <FIFO>
ST_1 : Operation 44 [1/1] (0.00ns)   --->   "%p_loc62_channel = extractvalue i1984 %call_ret" [matrix_multiply_32x32.cpp:43]   --->   Operation 44 'extractvalue' 'p_loc62_channel' <Predicate = true> <Delay = 0.00> <CoreInst = "FIFO_SRL">   --->   Core 80 'FIFO_SRL' <Latency = 0> <II = 1> <Delay = 1.40> <Storage> <Opcode : 'read' 'write' 'nbread' 'nbwrite'> <Ports = 0> <Width = 64> <Depth = 2> <FIFO>
ST_1 : Operation 45 [1/1] (0.00ns)   --->   "%p_loc63_channel = extractvalue i1984 %call_ret" [matrix_multiply_32x32.cpp:43]   --->   Operation 45 'extractvalue' 'p_loc63_channel' <Predicate = true> <Delay = 0.00> <CoreInst = "FIFO_SRL">   --->   Core 80 'FIFO_SRL' <Latency = 0> <II = 1> <Delay = 1.40> <Storage> <Opcode : 'read' 'write' 'nbread' 'nbwrite'> <Ports = 0> <Width = 64> <Depth = 2> <FIFO>
ST_1 : Operation 46 [1/1] (0.00ns)   --->   "%p_loc64_channel = extractvalue i1984 %call_ret" [matrix_multiply_32x32.cpp:43]   --->   Operation 46 'extractvalue' 'p_loc64_channel' <Predicate = true> <Delay = 0.00> <CoreInst = "FIFO_SRL">   --->   Core 80 'FIFO_SRL' <Latency = 0> <II = 1> <Delay = 1.40> <Storage> <Opcode : 'read' 'write' 'nbread' 'nbwrite'> <Ports = 0> <Width = 64> <Depth = 2> <FIFO>
ST_1 : Operation 47 [1/1] (0.00ns)   --->   "%p_loc65_channel = extractvalue i1984 %call_ret" [matrix_multiply_32x32.cpp:43]   --->   Operation 47 'extractvalue' 'p_loc65_channel' <Predicate = true> <Delay = 0.00> <CoreInst = "FIFO_SRL">   --->   Core 80 'FIFO_SRL' <Latency = 0> <II = 1> <Delay = 1.40> <Storage> <Opcode : 'read' 'write' 'nbread' 'nbwrite'> <Ports = 0> <Width = 64> <Depth = 2> <FIFO>

State 2 <SV = 1> <Delay = 2.57>
ST_2 : Operation 48 [2/2] (0.00ns)   --->   "%call_ln43 = call void @Loop_VITIS_LOOP_47_1_proc2, i8 %gmem_a, i64 %A_read, i256 %a_stream" [matrix_multiply_32x32.cpp:43]   --->   Operation 48 'call' 'call_ln43' <Predicate = true> <Delay = 0.00> <CoreType = "Generic">   --->   Core 0 '' <Latency = 0> <II = 1> <Delay = 1.00> <Generic> <Opcode : >
ST_2 : Operation 49 [2/2] (2.57ns)   --->   "%call_ln43 = call void @Loop_VITIS_LOOP_57_3_proc, i64 %B_read, i8 %gmem_b, i64 %p_loc_channel, i64 %p_loc36_channel, i64 %p_loc37_channel, i64 %p_loc38_channel, i64 %p_loc39_channel, i64 %p_loc40_channel, i64 %p_loc41_channel, i64 %p_loc42_channel, i64 %p_loc43_channel, i64 %p_loc44_channel, i64 %p_loc45_channel, i64 %p_loc46_channel, i64 %p_loc47_channel, i64 %p_loc48_channel, i64 %p_loc49_channel, i64 %p_loc50_channel, i64 %p_loc51_channel, i64 %p_loc52_channel, i64 %p_loc53_channel, i64 %p_loc54_channel, i64 %p_loc55_channel, i64 %p_loc56_channel, i64 %p_loc57_channel, i64 %p_loc58_channel, i64 %p_loc59_channel, i64 %p_loc60_channel, i64 %p_loc61_channel, i64 %p_loc62_channel, i64 %p_loc63_channel, i64 %p_loc64_channel, i64 %p_loc65_channel, i256 %b_stream" [matrix_multiply_32x32.cpp:43]   --->   Operation 49 'call' 'call_ln43' <Predicate = true> <Delay = 2.57> <CoreType = "Generic">   --->   Core 0 '' <Latency = 0> <II = 1> <Delay = 1.00> <Generic> <Opcode : >

State 3 <SV = 2> <Delay = 0.00>
ST_3 : Operation 50 [1/2] (0.00ns)   --->   "%call_ln43 = call void @Loop_VITIS_LOOP_47_1_proc2, i8 %gmem_a, i64 %A_read, i256 %a_stream" [matrix_multiply_32x32.cpp:43]   --->   Operation 50 'call' 'call_ln43' <Predicate = true> <Delay = 0.00> <CoreType = "Generic">   --->   Core 0 '' <Latency = 0> <II = 1> <Delay = 1.00> <Generic> <Opcode : >
ST_3 : Operation 51 [1/2] (0.00ns)   --->   "%call_ln43 = call void @Loop_VITIS_LOOP_57_3_proc, i64 %B_read, i8 %gmem_b, i64 %p_loc_channel, i64 %p_loc36_channel, i64 %p_loc37_channel, i64 %p_loc38_channel, i64 %p_loc39_channel, i64 %p_loc40_channel, i64 %p_loc41_channel, i64 %p_loc42_channel, i64 %p_loc43_channel, i64 %p_loc44_channel, i64 %p_loc45_channel, i64 %p_loc46_channel, i64 %p_loc47_channel, i64 %p_loc48_channel, i64 %p_loc49_channel, i64 %p_loc50_channel, i64 %p_loc51_channel, i64 %p_loc52_channel, i64 %p_loc53_channel, i64 %p_loc54_channel, i64 %p_loc55_channel, i64 %p_loc56_channel, i64 %p_loc57_channel, i64 %p_loc58_channel, i64 %p_loc59_channel, i64 %p_loc60_channel, i64 %p_loc61_channel, i64 %p_loc62_channel, i64 %p_loc63_channel, i64 %p_loc64_channel, i64 %p_loc65_channel, i256 %b_stream" [matrix_multiply_32x32.cpp:43]   --->   Operation 51 'call' 'call_ln43' <Predicate = true> <Delay = 0.00> <CoreType = "Generic">   --->   Core 0 '' <Latency = 0> <II = 1> <Delay = 1.00> <Generic> <Opcode : >

State 4 <SV = 3> <Delay = 0.00>
ST_4 : Operation 52 [2/2] (0.00ns)   --->   "%call_ln66 = call void @int8_32x32_wrapper_wrapper.1, i256 %a_stream, i256 %b_stream, i512 %c_stream" [matrix_multiply_32x32.cpp:66]   --->   Operation 52 'call' 'call_ln66' <Predicate = true> <Delay = 0.00> <CoreType = "Generic">   --->   Core 0 '' <Latency = 0> <II = 1> <Delay = 1.00> <Generic> <Opcode : >

State 5 <SV = 4> <Delay = 0.00>
ST_5 : Operation 53 [1/2] (0.00ns)   --->   "%call_ln66 = call void @int8_32x32_wrapper_wrapper.1, i256 %a_stream, i256 %b_stream, i512 %c_stream" [matrix_multiply_32x32.cpp:66]   --->   Operation 53 'call' 'call_ln66' <Predicate = true> <Delay = 0.00> <CoreType = "Generic">   --->   Core 0 '' <Latency = 0> <II = 1> <Delay = 1.00> <Generic> <Opcode : >

State 6 <SV = 5> <Delay = 0.00>
ST_6 : Operation 54 [2/2] (0.00ns)   --->   "%call_ln43 = call void @Loop_VITIS_LOOP_70_5_proc3, i64 %C_c, i16 %gmem_c, i512 %c_stream" [matrix_multiply_32x32.cpp:43]   --->   Operation 54 'call' 'call_ln43' <Predicate = true> <Delay = 0.00> <CoreType = "Generic">   --->   Core 0 '' <Latency = 0> <II = 1> <Delay = 1.00> <Generic> <Opcode : >

State 7 <SV = 6> <Delay = 0.00>
ST_7 : Operation 55 [1/1] (0.00ns)   --->   "%empty = specchannel i32 @_ssdm_op_SpecChannel, void @C_c_str, i32 1, void @p_str, void @p_str, i32 5, i32 0, i64 %C_c, i64 %C_c" [matrix_multiply_32x32.cpp:43]   --->   Operation 55 'specchannel' 'empty' <Predicate = true> <Delay = 0.00>
ST_7 : Operation 56 [1/1] (0.00ns)   --->   "%specinterface_ln43 = specinterface void @_ssdm_op_SpecInterface, i64 %C_c, void @ap_fifo_str, i32 0, i32 0, void @p_str, i32 0, i32 0, void @p_str, void @p_str, void @p_str, i32 2, i32 2, i32 16, i32 16, void @p_str, void @p_str, i32 4294967295, i32 0, i32 0" [matrix_multiply_32x32.cpp:43]   --->   Operation 56 'specinterface' 'specinterface_ln43' <Predicate = true> <Delay = 0.00>
ST_7 : Operation 57 [1/1] (0.00ns)   --->   "%specdataflowpipeline_ln43 = specdataflowpipeline void @_ssdm_op_SpecDataflowPipeline, i32 4294967295, i32 0, void @empty_12" [matrix_multiply_32x32.cpp:43]   --->   Operation 57 'specdataflowpipeline' 'specdataflowpipeline_ln43' <Predicate = true> <Delay = 0.00>
ST_7 : Operation 58 [1/1] (0.00ns)   --->   "%spectopmodule_ln20 = spectopmodule void @_ssdm_op_SpecTopModule, void @empty_10" [matrix_multiply_32x32.cpp:20]   --->   Operation 58 'spectopmodule' 'spectopmodule_ln20' <Predicate = true> <Delay = 0.00>
ST_7 : Operation 59 [1/1] (0.00ns)   --->   "%specinterface_ln0 = specinterface void @_ssdm_op_SpecInterface, i8 %gmem_a, void @empty_14, i32 0, i32 0, void @empty_12, i32 0, i32 0, void @empty_1, void @empty_15, void @empty_12, i32 16, i32 16, i32 16, i32 16, void @empty_12, void @empty_12, i32 4294967295, i32 0, i32 0"   --->   Operation 59 'specinterface' 'specinterface_ln0' <Predicate = true> <Delay = 0.00>
ST_7 : Operation 60 [1/1] (0.00ns)   --->   "%specbitsmap_ln0 = specbitsmap void @_ssdm_op_SpecBitsMap, i8 %gmem_a"   --->   Operation 60 'specbitsmap' 'specbitsmap_ln0' <Predicate = true> <Delay = 0.00>
ST_7 : Operation 61 [1/1] (0.00ns)   --->   "%specinterface_ln0 = specinterface void @_ssdm_op_SpecInterface, i8 %gmem_b, void @empty_14, i32 0, i32 0, void @empty_12, i32 0, i32 0, void @empty_0, void @empty_15, void @empty_12, i32 16, i32 16, i32 16, i32 16, void @empty_12, void @empty_12, i32 4294967295, i32 0, i32 0"   --->   Operation 61 'specinterface' 'specinterface_ln0' <Predicate = true> <Delay = 0.00>
ST_7 : Operation 62 [1/1] (0.00ns)   --->   "%specbitsmap_ln0 = specbitsmap void @_ssdm_op_SpecBitsMap, i8 %gmem_b"   --->   Operation 62 'specbitsmap' 'specbitsmap_ln0' <Predicate = true> <Delay = 0.00>
ST_7 : Operation 63 [1/1] (0.00ns)   --->   "%specinterface_ln0 = specinterface void @_ssdm_op_SpecInterface, i16 %gmem_c, void @empty_14, i32 0, i32 0, void @empty_12, i32 0, i32 0, void @empty, void @empty_15, void @empty_12, i32 16, i32 16, i32 16, i32 16, void @empty_12, void @empty_12, i32 4294967295, i32 0, i32 0"   --->   Operation 63 'specinterface' 'specinterface_ln0' <Predicate = true> <Delay = 0.00>
ST_7 : Operation 64 [1/1] (0.00ns)   --->   "%specbitsmap_ln0 = specbitsmap void @_ssdm_op_SpecBitsMap, i16 %gmem_c"   --->   Operation 64 'specbitsmap' 'specbitsmap_ln0' <Predicate = true> <Delay = 0.00>
ST_7 : Operation 65 [1/1] (0.00ns)   --->   "%specinterface_ln0 = specinterface void @_ssdm_op_SpecInterface, i64 %A, void @empty_2, i32 0, i32 0, void @empty_12, i32 0, i32 0, void @empty_11, void @empty_13, void @empty_12, i32 0, i32 0, i32 0, i32 0, void @empty_12, void @empty_5, i32 4294967295, i32 0, i32 0"   --->   Operation 65 'specinterface' 'specinterface_ln0' <Predicate = true> <Delay = 0.00>
ST_7 : Operation 66 [1/1] (0.00ns)   --->   "%specinterface_ln0 = specinterface void @_ssdm_op_SpecInterface, i64 %A, void @empty_6, i32 0, i32 0, void @empty_12, i32 0, i32 0, void @empty_12, void @empty_12, void @empty_12, i32 0, i32 0, i32 0, i32 0, void @empty_12, void @empty_5, i32 4294967295, i32 0, i32 0"   --->   Operation 66 'specinterface' 'specinterface_ln0' <Predicate = true> <Delay = 0.00>
ST_7 : Operation 67 [1/1] (0.00ns)   --->   "%specinterface_ln0 = specinterface void @_ssdm_op_SpecInterface, i64 %B, void @empty_2, i32 0, i32 0, void @empty_12, i32 0, i32 0, void @empty_11, void @empty_7, void @empty_12, i32 0, i32 0, i32 0, i32 0, void @empty_12, void @empty_5, i32 4294967295, i32 0, i32 0"   --->   Operation 67 'specinterface' 'specinterface_ln0' <Predicate = true> <Delay = 0.00>
ST_7 : Operation 68 [1/1] (0.00ns)   --->   "%specinterface_ln0 = specinterface void @_ssdm_op_SpecInterface, i64 %B, void @empty_6, i32 0, i32 0, void @empty_12, i32 0, i32 0, void @empty_12, void @empty_12, void @empty_12, i32 0, i32 0, i32 0, i32 0, void @empty_12, void @empty_5, i32 4294967295, i32 0, i32 0"   --->   Operation 68 'specinterface' 'specinterface_ln0' <Predicate = true> <Delay = 0.00>
ST_7 : Operation 69 [1/1] (0.00ns)   --->   "%specinterface_ln0 = specinterface void @_ssdm_op_SpecInterface, i64 %C, void @empty_2, i32 0, i32 0, void @empty_12, i32 0, i32 0, void @empty_11, void @empty_8, void @empty_12, i32 0, i32 0, i32 0, i32 0, void @empty_12, void @empty_5, i32 4294967295, i32 0, i32 0"   --->   Operation 69 'specinterface' 'specinterface_ln0' <Predicate = true> <Delay = 0.00>
ST_7 : Operation 70 [1/1] (0.00ns)   --->   "%specinterface_ln0 = specinterface void @_ssdm_op_SpecInterface, i64 %C, void @empty_6, i32 0, i32 0, void @empty_12, i32 0, i32 0, void @empty_12, void @empty_12, void @empty_12, i32 0, i32 0, i32 0, i32 0, void @empty_12, void @empty_5, i32 4294967295, i32 0, i32 0"   --->   Operation 70 'specinterface' 'specinterface_ln0' <Predicate = true> <Delay = 0.00>
ST_7 : Operation 71 [1/1] (0.00ns)   --->   "%specinterface_ln0 = specinterface void @_ssdm_op_SpecInterface, i32 0, void @empty_2, i32 0, i32 0, void @empty_12, i32 0, i32 0, void @empty_11, void @empty_12, void @empty_12, i32 0, i32 0, i32 0, i32 0, void @empty_12, void @empty_12, i32 4294967295, i32 0, i32 0"   --->   Operation 71 'specinterface' 'specinterface_ln0' <Predicate = true> <Delay = 0.00>
ST_7 : Operation 72 [1/1] (0.00ns)   --->   "%empty_24 = specchannel i32 @_ssdm_op_SpecChannel, void @a_stream_str, i32 1, void @p_str, void @p_str, i32 2, i32 2, i256 %a_stream, i256 %a_stream"   --->   Operation 72 'specchannel' 'empty_24' <Predicate = true> <Delay = 0.00>
ST_7 : Operation 73 [1/1] (0.00ns)   --->   "%specinterface_ln0 = specinterface void @_ssdm_op_SpecInterface, i256 %a_stream, void @empty_9, i32 0, i32 0, void @empty_12, i32 0, i32 0, void @empty_12, void @empty_12, void @empty_12, i32 0, i32 0, i32 0, i32 0, void @empty_12, void @empty_12, i32 4294967295, i32 0, i32 0"   --->   Operation 73 'specinterface' 'specinterface_ln0' <Predicate = true> <Delay = 0.00>
ST_7 : Operation 74 [1/1] (0.00ns)   --->   "%empty_25 = specchannel i32 @_ssdm_op_SpecChannel, void @b_stream_str, i32 1, void @p_str, void @p_str, i32 2, i32 2, i256 %b_stream, i256 %b_stream"   --->   Operation 74 'specchannel' 'empty_25' <Predicate = true> <Delay = 0.00>
ST_7 : Operation 75 [1/1] (0.00ns)   --->   "%specinterface_ln0 = specinterface void @_ssdm_op_SpecInterface, i256 %b_stream, void @empty_9, i32 0, i32 0, void @empty_12, i32 0, i32 0, void @empty_12, void @empty_12, void @empty_12, i32 0, i32 0, i32 0, i32 0, void @empty_12, void @empty_12, i32 4294967295, i32 0, i32 0"   --->   Operation 75 'specinterface' 'specinterface_ln0' <Predicate = true> <Delay = 0.00>
ST_7 : Operation 76 [1/1] (0.00ns)   --->   "%empty_26 = specchannel i32 @_ssdm_op_SpecChannel, void @c_stream_str, i32 1, void @p_str, void @p_str, i32 2, i32 2, i512 %c_stream, i512 %c_stream"   --->   Operation 76 'specchannel' 'empty_26' <Predicate = true> <Delay = 0.00>
ST_7 : Operation 77 [1/1] (0.00ns)   --->   "%specinterface_ln0 = specinterface void @_ssdm_op_SpecInterface, i512 %c_stream, void @empty_9, i32 0, i32 0, void @empty_12, i32 0, i32 0, void @empty_12, void @empty_12, void @empty_12, i32 0, i32 0, i32 0, i32 0, void @empty_12, void @empty_12, i32 4294967295, i32 0, i32 0"   --->   Operation 77 'specinterface' 'specinterface_ln0' <Predicate = true> <Delay = 0.00>
ST_7 : Operation 78 [1/2] (0.00ns)   --->   "%call_ln43 = call void @Loop_VITIS_LOOP_70_5_proc3, i64 %C_c, i16 %gmem_c, i512 %c_stream" [matrix_multiply_32x32.cpp:43]   --->   Operation 78 'call' 'call_ln43' <Predicate = true> <Delay = 0.00> <CoreType = "Generic">   --->   Core 0 '' <Latency = 0> <II = 1> <Delay = 1.00> <Generic> <Opcode : >
ST_7 : Operation 79 [1/1] (0.00ns)   --->   "%ret_ln77 = ret" [matrix_multiply_32x32.cpp:77]   --->   Operation 79 'ret' 'ret_ln77' <Predicate = true> <Delay = 0.00>


============================================================
+ Verbose Summary: Timing violations
============================================================
Target clock period: 5.000ns, clock uncertainty: 1.350ns.

 <State 1>: 2.409ns
The critical path consists of the following:
	s_axi read operation ('C_read', matrix_multiply_32x32.cpp:43) on port 'C' (matrix_multiply_32x32.cpp:43) [7]  (1.000 ns)
	'call' operation 0 bit ('call_ln43', matrix_multiply_32x32.cpp:43) to 'entry_proc' [37]  (1.409 ns)

 <State 2>: 2.576ns
The critical path consists of the following:
	'call' operation 0 bit ('call_ln43', matrix_multiply_32x32.cpp:43) to 'Loop_VITIS_LOOP_57_3_proc' [71]  (2.576 ns)

 <State 3>: 0.000ns
The critical path consists of the following:

 <State 4>: 0.000ns
The critical path consists of the following:

 <State 5>: 0.000ns
The critical path consists of the following:

 <State 6>: 0.000ns
The critical path consists of the following:

 <State 7>: 0.000ns
The critical path consists of the following:


============================================================
+ Verbose Summary: Binding
============================================================
N/A
* FSMD analyzer results:
  - Output states:
 - Input state : 
  - Chain level:
	State 1
	State 2
	State 3
	State 4
	State 5
	State 6
	State 7


============================================================
+ Verbose Summary: Datapath Resource usage 
============================================================
N/A
