../../library/int8_16x16/int8_16x16_wrapper.cpp:11:9: warning: HLS pragma dump _XLX_SEP_ PragmaIsValid=1_XLX_SEP_ PragmaType=interface_XLX_SEP_ PragmaContext=_XLX_SEP_ PragmaFunction=int8_16x16_wrapper_XLX_SEP_ PragmaOptions=axis port=a_stream_XLX_SEP_ [-Wdump-hls-pragmas]
#pragma HLS interface axis port=a_stream
        ^
../../library/int8_16x16/int8_16x16_wrapper.cpp:12:9: warning: HLS pragma dump _XLX_SEP_ PragmaIsValid=1_XLX_SEP_ PragmaType=interface_XLX_SEP_ PragmaContext=_XLX_SEP_ PragmaFunction=int8_16x16_wrapper_XLX_SEP_ PragmaOptions=axis port=b_stream_XLX_SEP_ [-Wdump-hls-pragmas]
#pragma HLS interface axis port=b_stream
        ^
../../library/int8_16x16/int8_16x16_wrapper.cpp:13:9: warning: HLS pragma dump _XLX_SEP_ PragmaIsValid=1_XLX_SEP_ PragmaType=interface_XLX_SEP_ PragmaContext=_XLX_SEP_ PragmaFunction=int8_16x16_wrapper_XLX_SEP_ PragmaOptions=axis port=c_stream_XLX_SEP_ [-Wdump-hls-pragmas]
#pragma HLS interface axis port=c_stream
        ^
../../library/int8_16x16/int8_16x16_wrapper.cpp:14:9: warning: HLS pragma dump _XLX_SEP_ PragmaIsValid=1_XLX_SEP_ PragmaType=interface_XLX_SEP_ PragmaContext=_XLX_SEP_ PragmaFunction=int8_16x16_wrapper_XLX_SEP_ PragmaOptions=ap_ctrl_none port=return_XLX_SEP_ [-Wdump-hls-pragmas]
#pragma HLS interface ap_ctrl_none port=return
        ^
../../library/int8_16x16/int8_16x16_wrapper.cpp:20:9: warning: HLS pragma dump _XLX_SEP_ PragmaIsValid=1_XLX_SEP_ PragmaType=unroll_XLX_SEP_ PragmaContext=_XLX_SEP_ PragmaFunction=int8_16x16_wrapper_XLX_SEP_ PragmaOptions=_XLX_SEP_ [-Wdump-hls-pragmas]
#pragma HLS unroll
        ^
../../library/int8_16x16/int8_16x16_wrapper.cpp:28:9: warning: HLS pragma dump _XLX_SEP_ PragmaIsValid=1_XLX_SEP_ PragmaType=unroll_XLX_SEP_ PragmaContext=_XLX_SEP_ PragmaFunction=int8_16x16_wrapper_XLX_SEP_ PragmaOptions=_XLX_SEP_ [-Wdump-hls-pragmas]
#pragma HLS unroll
        ^
../../library/int8_16x16/int8_16x16_wrapper.cpp:64:9: warning: HLS pragma dump _XLX_SEP_ PragmaIsValid=1_XLX_SEP_ PragmaType=unroll_XLX_SEP_ PragmaContext=_XLX_SEP_ PragmaFunction=int8_16x16_wrapper_XLX_SEP_ PragmaOptions=_XLX_SEP_ [-Wdump-hls-pragmas]
#pragma HLS unroll
        ^
7 warnings generated.
