/mnt/vault0/rsunketa/vitis-hls-blackbox/c-designs/int8_16x16/matrix_multiply_16x16_proj/int8_16x16_solution/.autopilot/db/matrix_multiply_16x16.pp.0.cpp:1451:7: warning: Added loop label VITIS_LOOP_1223_1:   [xilinx-label-all-loops]
      for (i = 0; i < __N - 1; ++i) {
      ^~~
      VITIS_LOOP_1223_1: 
/mnt/vault0/rsunketa/vitis-hls-blackbox/c-designs/int8_16x16/matrix_multiply_16x16_proj/int8_16x16_solution/.autopilot/db/matrix_multiply_16x16.pp.0.cpp:1451:7: note: FIX-IT applied suggested code changes
/mnt/vault0/rsunketa/vitis-hls-blackbox/c-designs/int8_16x16/matrix_multiply_16x16_proj/int8_16x16_solution/.autopilot/db/matrix_multiply_16x16.pp.0.cpp:2425:5: warning: Added loop label VITIS_LOOP_676_1:   [xilinx-label-all-loops]
    for (unsigned i = low; i != high; ++i) {
    ^~~
    VITIS_LOOP_676_1: 
/mnt/vault0/rsunketa/vitis-hls-blackbox/c-designs/int8_16x16/matrix_multiply_16x16_proj/int8_16x16_solution/.autopilot/db/matrix_multiply_16x16.pp.0.cpp:2425:5: note: FIX-IT applied suggested code changes
/mnt/vault0/rsunketa/vitis-hls-blackbox/c-designs/int8_16x16/matrix_multiply_16x16_proj/int8_16x16_solution/.autopilot/db/matrix_multiply_16x16.pp.0.cpp:2439:5: warning: Added loop label VITIS_LOOP_690_1:   [xilinx-label-all-loops]
    for (unsigned i = low; i != high; ++i) {
    ^~~
    VITIS_LOOP_690_1: 
/mnt/vault0/rsunketa/vitis-hls-blackbox/c-designs/int8_16x16/matrix_multiply_16x16_proj/int8_16x16_solution/.autopilot/db/matrix_multiply_16x16.pp.0.cpp:2439:5: note: FIX-IT applied suggested code changes
/mnt/vault0/rsunketa/vitis-hls-blackbox/c-designs/int8_16x16/matrix_multiply_16x16_proj/int8_16x16_solution/.autopilot/db/matrix_multiply_16x16.pp.0.cpp:2453:5: warning: Added loop label VITIS_LOOP_704_1:   [xilinx-label-all-loops]
    for (unsigned i = low; i != high; ++i) {
    ^~~
    VITIS_LOOP_704_1: 
/mnt/vault0/rsunketa/vitis-hls-blackbox/c-designs/int8_16x16/matrix_multiply_16x16_proj/int8_16x16_solution/.autopilot/db/matrix_multiply_16x16.pp.0.cpp:2453:5: note: FIX-IT applied suggested code changes
/mnt/vault0/rsunketa/vitis-hls-blackbox/c-designs/int8_16x16/matrix_multiply_16x16_proj/int8_16x16_solution/.autopilot/db/matrix_multiply_16x16.pp.0.cpp:4082:7: warning: Added loop label VITIS_LOOP_1247_1:   [xilinx-label-all-loops]
      for (i = 0; i < __N - 1; ++i) {
      ^~~
      VITIS_LOOP_1247_1: 
/mnt/vault0/rsunketa/vitis-hls-blackbox/c-designs/int8_16x16/matrix_multiply_16x16_proj/int8_16x16_solution/.autopilot/db/matrix_multiply_16x16.pp.0.cpp:4082:7: note: FIX-IT applied suggested code changes
/mnt/vault0/rsunketa/vitis-hls-blackbox/c-designs/int8_16x16/matrix_multiply_16x16_proj/int8_16x16_solution/.autopilot/db/matrix_multiply_16x16.pp.0.cpp:5916:9: warning: Added loop label VITIS_LOOP_47_1:   [xilinx-label-all-loops]
        for (int i = 0; i < 16; i++) {
        ^~~
        VITIS_LOOP_47_1: 
/mnt/vault0/rsunketa/vitis-hls-blackbox/c-designs/int8_16x16/matrix_multiply_16x16_proj/int8_16x16_solution/.autopilot/db/matrix_multiply_16x16.pp.0.cpp:5916:9: note: FIX-IT applied suggested code changes
/mnt/vault0/rsunketa/vitis-hls-blackbox/c-designs/int8_16x16/matrix_multiply_16x16_proj/int8_16x16_solution/.autopilot/db/matrix_multiply_16x16.pp.0.cpp:5918:13: warning: Added loop label VITIS_LOOP_49_2:   [xilinx-label-all-loops]
            for (int j = 0; j < 16; j++) {
            ^~~
            VITIS_LOOP_49_2: 
/mnt/vault0/rsunketa/vitis-hls-blackbox/c-designs/int8_16x16/matrix_multiply_16x16_proj/int8_16x16_solution/.autopilot/db/matrix_multiply_16x16.pp.0.cpp:5918:13: note: FIX-IT applied suggested code changes
/mnt/vault0/rsunketa/vitis-hls-blackbox/c-designs/int8_16x16/matrix_multiply_16x16_proj/int8_16x16_solution/.autopilot/db/matrix_multiply_16x16.pp.0.cpp:5926:9: warning: Added loop label VITIS_LOOP_57_3:   [xilinx-label-all-loops]
        for (int j = 0; j < 16; j++) {
        ^~~
        VITIS_LOOP_57_3: 
/mnt/vault0/rsunketa/vitis-hls-blackbox/c-designs/int8_16x16/matrix_multiply_16x16_proj/int8_16x16_solution/.autopilot/db/matrix_multiply_16x16.pp.0.cpp:5926:9: note: FIX-IT applied suggested code changes
/mnt/vault0/rsunketa/vitis-hls-blackbox/c-designs/int8_16x16/matrix_multiply_16x16_proj/int8_16x16_solution/.autopilot/db/matrix_multiply_16x16.pp.0.cpp:5928:13: warning: Added loop label VITIS_LOOP_59_4:   [xilinx-label-all-loops]
            for (int i = 0; i < 16; i++) {
            ^~~
            VITIS_LOOP_59_4: 
/mnt/vault0/rsunketa/vitis-hls-blackbox/c-designs/int8_16x16/matrix_multiply_16x16_proj/int8_16x16_solution/.autopilot/db/matrix_multiply_16x16.pp.0.cpp:5928:13: note: FIX-IT applied suggested code changes
/mnt/vault0/rsunketa/vitis-hls-blackbox/c-designs/int8_16x16/matrix_multiply_16x16_proj/int8_16x16_solution/.autopilot/db/matrix_multiply_16x16.pp.0.cpp:5939:9: warning: Added loop label VITIS_LOOP_70_5:   [xilinx-label-all-loops]
        for (int i = 0; i < 16; i++) {
        ^~~
        VITIS_LOOP_70_5: 
/mnt/vault0/rsunketa/vitis-hls-blackbox/c-designs/int8_16x16/matrix_multiply_16x16_proj/int8_16x16_solution/.autopilot/db/matrix_multiply_16x16.pp.0.cpp:5939:9: note: FIX-IT applied suggested code changes
/mnt/vault0/rsunketa/vitis-hls-blackbox/c-designs/int8_16x16/matrix_multiply_16x16_proj/int8_16x16_solution/.autopilot/db/matrix_multiply_16x16.pp.0.cpp:5941:13: warning: Added loop label VITIS_LOOP_72_6:   [xilinx-label-all-loops]
            for (int j = 0; j < 16; j++) {
            ^~~
            VITIS_LOOP_72_6: 
/mnt/vault0/rsunketa/vitis-hls-blackbox/c-designs/int8_16x16/matrix_multiply_16x16_proj/int8_16x16_solution/.autopilot/db/matrix_multiply_16x16.pp.0.cpp:5941:13: note: FIX-IT applied suggested code changes
