INFO: [vitis-run 82-31] Launching vitis_hls: vitis_hls -nolog -run tcl -f /mnt/vault0/jchoudh3/custom-blackbox/vitis-hls-blackbox/tensor_slice_bb_fp16/run_hls.tcl -work_dir /mnt/vault0/jchoudh3/custom-blackbox/vitis-hls-blackbox/tensor_slice_bb_fp16

****** Vitis HLS - High-Level Synthesis from C, C++ and OpenCL v2024.1 (64-bit)
  **** SW Build 5069499 on May 21 2024
  **** IP Build 5075265 on Wed May 22 21:45:21 MDT 2024
  **** SharedData Build 5076995 on Wed May 22 18:29:18 MDT 2024
  **** Start of session at: Fri Jan 30 17:07:07 2026
    ** Copyright 1986-2022 Xilinx, Inc. All Rights Reserved.
    ** Copyright 2022-2024 Advanced Micro Devices, Inc. All Rights Reserved.

source /opt/AMD/Vitis_HLS/2024.1/scripts/vitis_hls/hls.tcl -notrace
INFO: [HLS 200-10] For user 'jchoudh3' on host 'en4234856l' (Linux_x86_64 version 6.14.0-37-generic) on Fri Jan 30 17:07:08 UTC 2026
INFO: [HLS 200-10] On os Ubuntu 24.04.3 LTS
INFO: [HLS 200-10] In directory '/mnt/vault0/jchoudh3/custom-blackbox/vitis-hls-blackbox/tensor_slice_bb_fp16'
Sourcing Tcl script '/mnt/vault0/jchoudh3/custom-blackbox/vitis-hls-blackbox/tensor_slice_bb_fp16/run_hls.tcl'
INFO: [HLS 200-1510] Running: open_project -reset proj_tensor_slice_test_fp16 
INFO: [HLS 200-10] Opening and resetting project '/mnt/vault0/jchoudh3/custom-blackbox/vitis-hls-blackbox/tensor_slice_bb_fp16/proj_tensor_slice_test_fp16'.
INFO: [HLS 200-1510] Running: add_files tensor_slice_test_fp16.cpp 
INFO: [HLS 200-10] Adding design file 'tensor_slice_test_fp16.cpp' to the project
INFO: [HLS 200-1510] Running: add_files tensor_slice_test_fp16.h 
INFO: [HLS 200-10] Adding design file 'tensor_slice_test_fp16.h' to the project
INFO: [HLS 200-1510] Running: add_files -tb tensor_slice_test_fp16_tb.cpp 
INFO: [HLS 200-10] Adding test bench file 'tensor_slice_test_fp16_tb.cpp' to the project
INFO: [HLS 200-1510] Running: add_files -tb result.golden.dat 
INFO: [HLS 200-10] Adding test bench file 'result.golden.dat' to the project
INFO: [HLS 200-1510] Running: add_files -blackbox tensor_slice_wrapper_fp16.json 
INFO: [HLS 200-10] Adding black box file 'tensor_slice_wrapper_fp16.json' to the project
INFO: [HLS 200-1510] Running: set_top tensor_slice_test_fp16 
INFO: [HLS 200-1510] Running: open_solution -reset solution1 
INFO: [HLS 200-10] Creating and opening solution '/mnt/vault0/jchoudh3/custom-blackbox/vitis-hls-blackbox/tensor_slice_bb_fp16/proj_tensor_slice_test_fp16/solution1'.
INFO: [HLS 200-10] Cleaning up the solution database.
INFO: [HLS 200-1505] Using default flow_target 'vivado'
Resolution: For help on HLS 200-1505 see docs.xilinx.com/access/sources/dita/topic?Doc_Version=2024.1%20English&url=ug1448-hls-guidance&resourceid=200-1505.html
INFO: [HLS 200-1510] Running: set_part xcvu9p-flga2104-2-i 
INFO: [HLS 200-1611] Setting target device to 'xcvu9p-flga2104-2-i'
INFO: [HLS 200-1510] Running: create_clock -period 200MHz 
INFO: [SYN 201-201] Setting up clock 'default' with a period of 5ns.
INFO: [HLS 200-1510] Running: csim_design 
INFO: [SIM 211-2] *************** CSIM start ***************
INFO: [SIM 211-4] CSIM will launch CLANG as the compiler.
INFO: [HLS 200-2036] Building debug C Simulation binaries
   Compiling ../../../../tensor_slice_test_fp16_tb.cpp in debug mode
   Compiling ../../../../tensor_slice_wrapper_fp16.cpp in debug mode
   Compiling ../../../../tensor_slice_test_fp16.cpp in debug mode
   Generating csim.exe
Starting tensor_slice_wrapper_fp16 tests with ap_fixed...
Test 1: a=1.5, b=2.0, result=0x060006000600060006000600060006000C000C000C000C000C000C000C000C00
Test 2: a=0, b=0, result=0
Test 3: a=incrementing, b=0.5, result=0x20001C001800140010000C000800040010000E000C000A000800060004000200
Files result.dat and result.golden.dat differ
Test failed  !!!
@E Simulation failed: Function 'main' returns nonzero value '1'.
ERROR: [SIM 211-100] 'csim_design' failed: nonzero return value.
INFO: [SIM 211-3] *************** CSIM finish ***************
INFO: [HLS 200-2161] Finished Command csim_design Elapsed time: 00:00:02; Allocated memory: 0.016 MB.
4
    while executing
"source /mnt/vault0/jchoudh3/custom-blackbox/vitis-hls-blackbox/tensor_slice_bb_fp16/run_hls.tcl"
    ("uplevel" body line 1)
    invoked from within
"uplevel \#0 [list source $tclfile] "

INFO: [HLS 200-112] Total CPU user time: 4.05 seconds. Total CPU system time: 0.61 seconds. Total elapsed time: 4.44 seconds; peak allocated memory: 333.309 MB.
INFO: [vitis-run 60-1662] Stopping dispatch session having empty uuid.
