INFO: [vitis-run 82-31] Launching vitis_hls: vitis_hls -nolog -run tcl -f /mnt/vault0/jchoudh3/custom-blackbox/vitis-hls-blackbox/tensor_slice_bb_fp16/run_hls.tcl -work_dir /mnt/vault0/jchoudh3/custom-blackbox/vitis-hls-blackbox/tensor_slice_bb_fp16

****** Vitis HLS - High-Level Synthesis from C, C++ and OpenCL v2024.1 (64-bit)
  **** SW Build 5069499 on May 21 2024
  **** IP Build 5075265 on Wed May 22 21:45:21 MDT 2024
  **** SharedData Build 5076995 on Wed May 22 18:29:18 MDT 2024
  **** Start of session at: Fri Jan 30 17:22:30 2026
    ** Copyright 1986-2022 Xilinx, Inc. All Rights Reserved.
    ** Copyright 2022-2024 Advanced Micro Devices, Inc. All Rights Reserved.

source /opt/AMD/Vitis_HLS/2024.1/scripts/vitis_hls/hls.tcl -notrace
INFO: [HLS 200-10] For user 'jchoudh3' on host 'en4234856l' (Linux_x86_64 version 6.14.0-37-generic) on Fri Jan 30 17:22:31 UTC 2026
INFO: [HLS 200-10] On os Ubuntu 24.04.3 LTS
INFO: [HLS 200-10] In directory '/mnt/vault0/jchoudh3/custom-blackbox/vitis-hls-blackbox/tensor_slice_bb_fp16'
Sourcing Tcl script '/mnt/vault0/jchoudh3/custom-blackbox/vitis-hls-blackbox/tensor_slice_bb_fp16/run_hls.tcl'
INFO: [HLS 200-1510] Running: open_project -reset proj_tensor_slice_test_fp16 
INFO: [HLS 200-10] Creating and opening project '/mnt/vault0/jchoudh3/custom-blackbox/vitis-hls-blackbox/tensor_slice_bb_fp16/proj_tensor_slice_test_fp16'.
INFO: [HLS 200-1510] Running: add_files tensor_slice_test_fp16.cpp 
INFO: [HLS 200-10] Adding design file 'tensor_slice_test_fp16.cpp' to the project
INFO: [HLS 200-1510] Running: add_files tensor_slice_test_fp16.h 
INFO: [HLS 200-10] Adding design file 'tensor_slice_test_fp16.h' to the project
INFO: [HLS 200-1510] Running: add_files -tb tensor_slice_test_fp16_tb.cpp 
INFO: [HLS 200-10] Adding test bench file 'tensor_slice_test_fp16_tb.cpp' to the project
INFO: [HLS 200-1510] Running: add_files -tb result.golden.dat 
INFO: [HLS 200-10] Adding test bench file 'result.golden.dat' to the project
INFO: [HLS 200-1510] Running: add_files -blackbox tensor_slice_wrapper_fp16.json 
INFO: [HLS 200-10] Adding black box file 'tensor_slice_wrapper_fp16.json' to the project
INFO: [HLS 200-1510] Running: set_top tensor_slice_test_fp16 
INFO: [HLS 200-1510] Running: open_solution -reset solution1 
INFO: [HLS 200-10] Creating and opening solution '/mnt/vault0/jchoudh3/custom-blackbox/vitis-hls-blackbox/tensor_slice_bb_fp16/proj_tensor_slice_test_fp16/solution1'.
INFO: [HLS 200-10] Cleaning up the solution database.
INFO: [HLS 200-1505] Using default flow_target 'vivado'
Resolution: For help on HLS 200-1505 see docs.xilinx.com/access/sources/dita/topic?Doc_Version=2024.1%20English&url=ug1448-hls-guidance&resourceid=200-1505.html
INFO: [HLS 200-1510] Running: set_part xcvu9p-flga2104-2-i 
INFO: [HLS 200-1611] Setting target device to 'xcvu9p-flga2104-2-i'
INFO: [HLS 200-1510] Running: create_clock -period 200MHz 
INFO: [SYN 201-201] Setting up clock 'default' with a period of 5ns.
INFO: [HLS 200-1510] Running: csim_design 
INFO: [SIM 211-2] *************** CSIM start ***************
INFO: [SIM 211-4] CSIM will launch CLANG as the compiler.
INFO: [HLS 200-2036] Building debug C Simulation binaries
   Compiling ../../../../tensor_slice_test_fp16_tb.cpp in debug mode
   Compiling ../../../../tensor_slice_wrapper_fp16.cpp in debug mode
   Compiling ../../../../tensor_slice_test_fp16.cpp in debug mode
   Generating csim.exe
Starting tensor_slice_wrapper_fp16 tests with ap_fixed...
Test 1: a=1.5, b=2.0, result=0x060006000600060006000600060006000C000C000C000C000C000C000C000C00
Test 2: a=0, b=0, result=0
Test 3: a=incrementing, b=0.5, result=0x20001C001800140010000C000800040010000E000C000A000800060004000200
Test passed !
INFO: [SIM 211-1] CSim done with 0 errors.
INFO: [SIM 211-3] *************** CSIM finish ***************
INFO: [HLS 200-2161] Finished Command csim_design Elapsed time: 00:00:02; Allocated memory: 0.000 MB.
INFO: [HLS 200-1510] Running: csynth_design 
INFO: [HLS 200-111] Finished File checks and directory preparation: CPU user time: 0.04 seconds. CPU system time: 0 seconds. Elapsed time: 0.04 seconds; current allocated memory: 333.645 MB.
INFO: [HLS 200-10] Analyzing design file 'tensor_slice_wrapper_fp16.cpp' ... 
INFO: [HLS 200-10] Analyzing design file 'tensor_slice_test_fp16.cpp' ... 
INFO: [HLS 200-111] Finished Source Code Analysis and Preprocessing: CPU user time: 3.8 seconds. CPU system time: 0.83 seconds. Elapsed time: 4.62 seconds; current allocated memory: 335.828 MB.
INFO: [HLS 200-777] Using interface defaults for 'Vivado' flow target.
INFO: [HLS 200-1995] There were 641 instructions in the design after the 'Compile/Link' phase of compilation. See the Design Size Report for more details: /mnt/vault0/jchoudh3/custom-blackbox/vitis-hls-blackbox/tensor_slice_bb_fp16/proj_tensor_slice_test_fp16/solution1/syn/report/csynth_design_size.rpt
INFO: [HLS 200-1995] There were 17 instructions in the design after the 'Unroll/Inline (step 1)' phase of compilation. See the Design Size Report for more details: /mnt/vault0/jchoudh3/custom-blackbox/vitis-hls-blackbox/tensor_slice_bb_fp16/proj_tensor_slice_test_fp16/solution1/syn/report/csynth_design_size.rpt
INFO: [HLS 200-1995] There were 17 instructions in the design after the 'Unroll/Inline (step 2)' phase of compilation. See the Design Size Report for more details: /mnt/vault0/jchoudh3/custom-blackbox/vitis-hls-blackbox/tensor_slice_bb_fp16/proj_tensor_slice_test_fp16/solution1/syn/report/csynth_design_size.rpt
INFO: [HLS 200-1995] There were 17 instructions in the design after the 'Unroll/Inline (step 3)' phase of compilation. See the Design Size Report for more details: /mnt/vault0/jchoudh3/custom-blackbox/vitis-hls-blackbox/tensor_slice_bb_fp16/proj_tensor_slice_test_fp16/solution1/syn/report/csynth_design_size.rpt
INFO: [HLS 200-1995] There were 17 instructions in the design after the 'Unroll/Inline (step 4)' phase of compilation. See the Design Size Report for more details: /mnt/vault0/jchoudh3/custom-blackbox/vitis-hls-blackbox/tensor_slice_bb_fp16/proj_tensor_slice_test_fp16/solution1/syn/report/csynth_design_size.rpt
INFO: [HLS 200-1995] There were 17 instructions in the design after the 'Array/Struct (step 1)' phase of compilation. See the Design Size Report for more details: /mnt/vault0/jchoudh3/custom-blackbox/vitis-hls-blackbox/tensor_slice_bb_fp16/proj_tensor_slice_test_fp16/solution1/syn/report/csynth_design_size.rpt
INFO: [HLS 200-1995] There were 17 instructions in the design after the 'Array/Struct (step 2)' phase of compilation. See the Design Size Report for more details: /mnt/vault0/jchoudh3/custom-blackbox/vitis-hls-blackbox/tensor_slice_bb_fp16/proj_tensor_slice_test_fp16/solution1/syn/report/csynth_design_size.rpt
INFO: [HLS 200-1995] There were 17 instructions in the design after the 'Array/Struct (step 3)' phase of compilation. See the Design Size Report for more details: /mnt/vault0/jchoudh3/custom-blackbox/vitis-hls-blackbox/tensor_slice_bb_fp16/proj_tensor_slice_test_fp16/solution1/syn/report/csynth_design_size.rpt
INFO: [HLS 200-1995] There were 17 instructions in the design after the 'Array/Struct (step 4)' phase of compilation. See the Design Size Report for more details: /mnt/vault0/jchoudh3/custom-blackbox/vitis-hls-blackbox/tensor_slice_bb_fp16/proj_tensor_slice_test_fp16/solution1/syn/report/csynth_design_size.rpt
INFO: [HLS 200-1995] There were 17 instructions in the design after the 'Array/Struct (step 5)' phase of compilation. See the Design Size Report for more details: /mnt/vault0/jchoudh3/custom-blackbox/vitis-hls-blackbox/tensor_slice_bb_fp16/proj_tensor_slice_test_fp16/solution1/syn/report/csynth_design_size.rpt
INFO: [HLS 200-1995] There were 17 instructions in the design after the 'Performance (step 1)' phase of compilation. See the Design Size Report for more details: /mnt/vault0/jchoudh3/custom-blackbox/vitis-hls-blackbox/tensor_slice_bb_fp16/proj_tensor_slice_test_fp16/solution1/syn/report/csynth_design_size.rpt
INFO: [HLS 200-1995] There were 17 instructions in the design after the 'Performance (step 2)' phase of compilation. See the Design Size Report for more details: /mnt/vault0/jchoudh3/custom-blackbox/vitis-hls-blackbox/tensor_slice_bb_fp16/proj_tensor_slice_test_fp16/solution1/syn/report/csynth_design_size.rpt
INFO: [HLS 200-1995] There were 17 instructions in the design after the 'Performance (step 3)' phase of compilation. See the Design Size Report for more details: /mnt/vault0/jchoudh3/custom-blackbox/vitis-hls-blackbox/tensor_slice_bb_fp16/proj_tensor_slice_test_fp16/solution1/syn/report/csynth_design_size.rpt
INFO: [HLS 200-1995] There were 17 instructions in the design after the 'Performance (step 4)' phase of compilation. See the Design Size Report for more details: /mnt/vault0/jchoudh3/custom-blackbox/vitis-hls-blackbox/tensor_slice_bb_fp16/proj_tensor_slice_test_fp16/solution1/syn/report/csynth_design_size.rpt
INFO: [HLS 200-1995] There were 20 instructions in the design after the 'HW Transforms (step 1)' phase of compilation. See the Design Size Report for more details: /mnt/vault0/jchoudh3/custom-blackbox/vitis-hls-blackbox/tensor_slice_bb_fp16/proj_tensor_slice_test_fp16/solution1/syn/report/csynth_design_size.rpt
INFO: [HLS 200-1995] There were 17 instructions in the design after the 'HW Transforms (step 2)' phase of compilation. See the Design Size Report for more details: /mnt/vault0/jchoudh3/custom-blackbox/vitis-hls-blackbox/tensor_slice_bb_fp16/proj_tensor_slice_test_fp16/solution1/syn/report/csynth_design_size.rpt
INFO: [HLS 200-111] Finished Compiling Optimization and Transform: CPU user time: 1.31 seconds. CPU system time: 0.28 seconds. Elapsed time: 6.44 seconds; current allocated memory: 345.254 MB.
INFO: [HLS 200-111] Finished Checking Pragmas: CPU user time: 0 seconds. CPU system time: 0 seconds. Elapsed time: 0 seconds; current allocated memory: 345.254 MB.
INFO: [HLS 200-10] Starting code transformations ...
INFO: [HLS 200-111] Finished Standard Transforms: CPU user time: 0.01 seconds. CPU system time: 0 seconds. Elapsed time: 0.01 seconds; current allocated memory: 345.328 MB.
INFO: [HLS 200-10] Checking synthesizability ...
INFO: [HLS 200-111] Finished Checking Synthesizability: CPU user time: 0.01 seconds. CPU system time: 0 seconds. Elapsed time: 0 seconds; current allocated memory: 346.324 MB.
INFO: [HLS 200-111] Finished Loop, function and other optimizations: CPU user time: 0.01 seconds. CPU system time: 0.01 seconds. Elapsed time: 0.02 seconds; current allocated memory: 368.227 MB.
INFO: [HLS 200-111] Finished Architecture Synthesis: CPU user time: 0.01 seconds. CPU system time: 0 seconds. Elapsed time: 0.01 seconds; current allocated memory: 368.227 MB.
INFO: [HLS 200-10] Starting hardware synthesis ...
INFO: [HLS 200-10] Synthesizing 'tensor_slice_test_fp16' ...
INFO: [HLS 200-10] ----------------------------------------------------------------
INFO: [HLS 200-42] -- Implementing module 'tensor_slice_wrapper_fp16' 
INFO: [HLS 200-10] ----------------------------------------------------------------
INFO: [SCHED 204-11] Skip scheduling the IP block.
INFO: [HLS 200-111] Finished Scheduling: CPU user time: 0.01 seconds. CPU system time: 0.01 seconds. Elapsed time: 0.04 seconds; current allocated memory: 368.227 MB.
INFO: [BIND 205-100] Starting micro-architecture generation ...
INFO: [BIND 205-101] Performing variable lifetime analysis.
INFO: [BIND 205-101] Exploring resource sharing.
INFO: [BIND 205-101] Binding ...
INFO: [BIND 205-100] Finished micro-architecture generation.
INFO: [HLS 200-111] Finished Binding: CPU user time: 0.01 seconds. CPU system time: 0.01 seconds. Elapsed time: 0.01 seconds; current allocated memory: 368.227 MB.
INFO: [HLS 200-10] ----------------------------------------------------------------
INFO: [HLS 200-42] -- Implementing module 'tensor_slice_test_fp16' 
INFO: [HLS 200-10] ----------------------------------------------------------------
INFO: [SCHED 204-11] Starting scheduling ...
INFO: [SCHED 204-11] Finished scheduling.
INFO: [HLS 200-111] Finished Scheduling: CPU user time: 0.01 seconds. CPU system time: 0 seconds. Elapsed time: 0.01 seconds; current allocated memory: 368.227 MB.
INFO: [BIND 205-100] Starting micro-architecture generation ...
INFO: [BIND 205-101] Performing variable lifetime analysis.
INFO: [BIND 205-101] Exploring resource sharing.
INFO: [BIND 205-101] Binding ...
INFO: [BIND 205-100] Finished micro-architecture generation.
INFO: [HLS 200-111] Finished Binding: CPU user time: 0 seconds. CPU system time: 0 seconds. Elapsed time: 0 seconds; current allocated memory: 368.227 MB.
INFO: [HLS 200-10] ----------------------------------------------------------------
INFO: [HLS 200-10] -- Generating RTL for module 'tensor_slice_wrapper_fp16' 
INFO: [HLS 200-10] ----------------------------------------------------------------
INFO: [RTGEN 206-100] Finished creating RTL model for 'tensor_slice_wrapper_fp16'.
INFO: [HLS 200-111] Finished Creating RTL model: CPU user time: 0.01 seconds. CPU system time: 0 seconds. Elapsed time: 0.01 seconds; current allocated memory: 368.227 MB.
INFO: [HLS 200-10] ----------------------------------------------------------------
INFO: [HLS 200-10] -- Generating RTL for module 'tensor_slice_test_fp16' 
INFO: [HLS 200-10] ----------------------------------------------------------------
INFO: [RTGEN 206-500] Setting interface mode on port 'tensor_slice_test_fp16/a_data' to 'ap_none'.
INFO: [RTGEN 206-500] Setting interface mode on port 'tensor_slice_test_fp16/b_data' to 'ap_none'.
INFO: [RTGEN 206-500] Setting interface mode on function 'tensor_slice_test_fp16' to 'ap_ctrl_hs'.
INFO: [RTGEN 206-100] Finished creating RTL model for 'tensor_slice_test_fp16'.
INFO: [HLS 200-111] Finished Creating RTL model: CPU user time: 0.01 seconds. CPU system time: 0 seconds. Elapsed time: 0.02 seconds; current allocated memory: 368.227 MB.
INFO: [HLS 200-111] Finished Generating all RTL models: CPU user time: 0.09 seconds. CPU system time: 0.01 seconds. Elapsed time: 0.09 seconds; current allocated memory: 368.227 MB.
INFO: [HLS 200-111] Finished Updating report files: CPU user time: 0.09 seconds. CPU system time: 0.01 seconds. Elapsed time: 0.1 seconds; current allocated memory: 368.227 MB.
INFO: [VLOG 209-307] Generating Verilog RTL for tensor_slice_test_fp16.
INFO: [HLS 200-789] **** Estimated Fmax: 273.97 MHz
INFO: [HLS 200-2161] Finished Command csynth_design Elapsed time: 00:00:11; Allocated memory: 34.945 MB.
INFO: [HLS 200-112] Total CPU user time: 9.5 seconds. Total CPU system time: 1.74 seconds. Total elapsed time: 15.87 seconds; peak allocated memory: 368.227 MB.
INFO: [vitis-run 60-791] Total elapsed time: 0h 0m 16s
INFO: [vitis-run 60-1662] Stopping dispatch session having empty uuid.
