================================================================
== Design Size Report
================================================================

* Total Instructions per Compilation Phase
+---------------+-----------------------------+--------------+----------------------------------------------------------------------------------------+
| Phase         | Step                        | Instructions | Description                                                                            |
+---------------+-----------------------------+--------------+----------------------------------------------------------------------------------------+
| Compile/Link  |                             | 958          | After all functions are compiled and linked into a single design                       |
|               |                             |              |                                                                                        |
| Unroll/Inline |                             |              | After user unroll and inline pragmas are applied                                       |
|               | (1) unroll                  |  95          | user unroll pragmas are applied                                                        |
|               | (2) simplification          |  87          | simplification of applied user unroll pragmas                                          |
|               | (3) inline                  |  87          | user inline pragmas are applied                                                        |
|               | (4) simplification          |  87          | simplification of applied user inline pragmas                                          |
|               |                             |              |                                                                                        |
| Array/Struct  |                             |              | After user array partition and struct aggregate/disaggregate pragmas are applied       |
|               | (1) array partition         |  82          | user array partition pragmas are applied                                               |
|               | (2) simplification          |  82          | simplification of applied user array partition & struct aggregate/disaggregate pragmas |
|               | (3) aggregate/disaggregate  |  85          | user struct aggregate/disaggregate pragmas are applied                                 |
|               | (4) array reshape           |  88          | apply array reshape pragmas                                                            |
|               | (5) access patterns         |  98          | array access pattern optmizations                                                      |
|               |                             |              |                                                                                        |
| Performance   |                             |              | After transformations are applied to meet performance pragma targets                   |
|               | (1) loop simplification     |  92          | loop and instruction simplification                                                    |
|               | (2) parallelization         | 133          | loops are unrolled or pipelined to meet performance targets                            |
|               | (3) array partition         | 133          | arrays are partitioned to meet performance targets                                     |
|               | (4) simplification          | 133          | simplification of design after performance transformations                             |
|               |                             |              |                                                                                        |
| HW Transforms |                             |              | After hardware transfomations                                                          |
|               | (1) lowering                | 171          | initial conversion to HW specific instructions                                         |
|               | (2) optimizations           | 177          | high level synthesis optimizations                                                     |
+---------------+-----------------------------+--------------+----------------------------------------------------------------------------------------+

* Instructions per Function for each Compilation Phase
+-------------------------+------------------------------+--------------+---------------+--------------+-------------+---------------+
| Function                | Location                     | Compile/Link | Unroll/Inline | Array/Struct | Performance | HW Transforms |
+-------------------------+------------------------------+--------------+---------------+--------------+-------------+---------------+
| + matrix_multiply_16x16 | matrix_multiply_16x16.cpp:20 | 958          | 87            | 98           | 133         | 177           |
|    int8_16x16_wrapper   | int8_16x16_wrapper.cpp:6     | 530          |               |              |             |               |
+-------------------------+------------------------------+--------------+---------------+--------------+-------------+---------------+

* Design Size Message Settings
+---------------------------------------------+--------+------------------------------------------------------------------+
| Message Setting                             | Value  | Description                                                      |
+---------------------------------------------+--------+------------------------------------------------------------------+
| config_compile -design_size_maximum_warning | 100000 | Show a warning when total design instructions exceeds this value |
+---------------------------------------------+--------+------------------------------------------------------------------+


