

================================================================
== Vitis HLS Report for 'Block_VITIS_LOOP_57_3_proc'
================================================================
* Date:           Wed Jan 28 08:26:32 2026

* Version:        2024.1 (Build 5069499 on May 21 2024)
* Project:        matrix_multiply_32x32_proj
* Solution:       int8_32x32_solution (Vivado IP Flow Target)
* Product family: virtexuplus
* Target device:  xcvu9p-flga2104-2-i


================================================================
== Performance Estimates
================================================================
+ Timing: 
    * Summary: 
    +--------+---------+----------+------------+
    |  Clock |  Target | Estimated| Uncertainty|
    +--------+---------+----------+------------+
    |ap_clk  |  5.00 ns|  1.147 ns|     1.35 ns|
    +--------+---------+----------+------------+

+ Latency: 
    * Summary: 
    +---------+---------+----------+----------+-----+-----+---------+
    |  Latency (cycles) |  Latency (absolute) |  Interval | Pipeline|
    |   min   |   max   |    min   |    max   | min | max |   Type  |
    +---------+---------+----------+----------+-----+-----+---------+
    |        0|        0|      0 ns|      0 ns|    0|    0|       no|
    +---------+---------+----------+----------+-----+-----+---------+

    + Detail: 
        * Instance: 
        N/A

        * Loop: 
        N/A



================================================================
== Utilization Estimates
================================================================
* Summary: 
+---------------------+---------+------+---------+---------+-----+
|         Name        | BRAM_18K|  DSP |    FF   |   LUT   | URAM|
+---------------------+---------+------+---------+---------+-----+
|DSP                  |        -|     -|        -|        -|    -|
|Expression           |        -|     -|        0|     2203|    -|
|FIFO                 |        -|     -|        -|        -|    -|
|Instance             |        -|     -|        -|        -|    -|
|Memory               |        -|     -|        -|        -|    -|
|Multiplexer          |        -|     -|        0|      288|    -|
|Register             |        -|     -|     1986|        -|    -|
+---------------------+---------+------+---------+---------+-----+
|Total                |        0|     0|     1986|     2491|    0|
+---------------------+---------+------+---------+---------+-----+
|Available SLR        |     1440|  2280|   788160|   394080|  320|
+---------------------+---------+------+---------+---------+-----+
|Utilization SLR (%)  |        0|     0|       ~0|       ~0|    0|
+---------------------+---------+------+---------+---------+-----+
|Available            |     4320|  6840|  2364480|  1182240|  960|
+---------------------+---------+------+---------+---------+-----+
|Utilization (%)      |        0|     0|       ~0|       ~0|    0|
+---------------------+---------+------+---------+---------+-----+

+ Detail: 
    * Instance: 
    N/A

    * DSP: 
    N/A

    * Memory: 
    N/A

    * FIFO: 
    N/A

    * Expression: 
    +-----------------------+----------+----+---+----+------------+------------+
    |     Variable Name     | Operation| DSP| FF| LUT| Bitwidth P0| Bitwidth P1|
    +-----------------------+----------+----+---+----+------------+------------+
    |p_out10_0_fu_134_p2    |         +|   0|  0|  71|          64|           9|
    |p_out11_0_fu_140_p2    |         +|   0|  0|  71|          64|           9|
    |p_out12_0_fu_146_p2    |         +|   0|  0|  71|          64|           9|
    |p_out13_0_fu_152_p2    |         +|   0|  0|  71|          64|           9|
    |p_out14_0_fu_158_p2    |         +|   0|  0|  71|          64|           9|
    |p_out1550_0_fu_164_p2  |         +|   0|  0|  71|          64|          10|
    |p_out1655_0_fu_170_p2  |         +|   0|  0|  71|          64|          10|
    |p_out16_0_fu_80_p2     |         +|   0|  0|  71|          64|           7|
    |p_out17_0_fu_176_p2    |         +|   0|  0|  71|          64|          10|
    |p_out18_0_fu_182_p2    |         +|   0|  0|  71|          64|          10|
    |p_out19_0_fu_188_p2    |         +|   0|  0|  71|          64|          10|
    |p_out20_0_fu_194_p2    |         +|   0|  0|  71|          64|          10|
    |p_out21_0_fu_200_p2    |         +|   0|  0|  71|          64|          10|
    |p_out22_0_fu_206_p2    |         +|   0|  0|  71|          64|          10|
    |p_out23_0_fu_212_p2    |         +|   0|  0|  71|          64|          10|
    |p_out24_0_fu_218_p2    |         +|   0|  0|  71|          64|          10|
    |p_out25_0_fu_224_p2    |         +|   0|  0|  71|          64|          10|
    |p_out26_0_fu_230_p2    |         +|   0|  0|  71|          64|          10|
    |p_out27_0_fu_236_p2    |         +|   0|  0|  71|          64|          10|
    |p_out28_0_fu_242_p2    |         +|   0|  0|  71|          64|          10|
    |p_out2996_0_fu_248_p2  |         +|   0|  0|  71|          64|          10|
    |p_out2_0_fu_86_p2      |         +|   0|  0|  71|          64|           7|
    |p_out30_0_fu_254_p2    |         +|   0|  0|  71|          64|          10|
    |p_out3_0_fu_92_p2      |         +|   0|  0|  71|          64|           8|
    |p_out4_0_fu_98_p2      |         +|   0|  0|  71|          64|           8|
    |p_out5_0_fu_104_p2     |         +|   0|  0|  71|          64|           8|
    |p_out6_0_fu_110_p2     |         +|   0|  0|  71|          64|           8|
    |p_out7_0_fu_116_p2     |         +|   0|  0|  71|          64|           9|
    |p_out8_0_fu_122_p2     |         +|   0|  0|  71|          64|           9|
    |p_out9_0_fu_128_p2     |         +|   0|  0|  71|          64|           9|
    |p_out_0_fu_74_p2       |         +|   0|  0|  71|          64|           6|
    |ap_block_state1        |        or|   0|  0|   2|           1|           1|
    +-----------------------+----------+----+---+----+------------+------------+
    |Total                  |          |   0|  0|2203|        1985|         285|
    +-----------------------+----------+----+---+----+------------+------------+

    * Multiplexer: 
    +--------------+----+-----------+-----+-----------+
    |     Name     | LUT| Input Size| Bits| Total Bits|
    +--------------+----+-----------+-----+-----------+
    |ap_done       |   9|          2|    1|          2|
    |ap_return_0   |   9|          2|   64|        128|
    |ap_return_1   |   9|          2|   64|        128|
    |ap_return_10  |   9|          2|   64|        128|
    |ap_return_11  |   9|          2|   64|        128|
    |ap_return_12  |   9|          2|   64|        128|
    |ap_return_13  |   9|          2|   64|        128|
    |ap_return_14  |   9|          2|   64|        128|
    |ap_return_15  |   9|          2|   64|        128|
    |ap_return_16  |   9|          2|   64|        128|
    |ap_return_17  |   9|          2|   64|        128|
    |ap_return_18  |   9|          2|   64|        128|
    |ap_return_19  |   9|          2|   64|        128|
    |ap_return_2   |   9|          2|   64|        128|
    |ap_return_20  |   9|          2|   64|        128|
    |ap_return_21  |   9|          2|   64|        128|
    |ap_return_22  |   9|          2|   64|        128|
    |ap_return_23  |   9|          2|   64|        128|
    |ap_return_24  |   9|          2|   64|        128|
    |ap_return_25  |   9|          2|   64|        128|
    |ap_return_26  |   9|          2|   64|        128|
    |ap_return_27  |   9|          2|   64|        128|
    |ap_return_28  |   9|          2|   64|        128|
    |ap_return_29  |   9|          2|   64|        128|
    |ap_return_3   |   9|          2|   64|        128|
    |ap_return_30  |   9|          2|   64|        128|
    |ap_return_4   |   9|          2|   64|        128|
    |ap_return_5   |   9|          2|   64|        128|
    |ap_return_6   |   9|          2|   64|        128|
    |ap_return_7   |   9|          2|   64|        128|
    |ap_return_8   |   9|          2|   64|        128|
    |ap_return_9   |   9|          2|   64|        128|
    +--------------+----+-----------+-----+-----------+
    |Total         | 288|         64| 1985|       3970|
    +--------------+----+-----------+-----+-----------+

    * Register: 
    +-------------------+----+----+-----+-----------+
    |        Name       | FF | LUT| Bits| Const Bits|
    +-------------------+----+----+-----+-----------+
    |ap_CS_fsm          |   1|   0|    1|          0|
    |ap_done_reg        |   1|   0|    1|          0|
    |ap_return_0_preg   |  64|   0|   64|          0|
    |ap_return_10_preg  |  64|   0|   64|          0|
    |ap_return_11_preg  |  64|   0|   64|          0|
    |ap_return_12_preg  |  64|   0|   64|          0|
    |ap_return_13_preg  |  64|   0|   64|          0|
    |ap_return_14_preg  |  64|   0|   64|          0|
    |ap_return_15_preg  |  64|   0|   64|          0|
    |ap_return_16_preg  |  64|   0|   64|          0|
    |ap_return_17_preg  |  64|   0|   64|          0|
    |ap_return_18_preg  |  64|   0|   64|          0|
    |ap_return_19_preg  |  64|   0|   64|          0|
    |ap_return_1_preg   |  64|   0|   64|          0|
    |ap_return_20_preg  |  64|   0|   64|          0|
    |ap_return_21_preg  |  64|   0|   64|          0|
    |ap_return_22_preg  |  64|   0|   64|          0|
    |ap_return_23_preg  |  64|   0|   64|          0|
    |ap_return_24_preg  |  64|   0|   64|          0|
    |ap_return_25_preg  |  64|   0|   64|          0|
    |ap_return_26_preg  |  64|   0|   64|          0|
    |ap_return_27_preg  |  64|   0|   64|          0|
    |ap_return_28_preg  |  64|   0|   64|          0|
    |ap_return_29_preg  |  64|   0|   64|          0|
    |ap_return_2_preg   |  64|   0|   64|          0|
    |ap_return_30_preg  |  64|   0|   64|          0|
    |ap_return_3_preg   |  64|   0|   64|          0|
    |ap_return_4_preg   |  64|   0|   64|          0|
    |ap_return_5_preg   |  64|   0|   64|          0|
    |ap_return_6_preg   |  64|   0|   64|          0|
    |ap_return_7_preg   |  64|   0|   64|          0|
    |ap_return_8_preg   |  64|   0|   64|          0|
    |ap_return_9_preg   |  64|   0|   64|          0|
    +-------------------+----+----+-----+-----------+
    |Total              |1986|   0| 1986|          0|
    +-------------------+----+----+-----+-----------+



================================================================
== Interface
================================================================
* Summary: 
+--------------+-----+-----+------------+----------------------------+--------------+
|   RTL Ports  | Dir | Bits|  Protocol  |        Source Object       |    C Type    |
+--------------+-----+-----+------------+----------------------------+--------------+
|ap_clk        |   in|    1|  ap_ctrl_hs|  Block_VITIS_LOOP_57_3_proc|  return value|
|ap_rst        |   in|    1|  ap_ctrl_hs|  Block_VITIS_LOOP_57_3_proc|  return value|
|ap_start      |   in|    1|  ap_ctrl_hs|  Block_VITIS_LOOP_57_3_proc|  return value|
|ap_done       |  out|    1|  ap_ctrl_hs|  Block_VITIS_LOOP_57_3_proc|  return value|
|ap_continue   |   in|    1|  ap_ctrl_hs|  Block_VITIS_LOOP_57_3_proc|  return value|
|ap_idle       |  out|    1|  ap_ctrl_hs|  Block_VITIS_LOOP_57_3_proc|  return value|
|ap_ready      |  out|    1|  ap_ctrl_hs|  Block_VITIS_LOOP_57_3_proc|  return value|
|ap_return_0   |  out|   64|  ap_ctrl_hs|  Block_VITIS_LOOP_57_3_proc|  return value|
|ap_return_1   |  out|   64|  ap_ctrl_hs|  Block_VITIS_LOOP_57_3_proc|  return value|
|ap_return_2   |  out|   64|  ap_ctrl_hs|  Block_VITIS_LOOP_57_3_proc|  return value|
|ap_return_3   |  out|   64|  ap_ctrl_hs|  Block_VITIS_LOOP_57_3_proc|  return value|
|ap_return_4   |  out|   64|  ap_ctrl_hs|  Block_VITIS_LOOP_57_3_proc|  return value|
|ap_return_5   |  out|   64|  ap_ctrl_hs|  Block_VITIS_LOOP_57_3_proc|  return value|
|ap_return_6   |  out|   64|  ap_ctrl_hs|  Block_VITIS_LOOP_57_3_proc|  return value|
|ap_return_7   |  out|   64|  ap_ctrl_hs|  Block_VITIS_LOOP_57_3_proc|  return value|
|ap_return_8   |  out|   64|  ap_ctrl_hs|  Block_VITIS_LOOP_57_3_proc|  return value|
|ap_return_9   |  out|   64|  ap_ctrl_hs|  Block_VITIS_LOOP_57_3_proc|  return value|
|ap_return_10  |  out|   64|  ap_ctrl_hs|  Block_VITIS_LOOP_57_3_proc|  return value|
|ap_return_11  |  out|   64|  ap_ctrl_hs|  Block_VITIS_LOOP_57_3_proc|  return value|
|ap_return_12  |  out|   64|  ap_ctrl_hs|  Block_VITIS_LOOP_57_3_proc|  return value|
|ap_return_13  |  out|   64|  ap_ctrl_hs|  Block_VITIS_LOOP_57_3_proc|  return value|
|ap_return_14  |  out|   64|  ap_ctrl_hs|  Block_VITIS_LOOP_57_3_proc|  return value|
|ap_return_15  |  out|   64|  ap_ctrl_hs|  Block_VITIS_LOOP_57_3_proc|  return value|
|ap_return_16  |  out|   64|  ap_ctrl_hs|  Block_VITIS_LOOP_57_3_proc|  return value|
|ap_return_17  |  out|   64|  ap_ctrl_hs|  Block_VITIS_LOOP_57_3_proc|  return value|
|ap_return_18  |  out|   64|  ap_ctrl_hs|  Block_VITIS_LOOP_57_3_proc|  return value|
|ap_return_19  |  out|   64|  ap_ctrl_hs|  Block_VITIS_LOOP_57_3_proc|  return value|
|ap_return_20  |  out|   64|  ap_ctrl_hs|  Block_VITIS_LOOP_57_3_proc|  return value|
|ap_return_21  |  out|   64|  ap_ctrl_hs|  Block_VITIS_LOOP_57_3_proc|  return value|
|ap_return_22  |  out|   64|  ap_ctrl_hs|  Block_VITIS_LOOP_57_3_proc|  return value|
|ap_return_23  |  out|   64|  ap_ctrl_hs|  Block_VITIS_LOOP_57_3_proc|  return value|
|ap_return_24  |  out|   64|  ap_ctrl_hs|  Block_VITIS_LOOP_57_3_proc|  return value|
|ap_return_25  |  out|   64|  ap_ctrl_hs|  Block_VITIS_LOOP_57_3_proc|  return value|
|ap_return_26  |  out|   64|  ap_ctrl_hs|  Block_VITIS_LOOP_57_3_proc|  return value|
|ap_return_27  |  out|   64|  ap_ctrl_hs|  Block_VITIS_LOOP_57_3_proc|  return value|
|ap_return_28  |  out|   64|  ap_ctrl_hs|  Block_VITIS_LOOP_57_3_proc|  return value|
|ap_return_29  |  out|   64|  ap_ctrl_hs|  Block_VITIS_LOOP_57_3_proc|  return value|
|ap_return_30  |  out|   64|  ap_ctrl_hs|  Block_VITIS_LOOP_57_3_proc|  return value|
|B             |   in|   64|     ap_none|                           B|        scalar|
+--------------+-----+-----+------------+----------------------------+--------------+

