

================================================================
== Vitis HLS Report for 'Loop_VITIS_LOOP_57_3_proc'
================================================================
* Date:           Wed Jan 28 08:26:32 2026

* Version:        2024.1 (Build 5069499 on May 21 2024)
* Project:        matrix_multiply_32x32_proj
* Solution:       int8_32x32_solution (Vivado IP Flow Target)
* Product family: virtexuplus
* Target device:  xcvu9p-flga2104-2-i


================================================================
== Performance Estimates
================================================================
+ Timing: 
    * Summary: 
    +--------+---------+----------+------------+
    |  Clock |  Target | Estimated| Uncertainty|
    +--------+---------+----------+------------+
    |ap_clk  |  5.00 ns|  3.650 ns|     1.35 ns|
    +--------+---------+----------+------------+

+ Latency: 
    * Summary: 
    +---------+---------+----------+----------+------+------+-----------------------------------------------+
    |  Latency (cycles) |  Latency (absolute) |   Interval  |                    Pipeline                   |
    |   min   |   max   |    min   |    max   |  min |  max |                      Type                     |
    +---------+---------+----------+----------+------+------+-----------------------------------------------+
    |     1035|     1035|  5.175 us|  5.175 us|  1024|  1024|  loop auto-rewind stp(delay=0 clock cycles(s))|
    +---------+---------+----------+----------+------+------+-----------------------------------------------+

    + Detail: 
        * Instance: 
        N/A

        * Loop: 
        +-------------------+---------+---------+----------+-----------+-----------+------+----------+
        |                   |  Latency (cycles) | Iteration|  Initiation Interval  | Trip |          |
        |     Loop Name     |   min   |   max   |  Latency |  achieved |   target  | Count| Pipelined|
        +-------------------+---------+---------+----------+-----------+-----------+------+----------+
        |- VITIS_LOOP_57_3  |     1033|     1033|        42|         32|          1|    32|       yes|
        +-------------------+---------+---------+----------+-----------+-----------+------+----------+



================================================================
== Utilization Estimates
================================================================
* Summary: 
+---------------------+---------+------+---------+---------+-----+
|         Name        | BRAM_18K|  DSP |    FF   |   LUT   | URAM|
+---------------------+---------+------+---------+---------+-----+
|DSP                  |        -|     -|        -|        -|    -|
|Expression           |        -|     -|        0|     2366|    -|
|FIFO                 |        -|     -|        -|        -|    -|
|Instance             |        -|     -|        -|        -|    -|
|Memory               |        -|     -|        -|        -|    -|
|Multiplexer          |        -|     -|        0|      385|    -|
|Register             |        -|     -|     2347|        -|    -|
+---------------------+---------+------+---------+---------+-----+
|Total                |        0|     0|     2347|     2751|    0|
+---------------------+---------+------+---------+---------+-----+
|Available SLR        |     1440|  2280|   788160|   394080|  320|
+---------------------+---------+------+---------+---------+-----+
|Utilization SLR (%)  |        0|     0|       ~0|       ~0|    0|
+---------------------+---------+------+---------+---------+-----+
|Available            |     4320|  6840|  2364480|  1182240|  960|
+---------------------+---------+------+---------+---------+-----+
|Utilization (%)      |        0|     0|       ~0|       ~0|    0|
+---------------------+---------+------+---------+---------+-----+

+ Detail: 
    * Instance: 
    N/A

    * DSP: 
    N/A

    * Memory: 
    N/A

    * FIFO: 
    N/A

    * Expression: 
    +----------------------------+----------+----+---+----+------------+------------+
    |        Variable Name       | Operation| DSP| FF| LUT| Bitwidth P0| Bitwidth P1|
    +----------------------------+----------+----+---+----+------------+------------+
    |add_ln60_10_fu_835_p2       |         +|   0|  0|  71|          64|          64|
    |add_ln60_11_fu_847_p2       |         +|   0|  0|  71|          64|          64|
    |add_ln60_12_fu_859_p2       |         +|   0|  0|  71|          64|          64|
    |add_ln60_13_fu_871_p2       |         +|   0|  0|  71|          64|          64|
    |add_ln60_14_fu_883_p2       |         +|   0|  0|  71|          64|          64|
    |add_ln60_15_fu_895_p2       |         +|   0|  0|  71|          64|          64|
    |add_ln60_16_fu_907_p2       |         +|   0|  0|  71|          64|          64|
    |add_ln60_17_fu_919_p2       |         +|   0|  0|  71|          64|          64|
    |add_ln60_18_fu_931_p2       |         +|   0|  0|  71|          64|          64|
    |add_ln60_19_fu_943_p2       |         +|   0|  0|  71|          64|          64|
    |add_ln60_1_fu_727_p2        |         +|   0|  0|  71|          64|          64|
    |add_ln60_20_fu_955_p2       |         +|   0|  0|  71|          64|          64|
    |add_ln60_21_fu_967_p2       |         +|   0|  0|  71|          64|          64|
    |add_ln60_22_fu_979_p2       |         +|   0|  0|  71|          64|          64|
    |add_ln60_23_fu_991_p2       |         +|   0|  0|  71|          64|          64|
    |add_ln60_24_fu_1003_p2      |         +|   0|  0|  71|          64|          64|
    |add_ln60_25_fu_1015_p2      |         +|   0|  0|  71|          64|          64|
    |add_ln60_26_fu_1027_p2      |         +|   0|  0|  71|          64|          64|
    |add_ln60_27_fu_1039_p2      |         +|   0|  0|  71|          64|          64|
    |add_ln60_28_fu_1051_p2      |         +|   0|  0|  71|          64|          64|
    |add_ln60_29_fu_1063_p2      |         +|   0|  0|  71|          64|          64|
    |add_ln60_2_fu_739_p2        |         +|   0|  0|  71|          64|          64|
    |add_ln60_30_fu_1075_p2      |         +|   0|  0|  71|          64|          64|
    |add_ln60_31_fu_1087_p2      |         +|   0|  0|  71|          64|          64|
    |add_ln60_3_fu_751_p2        |         +|   0|  0|  71|          64|          64|
    |add_ln60_4_fu_763_p2        |         +|   0|  0|  71|          64|          64|
    |add_ln60_5_fu_775_p2        |         +|   0|  0|  71|          64|          64|
    |add_ln60_6_fu_787_p2        |         +|   0|  0|  71|          64|          64|
    |add_ln60_7_fu_799_p2        |         +|   0|  0|  71|          64|          64|
    |add_ln60_8_fu_811_p2        |         +|   0|  0|  71|          64|          64|
    |add_ln60_9_fu_823_p2        |         +|   0|  0|  71|          64|          64|
    |add_ln60_fu_715_p2          |         +|   0|  0|  71|          64|          64|
    |j_fu_1099_p2                |         +|   0|  0|  12|           5|           1|
    |ap_block_pp0_stage11_11001  |       and|   0|  0|   2|           1|           1|
    |ap_block_pp0_stage12_11001  |       and|   0|  0|   2|           1|           1|
    |ap_block_pp0_stage13_11001  |       and|   0|  0|   2|           1|           1|
    |ap_block_pp0_stage14_11001  |       and|   0|  0|   2|           1|           1|
    |ap_block_pp0_stage15_11001  |       and|   0|  0|   2|           1|           1|
    |ap_block_pp0_stage16_11001  |       and|   0|  0|   2|           1|           1|
    |ap_block_pp0_stage17_11001  |       and|   0|  0|   2|           1|           1|
    |ap_block_pp0_stage18_11001  |       and|   0|  0|   2|           1|           1|
    |ap_block_pp0_stage19_11001  |       and|   0|  0|   2|           1|           1|
    |ap_block_pp0_stage20_11001  |       and|   0|  0|   2|           1|           1|
    |ap_block_pp0_stage21_11001  |       and|   0|  0|   2|           1|           1|
    |ap_block_pp0_stage22_11001  |       and|   0|  0|   2|           1|           1|
    |ap_block_pp0_stage23_11001  |       and|   0|  0|   2|           1|           1|
    |ap_block_pp0_stage24_11001  |       and|   0|  0|   2|           1|           1|
    |ap_block_pp0_stage25_11001  |       and|   0|  0|   2|           1|           1|
    |ap_block_pp0_stage26_11001  |       and|   0|  0|   2|           1|           1|
    |ap_block_pp0_stage27_11001  |       and|   0|  0|   2|           1|           1|
    |ap_block_pp0_stage28_11001  |       and|   0|  0|   2|           1|           1|
    |ap_block_pp0_stage29_11001  |       and|   0|  0|   2|           1|           1|
    |ap_block_pp0_stage30_11001  |       and|   0|  0|   2|           1|           1|
    |ap_block_pp0_stage31_11001  |       and|   0|  0|   2|           1|           1|
    |ap_condition_1138           |       and|   0|  0|   2|           1|           1|
    |icmp_ln57_fu_1105_p2        |      icmp|   0|  0|  12|           5|           2|
    |ap_block_pp0_stage0_11001   |        or|   0|  0|   2|           1|           1|
    |ap_block_pp0_stage10_11001  |        or|   0|  0|   2|           1|           1|
    |ap_block_pp0_stage1_11001   |        or|   0|  0|   2|           1|           1|
    |ap_block_pp0_stage2_11001   |        or|   0|  0|   2|           1|           1|
    |ap_block_pp0_stage3_11001   |        or|   0|  0|   2|           1|           1|
    |ap_block_pp0_stage4_11001   |        or|   0|  0|   2|           1|           1|
    |ap_block_pp0_stage5_11001   |        or|   0|  0|   2|           1|           1|
    |ap_block_pp0_stage6_11001   |        or|   0|  0|   2|           1|           1|
    |ap_block_pp0_stage7_11001   |        or|   0|  0|   2|           1|           1|
    |ap_block_pp0_stage8_11001   |        or|   0|  0|   2|           1|           1|
    |ap_block_pp0_stage9_01001   |        or|   0|  0|   2|           1|           1|
    |ap_block_pp0_stage9_11001   |        or|   0|  0|   2|           1|           1|
    |ap_enable_pp0               |       xor|   0|  0|   2|           1|           2|
    +----------------------------+----------+----+---+----+------------+------------+
    |Total                       |          |   0|  0|2366|        2093|        2087|
    +----------------------------+----------+----+---+----+------------+------------+

    * Multiplexer: 
    +----------------------------------+-----+-----------+-----+-----------+
    |               Name               | LUT | Input Size| Bits| Total Bits|
    +----------------------------------+-----+-----------+-----+-----------+
    |ap_NS_fsm                         |  152|         33|    1|         33|
    |ap_done_int                       |    9|          2|    1|          2|
    |ap_enable_reg_pp0_iter0           |    9|          2|    1|          2|
    |ap_enable_reg_pp0_iter1           |    9|          2|    1|          2|
    |ap_loop_exit_ready_pp0_iter1_reg  |    9|          2|    1|          2|
    |ap_sig_allocacmp_j94_load         |    9|          2|    5|         10|
    |b_stream_blk_n                    |    9|          2|    1|          2|
    |gmem_b_blk_n_AR                   |    9|          2|    1|          2|
    |gmem_b_blk_n_R                    |    9|          2|    1|          2|
    |j94_fu_116                        |    9|          2|    5|         10|
    |m_axi_gmem_b_ARADDR               |  152|         33|   64|       2112|
    +----------------------------------+-----+-----------+-----+-----------+
    |Total                             |  385|         84|   82|       2179|
    +----------------------------------+-----+-----------+-----+-----------+

    * Register: 
    +----------------------------------+----+----+-----+-----------+
    |               Name               | FF | LUT| Bits| Const Bits|
    +----------------------------------+----+----+-----+-----------+
    |ap_CS_fsm                         |  32|   0|   32|          0|
    |ap_done_reg                       |   1|   0|    1|          0|
    |ap_enable_reg_pp0_iter0_reg       |   1|   0|    1|          0|
    |ap_enable_reg_pp0_iter1           |   1|   0|    1|          0|
    |ap_loop_exit_ready_pp0_iter1_reg  |   1|   0|    1|          0|
    |gmem_b_addr_10_read_reg_1406      |   8|   0|    8|          0|
    |gmem_b_addr_10_reg_1220           |  64|   0|   64|          0|
    |gmem_b_addr_11_read_reg_1411      |   8|   0|    8|          0|
    |gmem_b_addr_11_reg_1226           |  64|   0|   64|          0|
    |gmem_b_addr_12_read_reg_1416      |   8|   0|    8|          0|
    |gmem_b_addr_12_reg_1232           |  64|   0|   64|          0|
    |gmem_b_addr_13_read_reg_1421      |   8|   0|    8|          0|
    |gmem_b_addr_13_reg_1238           |  64|   0|   64|          0|
    |gmem_b_addr_14_read_reg_1426      |   8|   0|    8|          0|
    |gmem_b_addr_14_reg_1244           |  64|   0|   64|          0|
    |gmem_b_addr_15_read_reg_1431      |   8|   0|    8|          0|
    |gmem_b_addr_15_reg_1250           |  64|   0|   64|          0|
    |gmem_b_addr_16_read_reg_1436      |   8|   0|    8|          0|
    |gmem_b_addr_16_reg_1256           |  64|   0|   64|          0|
    |gmem_b_addr_17_read_reg_1441      |   8|   0|    8|          0|
    |gmem_b_addr_17_reg_1262           |  64|   0|   64|          0|
    |gmem_b_addr_18_read_reg_1446      |   8|   0|    8|          0|
    |gmem_b_addr_18_reg_1268           |  64|   0|   64|          0|
    |gmem_b_addr_19_read_reg_1451      |   8|   0|    8|          0|
    |gmem_b_addr_19_reg_1274           |  64|   0|   64|          0|
    |gmem_b_addr_1_read_reg_1361       |   8|   0|    8|          0|
    |gmem_b_addr_1_reg_1166            |  64|   0|   64|          0|
    |gmem_b_addr_20_read_reg_1456      |   8|   0|    8|          0|
    |gmem_b_addr_20_reg_1280           |  64|   0|   64|          0|
    |gmem_b_addr_21_read_reg_1461      |   8|   0|    8|          0|
    |gmem_b_addr_21_reg_1286           |  64|   0|   64|          0|
    |gmem_b_addr_22_read_reg_1466      |   8|   0|    8|          0|
    |gmem_b_addr_22_reg_1292           |  64|   0|   64|          0|
    |gmem_b_addr_23_read_reg_1471      |   8|   0|    8|          0|
    |gmem_b_addr_23_reg_1298           |  64|   0|   64|          0|
    |gmem_b_addr_24_read_reg_1476      |   8|   0|    8|          0|
    |gmem_b_addr_24_reg_1304           |  64|   0|   64|          0|
    |gmem_b_addr_25_read_reg_1481      |   8|   0|    8|          0|
    |gmem_b_addr_25_reg_1310           |  64|   0|   64|          0|
    |gmem_b_addr_26_read_reg_1486      |   8|   0|    8|          0|
    |gmem_b_addr_26_reg_1316           |  64|   0|   64|          0|
    |gmem_b_addr_27_read_reg_1491      |   8|   0|    8|          0|
    |gmem_b_addr_27_reg_1322           |  64|   0|   64|          0|
    |gmem_b_addr_28_read_reg_1496      |   8|   0|    8|          0|
    |gmem_b_addr_28_reg_1328           |  64|   0|   64|          0|
    |gmem_b_addr_29_read_reg_1501      |   8|   0|    8|          0|
    |gmem_b_addr_29_reg_1334           |  64|   0|   64|          0|
    |gmem_b_addr_2_read_reg_1366       |   8|   0|    8|          0|
    |gmem_b_addr_2_reg_1172            |  64|   0|   64|          0|
    |gmem_b_addr_30_read_reg_1506      |   8|   0|    8|          0|
    |gmem_b_addr_30_reg_1340           |  64|   0|   64|          0|
    |gmem_b_addr_31_read_reg_1511      |   8|   0|    8|          0|
    |gmem_b_addr_31_reg_1346           |  64|   0|   64|          0|
    |gmem_b_addr_3_read_reg_1371       |   8|   0|    8|          0|
    |gmem_b_addr_3_reg_1178            |  64|   0|   64|          0|
    |gmem_b_addr_4_read_reg_1376       |   8|   0|    8|          0|
    |gmem_b_addr_4_reg_1184            |  64|   0|   64|          0|
    |gmem_b_addr_5_read_reg_1381       |   8|   0|    8|          0|
    |gmem_b_addr_5_reg_1190            |  64|   0|   64|          0|
    |gmem_b_addr_6_read_reg_1386       |   8|   0|    8|          0|
    |gmem_b_addr_6_reg_1196            |  64|   0|   64|          0|
    |gmem_b_addr_7_read_reg_1391       |   8|   0|    8|          0|
    |gmem_b_addr_7_reg_1202            |  64|   0|   64|          0|
    |gmem_b_addr_8_read_reg_1396       |   8|   0|    8|          0|
    |gmem_b_addr_8_reg_1208            |  64|   0|   64|          0|
    |gmem_b_addr_9_read_reg_1401       |   8|   0|    8|          0|
    |gmem_b_addr_9_reg_1214            |  64|   0|   64|          0|
    |gmem_b_addr_read_reg_1356         |   8|   0|    8|          0|
    |gmem_b_addr_reg_1160              |  64|   0|   64|          0|
    |icmp_ln57_reg_1352                |   1|   0|    1|          0|
    |icmp_ln57_reg_1352_pp0_iter1_reg  |   1|   0|    1|          0|
    |j94_fu_116                        |   5|   0|    5|          0|
    +----------------------------------+----+----+-----+-----------+
    |Total                             |2347|   0| 2347|          0|
    +----------------------------------+----+----+-----+-----------+



================================================================
== Interface
================================================================
* Summary: 
+-------------------------+-----+-----+------------+---------------------------+--------------+
|        RTL Ports        | Dir | Bits|  Protocol  |       Source Object       |    C Type    |
+-------------------------+-----+-----+------------+---------------------------+--------------+
|ap_clk                   |   in|    1|  ap_ctrl_hs|  Loop_VITIS_LOOP_57_3_proc|  return value|
|ap_rst                   |   in|    1|  ap_ctrl_hs|  Loop_VITIS_LOOP_57_3_proc|  return value|
|ap_start                 |   in|    1|  ap_ctrl_hs|  Loop_VITIS_LOOP_57_3_proc|  return value|
|ap_done                  |  out|    1|  ap_ctrl_hs|  Loop_VITIS_LOOP_57_3_proc|  return value|
|ap_continue              |   in|    1|  ap_ctrl_hs|  Loop_VITIS_LOOP_57_3_proc|  return value|
|ap_idle                  |  out|    1|  ap_ctrl_hs|  Loop_VITIS_LOOP_57_3_proc|  return value|
|ap_ready                 |  out|    1|  ap_ctrl_hs|  Loop_VITIS_LOOP_57_3_proc|  return value|
|m_axi_gmem_b_AWVALID     |  out|    1|       m_axi|                     gmem_b|       pointer|
|m_axi_gmem_b_AWREADY     |   in|    1|       m_axi|                     gmem_b|       pointer|
|m_axi_gmem_b_AWADDR      |  out|   64|       m_axi|                     gmem_b|       pointer|
|m_axi_gmem_b_AWID        |  out|    1|       m_axi|                     gmem_b|       pointer|
|m_axi_gmem_b_AWLEN       |  out|   32|       m_axi|                     gmem_b|       pointer|
|m_axi_gmem_b_AWSIZE      |  out|    3|       m_axi|                     gmem_b|       pointer|
|m_axi_gmem_b_AWBURST     |  out|    2|       m_axi|                     gmem_b|       pointer|
|m_axi_gmem_b_AWLOCK      |  out|    2|       m_axi|                     gmem_b|       pointer|
|m_axi_gmem_b_AWCACHE     |  out|    4|       m_axi|                     gmem_b|       pointer|
|m_axi_gmem_b_AWPROT      |  out|    3|       m_axi|                     gmem_b|       pointer|
|m_axi_gmem_b_AWQOS       |  out|    4|       m_axi|                     gmem_b|       pointer|
|m_axi_gmem_b_AWREGION    |  out|    4|       m_axi|                     gmem_b|       pointer|
|m_axi_gmem_b_AWUSER      |  out|    1|       m_axi|                     gmem_b|       pointer|
|m_axi_gmem_b_WVALID      |  out|    1|       m_axi|                     gmem_b|       pointer|
|m_axi_gmem_b_WREADY      |   in|    1|       m_axi|                     gmem_b|       pointer|
|m_axi_gmem_b_WDATA       |  out|    8|       m_axi|                     gmem_b|       pointer|
|m_axi_gmem_b_WSTRB       |  out|    1|       m_axi|                     gmem_b|       pointer|
|m_axi_gmem_b_WLAST       |  out|    1|       m_axi|                     gmem_b|       pointer|
|m_axi_gmem_b_WID         |  out|    1|       m_axi|                     gmem_b|       pointer|
|m_axi_gmem_b_WUSER       |  out|    1|       m_axi|                     gmem_b|       pointer|
|m_axi_gmem_b_ARVALID     |  out|    1|       m_axi|                     gmem_b|       pointer|
|m_axi_gmem_b_ARREADY     |   in|    1|       m_axi|                     gmem_b|       pointer|
|m_axi_gmem_b_ARADDR      |  out|   64|       m_axi|                     gmem_b|       pointer|
|m_axi_gmem_b_ARID        |  out|    1|       m_axi|                     gmem_b|       pointer|
|m_axi_gmem_b_ARLEN       |  out|   32|       m_axi|                     gmem_b|       pointer|
|m_axi_gmem_b_ARSIZE      |  out|    3|       m_axi|                     gmem_b|       pointer|
|m_axi_gmem_b_ARBURST     |  out|    2|       m_axi|                     gmem_b|       pointer|
|m_axi_gmem_b_ARLOCK      |  out|    2|       m_axi|                     gmem_b|       pointer|
|m_axi_gmem_b_ARCACHE     |  out|    4|       m_axi|                     gmem_b|       pointer|
|m_axi_gmem_b_ARPROT      |  out|    3|       m_axi|                     gmem_b|       pointer|
|m_axi_gmem_b_ARQOS       |  out|    4|       m_axi|                     gmem_b|       pointer|
|m_axi_gmem_b_ARREGION    |  out|    4|       m_axi|                     gmem_b|       pointer|
|m_axi_gmem_b_ARUSER      |  out|    1|       m_axi|                     gmem_b|       pointer|
|m_axi_gmem_b_RVALID      |   in|    1|       m_axi|                     gmem_b|       pointer|
|m_axi_gmem_b_RREADY      |  out|    1|       m_axi|                     gmem_b|       pointer|
|m_axi_gmem_b_RDATA       |   in|    8|       m_axi|                     gmem_b|       pointer|
|m_axi_gmem_b_RLAST       |   in|    1|       m_axi|                     gmem_b|       pointer|
|m_axi_gmem_b_RID         |   in|    1|       m_axi|                     gmem_b|       pointer|
|m_axi_gmem_b_RFIFONUM    |   in|   11|       m_axi|                     gmem_b|       pointer|
|m_axi_gmem_b_RUSER       |   in|    1|       m_axi|                     gmem_b|       pointer|
|m_axi_gmem_b_RRESP       |   in|    2|       m_axi|                     gmem_b|       pointer|
|m_axi_gmem_b_BVALID      |   in|    1|       m_axi|                     gmem_b|       pointer|
|m_axi_gmem_b_BREADY      |  out|    1|       m_axi|                     gmem_b|       pointer|
|m_axi_gmem_b_BRESP       |   in|    2|       m_axi|                     gmem_b|       pointer|
|m_axi_gmem_b_BID         |   in|    1|       m_axi|                     gmem_b|       pointer|
|m_axi_gmem_b_BUSER       |   in|    1|       m_axi|                     gmem_b|       pointer|
|B                        |   in|   64|     ap_none|                          B|        scalar|
|p_read                   |   in|   64|     ap_none|                     p_read|        scalar|
|p_read1                  |   in|   64|     ap_none|                    p_read1|        scalar|
|p_read2                  |   in|   64|     ap_none|                    p_read2|        scalar|
|p_read3                  |   in|   64|     ap_none|                    p_read3|        scalar|
|p_read4                  |   in|   64|     ap_none|                    p_read4|        scalar|
|p_read5                  |   in|   64|     ap_none|                    p_read5|        scalar|
|p_read6                  |   in|   64|     ap_none|                    p_read6|        scalar|
|p_read7                  |   in|   64|     ap_none|                    p_read7|        scalar|
|p_read8                  |   in|   64|     ap_none|                    p_read8|        scalar|
|p_read9                  |   in|   64|     ap_none|                    p_read9|        scalar|
|p_read10                 |   in|   64|     ap_none|                   p_read10|        scalar|
|p_read11                 |   in|   64|     ap_none|                   p_read11|        scalar|
|p_read12                 |   in|   64|     ap_none|                   p_read12|        scalar|
|p_read13                 |   in|   64|     ap_none|                   p_read13|        scalar|
|p_read14                 |   in|   64|     ap_none|                   p_read14|        scalar|
|p_read15                 |   in|   64|     ap_none|                   p_read15|        scalar|
|p_read16                 |   in|   64|     ap_none|                   p_read16|        scalar|
|p_read17                 |   in|   64|     ap_none|                   p_read17|        scalar|
|p_read18                 |   in|   64|     ap_none|                   p_read18|        scalar|
|p_read19                 |   in|   64|     ap_none|                   p_read19|        scalar|
|p_read20                 |   in|   64|     ap_none|                   p_read20|        scalar|
|p_read21                 |   in|   64|     ap_none|                   p_read21|        scalar|
|p_read22                 |   in|   64|     ap_none|                   p_read22|        scalar|
|p_read23                 |   in|   64|     ap_none|                   p_read23|        scalar|
|p_read24                 |   in|   64|     ap_none|                   p_read24|        scalar|
|p_read25                 |   in|   64|     ap_none|                   p_read25|        scalar|
|p_read26                 |   in|   64|     ap_none|                   p_read26|        scalar|
|p_read27                 |   in|   64|     ap_none|                   p_read27|        scalar|
|p_read28                 |   in|   64|     ap_none|                   p_read28|        scalar|
|p_read29                 |   in|   64|     ap_none|                   p_read29|        scalar|
|p_read30                 |   in|   64|     ap_none|                   p_read30|        scalar|
|b_stream_din             |  out|  256|     ap_fifo|                   b_stream|       pointer|
|b_stream_num_data_valid  |   in|    3|     ap_fifo|                   b_stream|       pointer|
|b_stream_fifo_cap        |   in|    3|     ap_fifo|                   b_stream|       pointer|
|b_stream_full_n          |   in|    1|     ap_fifo|                   b_stream|       pointer|
|b_stream_write           |  out|    1|     ap_fifo|                   b_stream|       pointer|
+-------------------------+-----+-----+------------+---------------------------+--------------+

