

================================================================
== Vitis HLS Report for 'matrix_multiply_32x32'
================================================================
* Date:           Wed Jan 28 08:26:32 2026

* Version:        2024.1 (Build 5069499 on May 21 2024)
* Project:        matrix_multiply_32x32_proj
* Solution:       int8_32x32_solution (Vivado IP Flow Target)
* Product family: virtexuplus
* Target device:  xcvu9p-flga2104-2-i


================================================================
== Performance Estimates
================================================================
+ Timing: 
    * Summary: 
    +--------+---------+----------+------------+
    |  Clock |  Target | Estimated| Uncertainty|
    +--------+---------+----------+------------+
    |ap_clk  |  5.00 ns|  3.650 ns|     1.35 ns|
    +--------+---------+----------+------------+

+ Latency: 
    * Summary: 
    +---------+---------+----------+----------+------+------+----------+
    |  Latency (cycles) |  Latency (absolute) |   Interval  | Pipeline |
    |   min   |   max   |    min   |    max   |  min |  max |   Type   |
    +---------+---------+----------+----------+------+------+----------+
    |     1075|     1075|  5.375 us|  5.375 us|  1024|  1024|  dataflow|
    +---------+---------+----------+----------+------+------+----------+

    + Detail: 
        * Instance: 
        +---------------------------------+------------------------------+---------+---------+----------+----------+------+------+-----------------------------------------------+
        |                                 |                              |  Latency (cycles) |  Latency (absolute) |   Interval  |                    Pipeline                   |
        |             Instance            |            Module            |   min   |   max   |    min   |    max   |  min |  max |                      Type                     |
        +---------------------------------+------------------------------+---------+---------+----------+----------+------+------+-----------------------------------------------+
        |entry_proc_U0                    |entry_proc                    |        0|        0|      0 ns|      0 ns|     0|     0|                                             no|
        |Block_VITIS_LOOP_57_3_proc_U0    |Block_VITIS_LOOP_57_3_proc    |        0|        0|      0 ns|      0 ns|     0|     0|                                             no|
        |Loop_VITIS_LOOP_47_1_proc2_U0    |Loop_VITIS_LOOP_47_1_proc2    |     1035|     1035|  5.175 us|  5.175 us|  1024|  1024|  loop auto-rewind stp(delay=0 clock cycles(s))|
        |Loop_VITIS_LOOP_57_3_proc_U0     |Loop_VITIS_LOOP_57_3_proc     |     1035|     1035|  5.175 us|  5.175 us|  1024|  1024|  loop auto-rewind stp(delay=0 clock cycles(s))|
        |int8_32x32_wrapper_wrapper_1_U0  |int8_32x32_wrapper_wrapper_1  |       33|       33|  0.165 us|  0.165 us|     1|     1|                                       dataflow|
        |Loop_VITIS_LOOP_70_5_proc3_U0    |Loop_VITIS_LOOP_70_5_proc3    |     1033|     1033|  5.165 us|  5.165 us|  1024|  1024|  loop auto-rewind stp(delay=0 clock cycles(s))|
        +---------------------------------+------------------------------+---------+---------+----------+----------+------+------+-----------------------------------------------+

        * Loop: 
        N/A



================================================================
== Utilization Estimates
================================================================
* Summary: 
+---------------------+---------+------+---------+---------+-----+
|         Name        | BRAM_18K|  DSP |    FF   |   LUT   | URAM|
+---------------------+---------+------+---------+---------+-----+
|DSP                  |        -|     -|        -|        -|    -|
|Expression           |        -|     -|        0|      146|    -|
|FIFO                 |        -|     -|     6190|     3356|    -|
|Instance             |        3|  1024|     7423|    10648|    0|
|Memory               |        -|     -|        -|        -|    -|
|Multiplexer          |        -|     -|        0|      315|    -|
|Register             |        -|     -|       35|        -|    -|
+---------------------+---------+------+---------+---------+-----+
|Total                |        3|  1024|    13648|    14465|    0|
+---------------------+---------+------+---------+---------+-----+
|Available SLR        |     1440|  2280|   788160|   394080|  320|
+---------------------+---------+------+---------+---------+-----+
|Utilization SLR (%)  |       ~0|    44|        1|        3|    0|
+---------------------+---------+------+---------+---------+-----+
|Available            |     4320|  6840|  2364480|  1182240|  960|
+---------------------+---------+------+---------+---------+-----+
|Utilization (%)      |       ~0|    14|       ~0|        1|    0|
+---------------------+---------+------+---------+---------+-----+

+ Detail: 
    * Instance: 
    +---------------------------------+------------------------------+---------+------+------+------+-----+
    |             Instance            |            Module            | BRAM_18K|  DSP |  FF  |  LUT | URAM|
    +---------------------------------+------------------------------+---------+------+------+------+-----+
    |Block_VITIS_LOOP_57_3_proc_U0    |Block_VITIS_LOOP_57_3_proc    |        0|     0|  1986|  2491|    0|
    |Loop_VITIS_LOOP_47_1_proc2_U0    |Loop_VITIS_LOOP_47_1_proc2    |        0|     0|   364|   329|    0|
    |Loop_VITIS_LOOP_57_3_proc_U0     |Loop_VITIS_LOOP_57_3_proc     |        0|     0|  2347|  2751|    0|
    |Loop_VITIS_LOOP_70_5_proc3_U0    |Loop_VITIS_LOOP_70_5_proc3    |        0|     0|   705|  2418|    0|
    |control_s_axi_U                  |control_s_axi                 |        0|     0|   246|   424|    0|
    |entry_proc_U0                    |entry_proc                    |        0|     0|     3|    29|    0|
    |gmem_a_m_axi_U                   |gmem_a_m_axi                  |        1|     0|   592|   744|    0|
    |gmem_b_m_axi_U                   |gmem_b_m_axi                  |        1|     0|   592|   744|    0|
    |gmem_c_m_axi_U                   |gmem_c_m_axi                  |        1|     0|   588|   718|    0|
    |int8_32x32_wrapper_wrapper_1_U0  |int8_32x32_wrapper_wrapper_1  |        0|  1024|     0|     0|    0|
    +---------------------------------+------------------------------+---------+------+------+------+-----+
    |Total                            |                              |        3|  1024|  7423| 10648|    0|
    +---------------------------------+------------------------------+---------+------+------+------+-----+

    * DSP: 
    N/A

    * Memory: 
    N/A

    * FIFO: 
    +-------------------+---------+------+----+-----+------+-----+---------+
    |        Name       | BRAM_18K|  FF  | LUT| URAM| Depth| Bits| Size:D*B|
    +-------------------+---------+------+----+-----+------+-----+---------+
    |C_c_U              |        0|     7|   0|    -|     5|   64|      320|
    |a_stream_U         |        0|   516|   0|    -|     2|  256|      512|
    |b_stream_U         |        0|   516|   0|    -|     2|  256|      512|
    |c_stream_U         |        0|  1028|   0|    -|     2|  512|     1024|
    |p_loc36_channel_U  |        0|   133|   0|    -|     2|   64|      128|
    |p_loc37_channel_U  |        0|   133|   0|    -|     2|   64|      128|
    |p_loc38_channel_U  |        0|   133|   0|    -|     2|   64|      128|
    |p_loc39_channel_U  |        0|   133|   0|    -|     2|   64|      128|
    |p_loc40_channel_U  |        0|   133|   0|    -|     2|   64|      128|
    |p_loc41_channel_U  |        0|   133|   0|    -|     2|   64|      128|
    |p_loc42_channel_U  |        0|   133|   0|    -|     2|   64|      128|
    |p_loc43_channel_U  |        0|   133|   0|    -|     2|   64|      128|
    |p_loc44_channel_U  |        0|   133|   0|    -|     2|   64|      128|
    |p_loc45_channel_U  |        0|   133|   0|    -|     2|   64|      128|
    |p_loc46_channel_U  |        0|   133|   0|    -|     2|   64|      128|
    |p_loc47_channel_U  |        0|   133|   0|    -|     2|   64|      128|
    |p_loc48_channel_U  |        0|   133|   0|    -|     2|   64|      128|
    |p_loc49_channel_U  |        0|   133|   0|    -|     2|   64|      128|
    |p_loc50_channel_U  |        0|   133|   0|    -|     2|   64|      128|
    |p_loc51_channel_U  |        0|   133|   0|    -|     2|   64|      128|
    |p_loc52_channel_U  |        0|   133|   0|    -|     2|   64|      128|
    |p_loc53_channel_U  |        0|   133|   0|    -|     2|   64|      128|
    |p_loc54_channel_U  |        0|   133|   0|    -|     2|   64|      128|
    |p_loc55_channel_U  |        0|   133|   0|    -|     2|   64|      128|
    |p_loc56_channel_U  |        0|   133|   0|    -|     2|   64|      128|
    |p_loc57_channel_U  |        0|   133|   0|    -|     2|   64|      128|
    |p_loc58_channel_U  |        0|   133|   0|    -|     2|   64|      128|
    |p_loc59_channel_U  |        0|   133|   0|    -|     2|   64|      128|
    |p_loc60_channel_U  |        0|   133|   0|    -|     2|   64|      128|
    |p_loc61_channel_U  |        0|   133|   0|    -|     2|   64|      128|
    |p_loc62_channel_U  |        0|   133|   0|    -|     2|   64|      128|
    |p_loc63_channel_U  |        0|   133|   0|    -|     2|   64|      128|
    |p_loc64_channel_U  |        0|   133|   0|    -|     2|   64|      128|
    |p_loc65_channel_U  |        0|   133|   0|    -|     2|   64|      128|
    |p_loc_channel_U    |        0|   133|   0|    -|     2|   64|      128|
    +-------------------+---------+------+----+-----+------+-----+---------+
    |Total              |        0|  6190|   0|    0|    73| 3072|     6336|
    +-------------------+---------+------+----+-----+------+-----+---------+

    * Expression: 
    +------------------------------------------------+----------+----+---+----+------------+------------+
    |                  Variable Name                 | Operation| DSP| FF| LUT| Bitwidth P0| Bitwidth P1|
    +------------------------------------------------+----------+----+---+----+------------+------------+
    |Block_VITIS_LOOP_57_3_proc_U0_ap_continue       |       and|   0|  0|   2|           1|           1|
    |Block_VITIS_LOOP_57_3_proc_U0_ap_start          |       and|   0|  0|   2|           1|           1|
    |Loop_VITIS_LOOP_47_1_proc2_U0_ap_start          |       and|   0|  0|   2|           1|           1|
    |Loop_VITIS_LOOP_57_3_proc_U0_ap_start           |       and|   0|  0|   2|           1|           1|
    |ap_channel_done_p_loc36_channel                 |       and|   0|  0|   2|           1|           1|
    |ap_channel_done_p_loc37_channel                 |       and|   0|  0|   2|           1|           1|
    |ap_channel_done_p_loc38_channel                 |       and|   0|  0|   2|           1|           1|
    |ap_channel_done_p_loc39_channel                 |       and|   0|  0|   2|           1|           1|
    |ap_channel_done_p_loc40_channel                 |       and|   0|  0|   2|           1|           1|
    |ap_channel_done_p_loc41_channel                 |       and|   0|  0|   2|           1|           1|
    |ap_channel_done_p_loc42_channel                 |       and|   0|  0|   2|           1|           1|
    |ap_channel_done_p_loc43_channel                 |       and|   0|  0|   2|           1|           1|
    |ap_channel_done_p_loc44_channel                 |       and|   0|  0|   2|           1|           1|
    |ap_channel_done_p_loc45_channel                 |       and|   0|  0|   2|           1|           1|
    |ap_channel_done_p_loc46_channel                 |       and|   0|  0|   2|           1|           1|
    |ap_channel_done_p_loc47_channel                 |       and|   0|  0|   2|           1|           1|
    |ap_channel_done_p_loc48_channel                 |       and|   0|  0|   2|           1|           1|
    |ap_channel_done_p_loc49_channel                 |       and|   0|  0|   2|           1|           1|
    |ap_channel_done_p_loc50_channel                 |       and|   0|  0|   2|           1|           1|
    |ap_channel_done_p_loc51_channel                 |       and|   0|  0|   2|           1|           1|
    |ap_channel_done_p_loc52_channel                 |       and|   0|  0|   2|           1|           1|
    |ap_channel_done_p_loc53_channel                 |       and|   0|  0|   2|           1|           1|
    |ap_channel_done_p_loc54_channel                 |       and|   0|  0|   2|           1|           1|
    |ap_channel_done_p_loc55_channel                 |       and|   0|  0|   2|           1|           1|
    |ap_channel_done_p_loc56_channel                 |       and|   0|  0|   2|           1|           1|
    |ap_channel_done_p_loc57_channel                 |       and|   0|  0|   2|           1|           1|
    |ap_channel_done_p_loc58_channel                 |       and|   0|  0|   2|           1|           1|
    |ap_channel_done_p_loc59_channel                 |       and|   0|  0|   2|           1|           1|
    |ap_channel_done_p_loc60_channel                 |       and|   0|  0|   2|           1|           1|
    |ap_channel_done_p_loc61_channel                 |       and|   0|  0|   2|           1|           1|
    |ap_channel_done_p_loc62_channel                 |       and|   0|  0|   2|           1|           1|
    |ap_channel_done_p_loc63_channel                 |       and|   0|  0|   2|           1|           1|
    |ap_channel_done_p_loc64_channel                 |       and|   0|  0|   2|           1|           1|
    |ap_channel_done_p_loc65_channel                 |       and|   0|  0|   2|           1|           1|
    |ap_channel_done_p_loc_channel                   |       and|   0|  0|   2|           1|           1|
    |ap_idle                                         |       and|   0|  0|   2|           1|           1|
    |ap_sync_ready                                   |       and|   0|  0|   2|           1|           1|
    |entry_proc_U0_ap_start                          |       and|   0|  0|   2|           1|           1|
    |ap_sync_Block_VITIS_LOOP_57_3_proc_U0_ap_ready  |        or|   0|  0|   2|           1|           1|
    |ap_sync_Loop_VITIS_LOOP_47_1_proc2_U0_ap_ready  |        or|   0|  0|   2|           1|           1|
    |ap_sync_Loop_VITIS_LOOP_57_3_proc_U0_ap_ready   |        or|   0|  0|   2|           1|           1|
    |ap_sync_channel_write_p_loc36_channel           |        or|   0|  0|   2|           1|           1|
    |ap_sync_channel_write_p_loc37_channel           |        or|   0|  0|   2|           1|           1|
    |ap_sync_channel_write_p_loc38_channel           |        or|   0|  0|   2|           1|           1|
    |ap_sync_channel_write_p_loc39_channel           |        or|   0|  0|   2|           1|           1|
    |ap_sync_channel_write_p_loc40_channel           |        or|   0|  0|   2|           1|           1|
    |ap_sync_channel_write_p_loc41_channel           |        or|   0|  0|   2|           1|           1|
    |ap_sync_channel_write_p_loc42_channel           |        or|   0|  0|   2|           1|           1|
    |ap_sync_channel_write_p_loc43_channel           |        or|   0|  0|   2|           1|           1|
    |ap_sync_channel_write_p_loc44_channel           |        or|   0|  0|   2|           1|           1|
    |ap_sync_channel_write_p_loc45_channel           |        or|   0|  0|   2|           1|           1|
    |ap_sync_channel_write_p_loc46_channel           |        or|   0|  0|   2|           1|           1|
    |ap_sync_channel_write_p_loc47_channel           |        or|   0|  0|   2|           1|           1|
    |ap_sync_channel_write_p_loc48_channel           |        or|   0|  0|   2|           1|           1|
    |ap_sync_channel_write_p_loc49_channel           |        or|   0|  0|   2|           1|           1|
    |ap_sync_channel_write_p_loc50_channel           |        or|   0|  0|   2|           1|           1|
    |ap_sync_channel_write_p_loc51_channel           |        or|   0|  0|   2|           1|           1|
    |ap_sync_channel_write_p_loc52_channel           |        or|   0|  0|   2|           1|           1|
    |ap_sync_channel_write_p_loc53_channel           |        or|   0|  0|   2|           1|           1|
    |ap_sync_channel_write_p_loc54_channel           |        or|   0|  0|   2|           1|           1|
    |ap_sync_channel_write_p_loc55_channel           |        or|   0|  0|   2|           1|           1|
    |ap_sync_channel_write_p_loc56_channel           |        or|   0|  0|   2|           1|           1|
    |ap_sync_channel_write_p_loc57_channel           |        or|   0|  0|   2|           1|           1|
    |ap_sync_channel_write_p_loc58_channel           |        or|   0|  0|   2|           1|           1|
    |ap_sync_channel_write_p_loc59_channel           |        or|   0|  0|   2|           1|           1|
    |ap_sync_channel_write_p_loc60_channel           |        or|   0|  0|   2|           1|           1|
    |ap_sync_channel_write_p_loc61_channel           |        or|   0|  0|   2|           1|           1|
    |ap_sync_channel_write_p_loc62_channel           |        or|   0|  0|   2|           1|           1|
    |ap_sync_channel_write_p_loc63_channel           |        or|   0|  0|   2|           1|           1|
    |ap_sync_channel_write_p_loc64_channel           |        or|   0|  0|   2|           1|           1|
    |ap_sync_channel_write_p_loc65_channel           |        or|   0|  0|   2|           1|           1|
    |ap_sync_channel_write_p_loc_channel             |        or|   0|  0|   2|           1|           1|
    |ap_sync_entry_proc_U0_ap_ready                  |        or|   0|  0|   2|           1|           1|
    +------------------------------------------------+----------+----+---+----+------------+------------+
    |Total                                           |          |   0|  0| 146|          73|          73|
    +------------------------------------------------+----------+----+---+----+------------+------------+

    * Multiplexer: 
    +----------------------------------------------------+----+-----------+-----+-----------+
    |                        Name                        | LUT| Input Size| Bits| Total Bits|
    +----------------------------------------------------+----+-----------+-----+-----------+
    |ap_sync_reg_Block_VITIS_LOOP_57_3_proc_U0_ap_ready  |   9|          2|    1|          2|
    |ap_sync_reg_Loop_VITIS_LOOP_47_1_proc2_U0_ap_ready  |   9|          2|    1|          2|
    |ap_sync_reg_Loop_VITIS_LOOP_57_3_proc_U0_ap_ready   |   9|          2|    1|          2|
    |ap_sync_reg_channel_write_p_loc36_channel           |   9|          2|    1|          2|
    |ap_sync_reg_channel_write_p_loc37_channel           |   9|          2|    1|          2|
    |ap_sync_reg_channel_write_p_loc38_channel           |   9|          2|    1|          2|
    |ap_sync_reg_channel_write_p_loc39_channel           |   9|          2|    1|          2|
    |ap_sync_reg_channel_write_p_loc40_channel           |   9|          2|    1|          2|
    |ap_sync_reg_channel_write_p_loc41_channel           |   9|          2|    1|          2|
    |ap_sync_reg_channel_write_p_loc42_channel           |   9|          2|    1|          2|
    |ap_sync_reg_channel_write_p_loc43_channel           |   9|          2|    1|          2|
    |ap_sync_reg_channel_write_p_loc44_channel           |   9|          2|    1|          2|
    |ap_sync_reg_channel_write_p_loc45_channel           |   9|          2|    1|          2|
    |ap_sync_reg_channel_write_p_loc46_channel           |   9|          2|    1|          2|
    |ap_sync_reg_channel_write_p_loc47_channel           |   9|          2|    1|          2|
    |ap_sync_reg_channel_write_p_loc48_channel           |   9|          2|    1|          2|
    |ap_sync_reg_channel_write_p_loc49_channel           |   9|          2|    1|          2|
    |ap_sync_reg_channel_write_p_loc50_channel           |   9|          2|    1|          2|
    |ap_sync_reg_channel_write_p_loc51_channel           |   9|          2|    1|          2|
    |ap_sync_reg_channel_write_p_loc52_channel           |   9|          2|    1|          2|
    |ap_sync_reg_channel_write_p_loc53_channel           |   9|          2|    1|          2|
    |ap_sync_reg_channel_write_p_loc54_channel           |   9|          2|    1|          2|
    |ap_sync_reg_channel_write_p_loc55_channel           |   9|          2|    1|          2|
    |ap_sync_reg_channel_write_p_loc56_channel           |   9|          2|    1|          2|
    |ap_sync_reg_channel_write_p_loc57_channel           |   9|          2|    1|          2|
    |ap_sync_reg_channel_write_p_loc58_channel           |   9|          2|    1|          2|
    |ap_sync_reg_channel_write_p_loc59_channel           |   9|          2|    1|          2|
    |ap_sync_reg_channel_write_p_loc60_channel           |   9|          2|    1|          2|
    |ap_sync_reg_channel_write_p_loc61_channel           |   9|          2|    1|          2|
    |ap_sync_reg_channel_write_p_loc62_channel           |   9|          2|    1|          2|
    |ap_sync_reg_channel_write_p_loc63_channel           |   9|          2|    1|          2|
    |ap_sync_reg_channel_write_p_loc64_channel           |   9|          2|    1|          2|
    |ap_sync_reg_channel_write_p_loc65_channel           |   9|          2|    1|          2|
    |ap_sync_reg_channel_write_p_loc_channel             |   9|          2|    1|          2|
    |ap_sync_reg_entry_proc_U0_ap_ready                  |   9|          2|    1|          2|
    +----------------------------------------------------+----+-----------+-----+-----------+
    |Total                                               | 315|         70|   35|         70|
    +----------------------------------------------------+----+-----------+-----+-----------+

    * Register: 
    +----------------------------------------------------+---+----+-----+-----------+
    |                        Name                        | FF| LUT| Bits| Const Bits|
    +----------------------------------------------------+---+----+-----+-----------+
    |ap_sync_reg_Block_VITIS_LOOP_57_3_proc_U0_ap_ready  |  1|   0|    1|          0|
    |ap_sync_reg_Loop_VITIS_LOOP_47_1_proc2_U0_ap_ready  |  1|   0|    1|          0|
    |ap_sync_reg_Loop_VITIS_LOOP_57_3_proc_U0_ap_ready   |  1|   0|    1|          0|
    |ap_sync_reg_channel_write_p_loc36_channel           |  1|   0|    1|          0|
    |ap_sync_reg_channel_write_p_loc37_channel           |  1|   0|    1|          0|
    |ap_sync_reg_channel_write_p_loc38_channel           |  1|   0|    1|          0|
    |ap_sync_reg_channel_write_p_loc39_channel           |  1|   0|    1|          0|
    |ap_sync_reg_channel_write_p_loc40_channel           |  1|   0|    1|          0|
    |ap_sync_reg_channel_write_p_loc41_channel           |  1|   0|    1|          0|
    |ap_sync_reg_channel_write_p_loc42_channel           |  1|   0|    1|          0|
    |ap_sync_reg_channel_write_p_loc43_channel           |  1|   0|    1|          0|
    |ap_sync_reg_channel_write_p_loc44_channel           |  1|   0|    1|          0|
    |ap_sync_reg_channel_write_p_loc45_channel           |  1|   0|    1|          0|
    |ap_sync_reg_channel_write_p_loc46_channel           |  1|   0|    1|          0|
    |ap_sync_reg_channel_write_p_loc47_channel           |  1|   0|    1|          0|
    |ap_sync_reg_channel_write_p_loc48_channel           |  1|   0|    1|          0|
    |ap_sync_reg_channel_write_p_loc49_channel           |  1|   0|    1|          0|
    |ap_sync_reg_channel_write_p_loc50_channel           |  1|   0|    1|          0|
    |ap_sync_reg_channel_write_p_loc51_channel           |  1|   0|    1|          0|
    |ap_sync_reg_channel_write_p_loc52_channel           |  1|   0|    1|          0|
    |ap_sync_reg_channel_write_p_loc53_channel           |  1|   0|    1|          0|
    |ap_sync_reg_channel_write_p_loc54_channel           |  1|   0|    1|          0|
    |ap_sync_reg_channel_write_p_loc55_channel           |  1|   0|    1|          0|
    |ap_sync_reg_channel_write_p_loc56_channel           |  1|   0|    1|          0|
    |ap_sync_reg_channel_write_p_loc57_channel           |  1|   0|    1|          0|
    |ap_sync_reg_channel_write_p_loc58_channel           |  1|   0|    1|          0|
    |ap_sync_reg_channel_write_p_loc59_channel           |  1|   0|    1|          0|
    |ap_sync_reg_channel_write_p_loc60_channel           |  1|   0|    1|          0|
    |ap_sync_reg_channel_write_p_loc61_channel           |  1|   0|    1|          0|
    |ap_sync_reg_channel_write_p_loc62_channel           |  1|   0|    1|          0|
    |ap_sync_reg_channel_write_p_loc63_channel           |  1|   0|    1|          0|
    |ap_sync_reg_channel_write_p_loc64_channel           |  1|   0|    1|          0|
    |ap_sync_reg_channel_write_p_loc65_channel           |  1|   0|    1|          0|
    |ap_sync_reg_channel_write_p_loc_channel             |  1|   0|    1|          0|
    |ap_sync_reg_entry_proc_U0_ap_ready                  |  1|   0|    1|          0|
    +----------------------------------------------------+---+----+-----+-----------+
    |Total                                               | 35|   0|   35|          0|
    +----------------------------------------------------+---+----+-----+-----------+



================================================================
== Interface
================================================================
* Summary: 
+-----------------------+-----+-----+------------+-----------------------+--------------+
|       RTL Ports       | Dir | Bits|  Protocol  |     Source Object     |    C Type    |
+-----------------------+-----+-----+------------+-----------------------+--------------+
|s_axi_control_AWVALID  |   in|    1|       s_axi|                control|        scalar|
|s_axi_control_AWREADY  |  out|    1|       s_axi|                control|        scalar|
|s_axi_control_AWADDR   |   in|    6|       s_axi|                control|        scalar|
|s_axi_control_WVALID   |   in|    1|       s_axi|                control|        scalar|
|s_axi_control_WREADY   |  out|    1|       s_axi|                control|        scalar|
|s_axi_control_WDATA    |   in|   32|       s_axi|                control|        scalar|
|s_axi_control_WSTRB    |   in|    4|       s_axi|                control|        scalar|
|s_axi_control_ARVALID  |   in|    1|       s_axi|                control|        scalar|
|s_axi_control_ARREADY  |  out|    1|       s_axi|                control|        scalar|
|s_axi_control_ARADDR   |   in|    6|       s_axi|                control|        scalar|
|s_axi_control_RVALID   |  out|    1|       s_axi|                control|        scalar|
|s_axi_control_RREADY   |   in|    1|       s_axi|                control|        scalar|
|s_axi_control_RDATA    |  out|   32|       s_axi|                control|        scalar|
|s_axi_control_RRESP    |  out|    2|       s_axi|                control|        scalar|
|s_axi_control_BVALID   |  out|    1|       s_axi|                control|        scalar|
|s_axi_control_BREADY   |   in|    1|       s_axi|                control|        scalar|
|s_axi_control_BRESP    |  out|    2|       s_axi|                control|        scalar|
|ap_clk                 |   in|    1|  ap_ctrl_hs|  matrix_multiply_32x32|  return value|
|ap_rst_n               |   in|    1|  ap_ctrl_hs|  matrix_multiply_32x32|  return value|
|interrupt              |  out|    1|  ap_ctrl_hs|  matrix_multiply_32x32|  return value|
|m_axi_gmem_a_AWVALID   |  out|    1|       m_axi|                 gmem_a|       pointer|
|m_axi_gmem_a_AWREADY   |   in|    1|       m_axi|                 gmem_a|       pointer|
|m_axi_gmem_a_AWADDR    |  out|   64|       m_axi|                 gmem_a|       pointer|
|m_axi_gmem_a_AWID      |  out|    1|       m_axi|                 gmem_a|       pointer|
|m_axi_gmem_a_AWLEN     |  out|    8|       m_axi|                 gmem_a|       pointer|
|m_axi_gmem_a_AWSIZE    |  out|    3|       m_axi|                 gmem_a|       pointer|
|m_axi_gmem_a_AWBURST   |  out|    2|       m_axi|                 gmem_a|       pointer|
|m_axi_gmem_a_AWLOCK    |  out|    2|       m_axi|                 gmem_a|       pointer|
|m_axi_gmem_a_AWCACHE   |  out|    4|       m_axi|                 gmem_a|       pointer|
|m_axi_gmem_a_AWPROT    |  out|    3|       m_axi|                 gmem_a|       pointer|
|m_axi_gmem_a_AWQOS     |  out|    4|       m_axi|                 gmem_a|       pointer|
|m_axi_gmem_a_AWREGION  |  out|    4|       m_axi|                 gmem_a|       pointer|
|m_axi_gmem_a_AWUSER    |  out|    1|       m_axi|                 gmem_a|       pointer|
|m_axi_gmem_a_WVALID    |  out|    1|       m_axi|                 gmem_a|       pointer|
|m_axi_gmem_a_WREADY    |   in|    1|       m_axi|                 gmem_a|       pointer|
|m_axi_gmem_a_WDATA     |  out|   32|       m_axi|                 gmem_a|       pointer|
|m_axi_gmem_a_WSTRB     |  out|    4|       m_axi|                 gmem_a|       pointer|
|m_axi_gmem_a_WLAST     |  out|    1|       m_axi|                 gmem_a|       pointer|
|m_axi_gmem_a_WID       |  out|    1|       m_axi|                 gmem_a|       pointer|
|m_axi_gmem_a_WUSER     |  out|    1|       m_axi|                 gmem_a|       pointer|
|m_axi_gmem_a_ARVALID   |  out|    1|       m_axi|                 gmem_a|       pointer|
|m_axi_gmem_a_ARREADY   |   in|    1|       m_axi|                 gmem_a|       pointer|
|m_axi_gmem_a_ARADDR    |  out|   64|       m_axi|                 gmem_a|       pointer|
|m_axi_gmem_a_ARID      |  out|    1|       m_axi|                 gmem_a|       pointer|
|m_axi_gmem_a_ARLEN     |  out|    8|       m_axi|                 gmem_a|       pointer|
|m_axi_gmem_a_ARSIZE    |  out|    3|       m_axi|                 gmem_a|       pointer|
|m_axi_gmem_a_ARBURST   |  out|    2|       m_axi|                 gmem_a|       pointer|
|m_axi_gmem_a_ARLOCK    |  out|    2|       m_axi|                 gmem_a|       pointer|
|m_axi_gmem_a_ARCACHE   |  out|    4|       m_axi|                 gmem_a|       pointer|
|m_axi_gmem_a_ARPROT    |  out|    3|       m_axi|                 gmem_a|       pointer|
|m_axi_gmem_a_ARQOS     |  out|    4|       m_axi|                 gmem_a|       pointer|
|m_axi_gmem_a_ARREGION  |  out|    4|       m_axi|                 gmem_a|       pointer|
|m_axi_gmem_a_ARUSER    |  out|    1|       m_axi|                 gmem_a|       pointer|
|m_axi_gmem_a_RVALID    |   in|    1|       m_axi|                 gmem_a|       pointer|
|m_axi_gmem_a_RREADY    |  out|    1|       m_axi|                 gmem_a|       pointer|
|m_axi_gmem_a_RDATA     |   in|   32|       m_axi|                 gmem_a|       pointer|
|m_axi_gmem_a_RLAST     |   in|    1|       m_axi|                 gmem_a|       pointer|
|m_axi_gmem_a_RID       |   in|    1|       m_axi|                 gmem_a|       pointer|
|m_axi_gmem_a_RUSER     |   in|    1|       m_axi|                 gmem_a|       pointer|
|m_axi_gmem_a_RRESP     |   in|    2|       m_axi|                 gmem_a|       pointer|
|m_axi_gmem_a_BVALID    |   in|    1|       m_axi|                 gmem_a|       pointer|
|m_axi_gmem_a_BREADY    |  out|    1|       m_axi|                 gmem_a|       pointer|
|m_axi_gmem_a_BRESP     |   in|    2|       m_axi|                 gmem_a|       pointer|
|m_axi_gmem_a_BID       |   in|    1|       m_axi|                 gmem_a|       pointer|
|m_axi_gmem_a_BUSER     |   in|    1|       m_axi|                 gmem_a|       pointer|
|m_axi_gmem_b_AWVALID   |  out|    1|       m_axi|                 gmem_b|       pointer|
|m_axi_gmem_b_AWREADY   |   in|    1|       m_axi|                 gmem_b|       pointer|
|m_axi_gmem_b_AWADDR    |  out|   64|       m_axi|                 gmem_b|       pointer|
|m_axi_gmem_b_AWID      |  out|    1|       m_axi|                 gmem_b|       pointer|
|m_axi_gmem_b_AWLEN     |  out|    8|       m_axi|                 gmem_b|       pointer|
|m_axi_gmem_b_AWSIZE    |  out|    3|       m_axi|                 gmem_b|       pointer|
|m_axi_gmem_b_AWBURST   |  out|    2|       m_axi|                 gmem_b|       pointer|
|m_axi_gmem_b_AWLOCK    |  out|    2|       m_axi|                 gmem_b|       pointer|
|m_axi_gmem_b_AWCACHE   |  out|    4|       m_axi|                 gmem_b|       pointer|
|m_axi_gmem_b_AWPROT    |  out|    3|       m_axi|                 gmem_b|       pointer|
|m_axi_gmem_b_AWQOS     |  out|    4|       m_axi|                 gmem_b|       pointer|
|m_axi_gmem_b_AWREGION  |  out|    4|       m_axi|                 gmem_b|       pointer|
|m_axi_gmem_b_AWUSER    |  out|    1|       m_axi|                 gmem_b|       pointer|
|m_axi_gmem_b_WVALID    |  out|    1|       m_axi|                 gmem_b|       pointer|
|m_axi_gmem_b_WREADY    |   in|    1|       m_axi|                 gmem_b|       pointer|
|m_axi_gmem_b_WDATA     |  out|   32|       m_axi|                 gmem_b|       pointer|
|m_axi_gmem_b_WSTRB     |  out|    4|       m_axi|                 gmem_b|       pointer|
|m_axi_gmem_b_WLAST     |  out|    1|       m_axi|                 gmem_b|       pointer|
|m_axi_gmem_b_WID       |  out|    1|       m_axi|                 gmem_b|       pointer|
|m_axi_gmem_b_WUSER     |  out|    1|       m_axi|                 gmem_b|       pointer|
|m_axi_gmem_b_ARVALID   |  out|    1|       m_axi|                 gmem_b|       pointer|
|m_axi_gmem_b_ARREADY   |   in|    1|       m_axi|                 gmem_b|       pointer|
|m_axi_gmem_b_ARADDR    |  out|   64|       m_axi|                 gmem_b|       pointer|
|m_axi_gmem_b_ARID      |  out|    1|       m_axi|                 gmem_b|       pointer|
|m_axi_gmem_b_ARLEN     |  out|    8|       m_axi|                 gmem_b|       pointer|
|m_axi_gmem_b_ARSIZE    |  out|    3|       m_axi|                 gmem_b|       pointer|
|m_axi_gmem_b_ARBURST   |  out|    2|       m_axi|                 gmem_b|       pointer|
|m_axi_gmem_b_ARLOCK    |  out|    2|       m_axi|                 gmem_b|       pointer|
|m_axi_gmem_b_ARCACHE   |  out|    4|       m_axi|                 gmem_b|       pointer|
|m_axi_gmem_b_ARPROT    |  out|    3|       m_axi|                 gmem_b|       pointer|
|m_axi_gmem_b_ARQOS     |  out|    4|       m_axi|                 gmem_b|       pointer|
|m_axi_gmem_b_ARREGION  |  out|    4|       m_axi|                 gmem_b|       pointer|
|m_axi_gmem_b_ARUSER    |  out|    1|       m_axi|                 gmem_b|       pointer|
|m_axi_gmem_b_RVALID    |   in|    1|       m_axi|                 gmem_b|       pointer|
|m_axi_gmem_b_RREADY    |  out|    1|       m_axi|                 gmem_b|       pointer|
|m_axi_gmem_b_RDATA     |   in|   32|       m_axi|                 gmem_b|       pointer|
|m_axi_gmem_b_RLAST     |   in|    1|       m_axi|                 gmem_b|       pointer|
|m_axi_gmem_b_RID       |   in|    1|       m_axi|                 gmem_b|       pointer|
|m_axi_gmem_b_RUSER     |   in|    1|       m_axi|                 gmem_b|       pointer|
|m_axi_gmem_b_RRESP     |   in|    2|       m_axi|                 gmem_b|       pointer|
|m_axi_gmem_b_BVALID    |   in|    1|       m_axi|                 gmem_b|       pointer|
|m_axi_gmem_b_BREADY    |  out|    1|       m_axi|                 gmem_b|       pointer|
|m_axi_gmem_b_BRESP     |   in|    2|       m_axi|                 gmem_b|       pointer|
|m_axi_gmem_b_BID       |   in|    1|       m_axi|                 gmem_b|       pointer|
|m_axi_gmem_b_BUSER     |   in|    1|       m_axi|                 gmem_b|       pointer|
|m_axi_gmem_c_AWVALID   |  out|    1|       m_axi|                 gmem_c|       pointer|
|m_axi_gmem_c_AWREADY   |   in|    1|       m_axi|                 gmem_c|       pointer|
|m_axi_gmem_c_AWADDR    |  out|   64|       m_axi|                 gmem_c|       pointer|
|m_axi_gmem_c_AWID      |  out|    1|       m_axi|                 gmem_c|       pointer|
|m_axi_gmem_c_AWLEN     |  out|    8|       m_axi|                 gmem_c|       pointer|
|m_axi_gmem_c_AWSIZE    |  out|    3|       m_axi|                 gmem_c|       pointer|
|m_axi_gmem_c_AWBURST   |  out|    2|       m_axi|                 gmem_c|       pointer|
|m_axi_gmem_c_AWLOCK    |  out|    2|       m_axi|                 gmem_c|       pointer|
|m_axi_gmem_c_AWCACHE   |  out|    4|       m_axi|                 gmem_c|       pointer|
|m_axi_gmem_c_AWPROT    |  out|    3|       m_axi|                 gmem_c|       pointer|
|m_axi_gmem_c_AWQOS     |  out|    4|       m_axi|                 gmem_c|       pointer|
|m_axi_gmem_c_AWREGION  |  out|    4|       m_axi|                 gmem_c|       pointer|
|m_axi_gmem_c_AWUSER    |  out|    1|       m_axi|                 gmem_c|       pointer|
|m_axi_gmem_c_WVALID    |  out|    1|       m_axi|                 gmem_c|       pointer|
|m_axi_gmem_c_WREADY    |   in|    1|       m_axi|                 gmem_c|       pointer|
|m_axi_gmem_c_WDATA     |  out|   32|       m_axi|                 gmem_c|       pointer|
|m_axi_gmem_c_WSTRB     |  out|    4|       m_axi|                 gmem_c|       pointer|
|m_axi_gmem_c_WLAST     |  out|    1|       m_axi|                 gmem_c|       pointer|
|m_axi_gmem_c_WID       |  out|    1|       m_axi|                 gmem_c|       pointer|
|m_axi_gmem_c_WUSER     |  out|    1|       m_axi|                 gmem_c|       pointer|
|m_axi_gmem_c_ARVALID   |  out|    1|       m_axi|                 gmem_c|       pointer|
|m_axi_gmem_c_ARREADY   |   in|    1|       m_axi|                 gmem_c|       pointer|
|m_axi_gmem_c_ARADDR    |  out|   64|       m_axi|                 gmem_c|       pointer|
|m_axi_gmem_c_ARID      |  out|    1|       m_axi|                 gmem_c|       pointer|
|m_axi_gmem_c_ARLEN     |  out|    8|       m_axi|                 gmem_c|       pointer|
|m_axi_gmem_c_ARSIZE    |  out|    3|       m_axi|                 gmem_c|       pointer|
|m_axi_gmem_c_ARBURST   |  out|    2|       m_axi|                 gmem_c|       pointer|
|m_axi_gmem_c_ARLOCK    |  out|    2|       m_axi|                 gmem_c|       pointer|
|m_axi_gmem_c_ARCACHE   |  out|    4|       m_axi|                 gmem_c|       pointer|
|m_axi_gmem_c_ARPROT    |  out|    3|       m_axi|                 gmem_c|       pointer|
|m_axi_gmem_c_ARQOS     |  out|    4|       m_axi|                 gmem_c|       pointer|
|m_axi_gmem_c_ARREGION  |  out|    4|       m_axi|                 gmem_c|       pointer|
|m_axi_gmem_c_ARUSER    |  out|    1|       m_axi|                 gmem_c|       pointer|
|m_axi_gmem_c_RVALID    |   in|    1|       m_axi|                 gmem_c|       pointer|
|m_axi_gmem_c_RREADY    |  out|    1|       m_axi|                 gmem_c|       pointer|
|m_axi_gmem_c_RDATA     |   in|   32|       m_axi|                 gmem_c|       pointer|
|m_axi_gmem_c_RLAST     |   in|    1|       m_axi|                 gmem_c|       pointer|
|m_axi_gmem_c_RID       |   in|    1|       m_axi|                 gmem_c|       pointer|
|m_axi_gmem_c_RUSER     |   in|    1|       m_axi|                 gmem_c|       pointer|
|m_axi_gmem_c_RRESP     |   in|    2|       m_axi|                 gmem_c|       pointer|
|m_axi_gmem_c_BVALID    |   in|    1|       m_axi|                 gmem_c|       pointer|
|m_axi_gmem_c_BREADY    |  out|    1|       m_axi|                 gmem_c|       pointer|
|m_axi_gmem_c_BRESP     |   in|    2|       m_axi|                 gmem_c|       pointer|
|m_axi_gmem_c_BID       |   in|    1|       m_axi|                 gmem_c|       pointer|
|m_axi_gmem_c_BUSER     |   in|    1|       m_axi|                 gmem_c|       pointer|
+-----------------------+-----+-----+------------+-----------------------+--------------+

